#
# There is insufficient memory for the Java Runtime Environment to continue.
# Native memory allocation (malloc) failed to allocate 32784 bytes for Chunk::new
# Possible reasons:
#   The system is out of physical RAM or swap space
#   In 32 bit mode, the process size limit was hit
# Possible solutions:
#   Reduce memory load on the system
#   Increase physical memory or swap space
#   Check if swap backing store is full
#   Use 64 bit Java on a 64 bit OS
#   Decrease Java heap size (-Xmx/-Xms)
#   Decrease number of Java threads
#   Decrease Java thread stack sizes (-Xss)
#   Set larger code cache with -XX:ReservedCodeCacheSize=
# This output file may be truncated or incomplete.
#
#  Out of Memory Error (allocation.cpp:390), pid=2592, tid=1940
#
# JRE version: Java(TM) SE Runtime Environment (8.0_72-b15) (build 1.8.0_72-b15)
# Java VM: Java HotSpot(TM) 64-Bit Server VM (25.72-b15 mixed mode windows-amd64 compressed oops)
# Failed to write core dump. Minidumps are not enabled by default on client versions of Windows
#

---------------  T H R E A D  ---------------

Current thread (0x0000000016d59800):  JavaThread "C2 CompilerThread0" daemon [_thread_in_native, id=1940, stack(0x0000000017520000,0x0000000017620000)]

Stack: [0x0000000017520000,0x0000000017620000]
[error occurred during error reporting (printing stack bounds), id 0xc0000005]

Native frames: (J=compiled Java code, j=interpreted, Vv=VM code, C=native code)


Current CompileTask:
C2:   1761 1111       4       com.android.dx.ssa.SsaMethod::deleteInsns (239 bytes)


---------------  P R O C E S S  ---------------

Java Threads: ( => current thread )
  0x0000000017c15000 JavaThread "pool-1-thread-4" [_thread_blocked, id=9036, stack(0x00000000196f0000,0x00000000197f0000)]
  0x0000000017e47000 JavaThread "pool-1-thread-3" [_thread_in_Java, id=4912, stack(0x00000000195f0000,0x00000000196f0000)]
  0x0000000018190000 JavaThread "pool-1-thread-2" [_thread_blocked, id=13264, stack(0x00000000194f0000,0x00000000195f0000)]
  0x0000000017ce5000 JavaThread "pool-2-thread-1" [_thread_blocked, id=11428, stack(0x00000000193f0000,0x00000000194f0000)]
  0x000000001830c000 JavaThread "pool-1-thread-1" [_thread_blocked, id=1192, stack(0x00000000192f0000,0x00000000193f0000)]
  0x0000000016e04800 JavaThread "Service Thread" daemon [_thread_blocked, id=5308, stack(0x0000000017920000,0x0000000017a20000)]
  0x0000000016d66800 JavaThread "C1 CompilerThread3" daemon [_thread_blocked, id=7840, stack(0x0000000017820000,0x0000000017920000)]
  0x0000000016d5f800 JavaThread "C2 CompilerThread2" daemon [_thread_in_native, id=8056, stack(0x0000000017720000,0x0000000017820000)]
  0x0000000016d5c800 JavaThread "C2 CompilerThread1" daemon [_thread_in_native, id=8920, stack(0x0000000017620000,0x0000000017720000)]
=>0x0000000016d59800 JavaThread "C2 CompilerThread0" daemon [_thread_in_native, id=1940, stack(0x0000000017520000,0x0000000017620000)]
  0x0000000016d57800 JavaThread "Attach Listener" daemon [_thread_blocked, id=11156, stack(0x0000000017420000,0x0000000017520000)]
  0x0000000016d56000 JavaThread "Signal Dispatcher" daemon [_thread_blocked, id=3228, stack(0x0000000017320000,0x0000000017420000)]
  0x000000000231e000 JavaThread "Finalizer" daemon [_thread_blocked, id=1020, stack(0x0000000017130000,0x0000000017230000)]
  0x0000000002315000 JavaThread "Reference Handler" daemon [_thread_blocked, id=14300, stack(0x0000000016c30000,0x0000000016d30000)]
  0x000000000201d800 JavaThread "main" [_thread_in_native, id=5416, stack(0x0000000002120000,0x0000000002220000)]

Other Threads:
  0x0000000014e59000 VMThread [stack: 0x0000000016b30000,0x0000000016c30000] [id=4420]
  0x0000000016e17000 WatcherThread [stack: 0x0000000017a20000,0x0000000017b20000] [id=5976]

VM state:not at safepoint (normal execution)

VM Mutex/Monitor currently owned by a thread: None

Heap:
 PSYoungGen      total 36864K, used 18696K [0x00000000eab00000, 0x00000000ef300000, 0x0000000100000000)
  eden space 31744K, 47% used [0x00000000eab00000,0x00000000eb9a19e8,0x00000000eca00000)
  from space 5120K, 72% used [0x00000000eca00000,0x00000000ecda06a0,0x00000000ecf00000)
  to   space 5120K, 0% used [0x00000000eee00000,0x00000000eee00000,0x00000000ef300000)
 ParOldGen       total 84992K, used 0K [0x00000000c0000000, 0x00000000c5300000, 0x00000000eab00000)
  object space 84992K, 0% used [0x00000000c0000000,0x00000000c0000000,0x00000000c5300000)
 Metaspace       used 5908K, capacity 6832K, committed 7040K, reserved 1056768K
  class space    used 598K, capacity 616K, committed 640K, reserved 1048576K

Card table byte_map: [0x00000000116e0000,0x00000000118f0000] byte_map_base: 0x00000000110e0000

Marking Bits: (ParMarkBitMap*) 0x0000000062e40600
 Begin Bits: [0x0000000012250000, 0x0000000013250000)
 End Bits:   [0x0000000013250000, 0x0000000014250000)

Polling page: 0x0000000001fe0000

CodeCache: size=245760Kb used=4318Kb max_used=4318Kb free=241441Kb
 bounds [0x0000000002320000, 0x0000000002760000, 0x0000000011320000]
 total_blobs=1378 nmethods=1108 adapters=182
 compilation: disabled (not enough contiguous free space left)

Compilation events (10 events):
Event: 1.746 Thread 0x0000000016d66800 1126       3       com.android.dx.ssa.MoveParamCombiner$1::visitPhiInsn (1 bytes)
Event: 1.746 Thread 0x0000000016d66800 nmethod 1126 0x0000000002749c10 code [0x0000000002749d60, 0x0000000002749eb0]
Event: 1.746 Thread 0x0000000016d66800 1125  s    3       com.android.dx.dex.file.MethodIdsSection::intern (55 bytes)
Event: 1.747 Thread 0x0000000016d66800 nmethod 1125 0x0000000002753350 code [0x0000000002753580, 0x00000000027542a8]
Event: 1.747 Thread 0x0000000016d66800 1123       3       java.util.Vector::<init> (49 bytes)
Event: 1.748 Thread 0x0000000016d66800 nmethod 1123 0x0000000002748b90 code [0x0000000002748d80, 0x0000000002749778]
Event: 1.748 Thread 0x0000000016d66800 1124       3       java.util.TreeMap::<init> (20 bytes)
Event: 1.748 Thread 0x0000000016d66800 nmethod 1124 0x00000000027549d0 code [0x0000000002754b40, 0x0000000002754d70]
Event: 1.748 Thread 0x0000000016d66800 1104       1       com.android.dx.rop.code.Rop::getSources (5 bytes)
Event: 1.748 Thread 0x0000000016d66800 nmethod 1104 0x0000000002754e50 code [0x0000000002754fa0, 0x00000000027550b0]

GC Heap History (2 events):
Event: 0.968 GC heap before
{Heap before GC invocations=1 (full 0):
 PSYoungGen      total 36864K, used 31744K [0x00000000eab00000, 0x00000000ed400000, 0x0000000100000000)
  eden space 31744K, 100% used [0x00000000eab00000,0x00000000eca00000,0x00000000eca00000)
  from space 5120K, 0% used [0x00000000ecf00000,0x00000000ecf00000,0x00000000ed400000)
  to   space 5120K, 0% used [0x00000000eca00000,0x00000000eca00000,0x00000000ecf00000)
 ParOldGen       total 84992K, used 0K [0x00000000c0000000, 0x00000000c5300000, 0x00000000eab00000)
  object space 84992K, 0% used [0x00000000c0000000,0x00000000c0000000,0x00000000c5300000)
 Metaspace       used 5643K, capacity 6576K, committed 6784K, reserved 1056768K
  class space    used 595K, capacity 616K, committed 640K, reserved 1048576K
Event: 1.272 GC heap after
Heap after GC invocations=1 (full 0):
 PSYoungGen      total 36864K, used 3713K [0x00000000eab00000, 0x00000000ef300000, 0x0000000100000000)
  eden space 31744K, 0% used [0x00000000eab00000,0x00000000eab00000,0x00000000eca00000)
  from space 5120K, 72% used [0x00000000eca00000,0x00000000ecda06a0,0x00000000ecf00000)
  to   space 5120K, 0% used [0x00000000eee00000,0x00000000eee00000,0x00000000ef300000)
 ParOldGen       total 84992K, used 0K [0x00000000c0000000, 0x00000000c5300000, 0x00000000eab00000)
  object space 84992K, 0% used [0x00000000c0000000,0x00000000c0000000,0x00000000c5300000)
 Metaspace       used 5643K, capacity 6576K, committed 6784K, reserved 1056768K
  class space    used 595K, capacity 616K, committed 640K, reserved 1048576K
}

Deoptimization events (4 events):
Event: 0.841 Thread 0x000000001830c000 Uncommon trap: reason=unstable_if action=reinterpret pc=0x000000000254c21c method=java.util.HashMap.getNode(ILjava/lang/Object;)Ljava/util/HashMap$Node; @ 129
Event: 0.875 Thread 0x0000000017c15000 Uncommon trap: reason=unstable_if action=reinterpret pc=0x00000000025486f0 method=java.util.BitSet.nextSetBit(I)I @ 87
Event: 1.459 Thread 0x000000000201d800 Uncommon trap: reason=null_check action=make_not_entrant pc=0x00000000025c6320 method=com.android.dx.rop.type.Type.equals(Ljava/lang/Object;)Z @ 8
Event: 1.486 Thread 0x000000000201d800 Uncommon trap: reason=class_check action=maybe_recompile pc=0x00000000025ff824 method=com.android.dx.ssa.NormalSsaInsn.accept(Lcom/android/dx/ssa/SsaInsn$Visitor;)V @ 9

Internal exceptions (3 events):
Event: 0.037 Thread 0x000000000201d800 Exception <a 'java/lang/NoSuchMethodError': Method sun.misc.Unsafe.defineClass(Ljava/lang/String;[BII)Ljava/lang/Class; name or signature does not match> (0x00000000eab07cc0) thrown at [C:\re\workspace\8-2-build-windows-amd64-cygwin\jdk8u72\5732\hotspot\sr—NJ³ø¢?
Event: 0.037 Thread 0x000000000201d800 Exception <a 'java/lang/NoSuchMethodError': Method sun.misc.Unsafe.prefetchRead(Ljava/lang/Object;J)V name or signature does not match> (0x00000000eab07fa8) thrown at [C:\re\workspace\8-2-build-windows-amd64-cygwin\jdk8u72\5732\hotspot\src\share\vm\prims\jlh<íìY÷?
Event: 1.459 Thread 0x000000000201d800 Implicit null exception at 0x00000000025c6222 to 0x00000000025c6312

Events (10 events):
Event: 1.460 Thread 0x000000000201d800 DEOPT UNPACKING pc=0x000000000236582a sp=0x000000000221e1a8 mode 2
Event: 1.472 Thread 0x000000000201d800 DEOPT PACKING pc=0x00000000025e2f82 sp=0x000000000221e3f0
Event: 1.473 Thread 0x000000000201d800 DEOPT UNPACKING pc=0x000000000236787f sp=0x000000000221e168 mode 0
Event: 1.486 Thread 0x000000000201d800 Uncommon trap: trap_request=0xffffffde fr.pc=0x00000000025ff824
Event: 1.486 Thread 0x000000000201d800 DEOPT PACKING pc=0x00000000025ff824 sp=0x000000000221e210
Event: 1.486 Thread 0x000000000201d800 DEOPT UNPACKING pc=0x000000000236582a sp=0x000000000221e1d0 mode 2
Event: 1.631 Executing VM operation: ForceSafepoint
Event: 1.712 Executing VM operation: ForceSafepoint done
Event: 1.726 loading class com/android/dx/cf/attrib/AttAnnotationDefault
Event: 1.726 loading class com/android/dx/cf/attrib/AttAnnotationDefault done


Dynamic libraries:
0x00007ff77ffa0000 - 0x00007ff77ffd7000 	C:\Program Files\Java\jdk1.8.0_72\bin\java.exe
0x00007ffe87fb0000 - 0x00007ffe88171000 	C:\WINDOWS\SYSTEM32\ntdll.dll
0x00007ffe863e0000 - 0x00007ffe8648d000 	C:\WINDOWS\system32\KERNEL32.DLL
0x00007ffe849e0000 - 0x00007ffe84bc8000 	C:\WINDOWS\system32\KERNELBASE.dll
0x00007ffe86990000 - 0x00007ffe86a37000 	C:\WINDOWS\system32\ADVAPI32.dll
0x00007ffe855a0000 - 0x00007ffe8563d000 	C:\WINDOWS\system32\msvcrt.dll
0x00007ffe85b70000 - 0x00007ffe85bcb000 	C:\WINDOWS\system32\sechost.dll
0x00007ffe86490000 - 0x00007ffe865ac000 	C:\WINDOWS\system32\RPCRT4.dll
0x00007ffe85d90000 - 0x00007ffe85ee6000 	C:\WINDOWS\system32\USER32.dll
0x00007ffe853b0000 - 0x00007ffe85536000 	C:\WINDOWS\system32\GDI32.dll
0x00007ffe80d50000 - 0x00007ffe80fc4000 	C:\WINDOWS\WinSxS\amd64_microsoft.windows.common-controls_6595b64144ccf1df_6.0.10586.0_none_8c15ae12515e1c22\COMCTL32.dll
0x00007ffe86690000 - 0x00007ffe8690d000 	C:\WINDOWS\system32\combase.dll
0x00007ffe846b0000 - 0x00007ffe8471a000 	C:\WINDOWS\system32\bcryptPrimitives.dll
0x00007ffe85980000 - 0x00007ffe859bb000 	C:\WINDOWS\system32\IMM32.DLL
0x00007ffe844c0000 - 0x00007ffe844f1000 	C:\Windows\system32\nvinitx.dll
0x00007ffe844b0000 - 0x00007ffe844ba000 	C:\WINDOWS\SYSTEM32\VERSION.dll
0x0000000065550000 - 0x0000000065556000 	C:\Program Files\NVIDIA Corporation\CoProcManager\_etoured.dll
0x00007ffe82c50000 - 0x00007ffe82c83000 	C:\Program Files\NVIDIA Corporation\CoProcManager\nvd3d9wrapx.dll
0x00007ffe85fb0000 - 0x00007ffe863d9000 	C:\WINDOWS\system32\SETUPAPI.dll
0x00007ffe84660000 - 0x00007ffe846a3000 	C:\WINDOWS\system32\CFGMGR32.dll
0x00007ffe82c10000 - 0x00007ffe82c32000 	C:\Program Files\NVIDIA Corporation\CoProcManager\nvdxgiwrapx.dll
0x00000000632b0000 - 0x0000000063382000 	C:\Program Files\Java\jdk1.8.0_72\jre\bin\msvcr100.dll
0x0000000062630000 - 0x0000000062ec0000 	C:\Program Files\Java\jdk1.8.0_72\jre\bin\server\jvm.dll
0x00007ffe86680000 - 0x00007ffe86688000 	C:\WINDOWS\system32\PSAPI.DLL
0x00007ffe729f0000 - 0x00007ffe729f9000 	C:\WINDOWS\SYSTEM32\WSOCK32.dll
0x00007ffe82b00000 - 0x00007ffe82b23000 	C:\WINDOWS\SYSTEM32\WINMM.dll
0x00007ffe86910000 - 0x00007ffe8697b000 	C:\WINDOWS\system32\WS2_32.dll
0x0000000001fb0000 - 0x0000000001fdc000 	C:\WINDOWS\SYSTEM32\WINMMBASE.dll
0x0000000063720000 - 0x000000006372f000 	C:\Program Files\Java\jdk1.8.0_72\jre\bin\verify.dll
0x00000000636f0000 - 0x0000000063719000 	C:\Program Files\Java\jdk1.8.0_72\jre\bin\java.dll
0x00000000636d0000 - 0x00000000636e6000 	C:\Program Files\Java\jdk1.8.0_72\jre\bin\zip.dll
0x00007ffe86a50000 - 0x00007ffe87fac000 	C:\WINDOWS\system32\SHELL32.dll
0x00007ffe84d60000 - 0x00007ffe853a5000 	C:\WINDOWS\system32\windows.storage.dll
0x00007ffe85540000 - 0x00007ffe85592000 	C:\WINDOWS\system32\shlwapi.dll
0x00007ffe84620000 - 0x00007ffe8462f000 	C:\WINDOWS\system32\kernel.appcore.dll
0x00007ffe84bd0000 - 0x00007ffe84c85000 	C:\WINDOWS\system32\shcore.dll
0x00007ffe845d0000 - 0x00007ffe8461b000 	C:\WINDOWS\system32\powrprof.dll
0x00007ffe84630000 - 0x00007ffe84644000 	C:\WINDOWS\system32\profapi.dll

VM Arguments:
jvm_args: -Djava.awt.headless=true -Xmx1024M -Dfile.encoding=windows-1252 -Duser.country=US -Duser.language=en -Duser.variant 
java_command: com.android.dx.command.Main --dex --num-threads=4 --output C:\Users\qasim\AndroidStudioProjects\GoogleMapApp\app\build\intermediates\pre-dexed\debug\com.google.android.gms-play-services-ads-8.4.0_354ab1605021ef57173019cbfed6e2f86449d2a1.jar C:\Users\qasim\AndroidStudioProjects\GoogleMapApp\app\build\intermediates\exploded-aar\com.google.android.gms\play-services-ads\8.4.0\jars\classes.jar
java_class_path (initial): C:\Users\qasim\AppData\Local\Android\sdk1\build-tools\23.0.2\lib\dx.jar
Launcher Type: SUN_STANDARD

Environment Variables:
PATH=C:\app\admin\product\12.1.0\dbhome_1\bin;C:\oracle\product\10.2.0\db_1\bin;C:\DevSuiteHome_1\jdk\jre\bin\classic;C:\DevSuiteHome_1\jdk\jre\bin;C:\DevSuiteHome_1\jdk\jre\bin\client;C:\DevSuiteHome_1\jlib;C:\DevSuiteHome_1\bin;C:\DevSuiteHome_1\jre\1.4.2\bin\client;C:\DevSuiteHome_1\jre\1.4.2\bin;C:\Program Files (x86)\Common Files\Intel\Shared Files\cpp\bin\Intel64;C:\ProgramData\Oracle\Java\javapath;C:\Windows\system32;C:\Windows;C:\Windows\System32\Wbem;C:\Windows\System32\WindowsPowerShell\v1.0\;C:\Program Files (x86)\NVIDIA Corporation\PhysX\Common;C:\WINDOWS\system32;C:\WINDOWS;C:\WINDOWS\System32\Wbem;C:\WINDOWS\System32\WindowsPowerShell\v1.0\;C:\Program Files (x86)\QT Lite\QTSystem;C:\Program Files (x86)\Skype\Phone\;C:\Program Files (x86)\Windows Kits\8.1\Windows Performance Toolkit\;C:\Program Files\Microsoft SQL Server\110\Tools\Binn\;C:\Program Files\Common Files\Autodesk Shared\;C:\Program Files (x86)\Autodesk\Backburner\;C:\Program Files (x86)\Ruby22\bin
USERNAME=qasim
OS=Windows_NT
PROCESSOR_IDENTIFIER=Intel64 Family 6 Model 58 Stepping 9, GenuineIntel



---------------  S Y S T E M  ---------------

OS: Windows 10.0 , 64 bit Build 10586 (10.0.10586.0)

CPU:total 8 (4 cores per cpu, 2 threads per core) family 6 model 58 stepping 9, cmov, cx8, fxsr, mmx, sse, sse2, sse3, ssse3, sse4.1, sse4.2, popcnt, avx, aes, clmul, erms, ht, tsc, tscinvbit, tscinv

Memory: 4k page, physical 8074748k(2381996k free), swap 10000892k(2368k free)

vm_info: Java HotSpot(TM) 64-Bit Server VM (25.72-b15) for windows-amd64 JRE (1.8.0_72-b15), built on Dec 22 2015 19:16:16 by "java_re" with MS VC++ 10.0 (VS2010)

time: Mon Feb 15 23:23:49 2016
elapsed time: 1 seconds (0d 0h 0m 1s)

