#
# There is insufficient memory for the Java Runtime Environment to continue.
# Native memory allocation (malloc) failed to allocate 785216 bytes for Chunk::new
# Possible reasons:
#   The system is out of physical RAM or swap space
#   In 32 bit mode, the process size limit was hit
# Possible solutions:
#   Reduce memory load on the system
#   Increase physical memory or swap space
#   Check if swap backing store is full
#   Use 64 bit Java on a 64 bit OS
#   Decrease Java heap size (-Xmx/-Xms)
#   Decrease number of Java threads
#   Decrease Java thread stack sizes (-Xss)
#   Set larger code cache with -XX:ReservedCodeCacheSize=
# This output file may be truncated or incomplete.
#
#  Out of Memory Error (allocation.cpp:390), pid=11532, tid=14520
#
# JRE version: Java(TM) SE Runtime Environment (8.0_72-b15) (build 1.8.0_72-b15)
# Java VM: Java HotSpot(TM) 64-Bit Server VM (25.72-b15 mixed mode windows-amd64 compressed oops)
# Failed to write core dump. Minidumps are not enabled by default on client versions of Windows
#

---------------  T H R E A D  ---------------

Current thread (0x0000000016c9c800):  JavaThread "C2 CompilerThread1" daemon [_thread_in_native, id=14520, stack(0x0000000017550000,0x0000000017650000)]

Stack: [0x0000000017550000,0x0000000017650000]
[error occurred during error reporting (printing stack bounds), id 0xc0000005]

Native frames: (J=compiled Java code, j=interpreted, Vv=VM code, C=native code)


Current CompileTask:
C2:   3925 1256       4       com.android.dx.ssa.SCCP::simulateBranch (666 bytes)


---------------  P R O C E S S  ---------------

Java Threads: ( => current thread )
  0x0000000016f59000 JavaThread "pool-1-thread-4" [_thread_blocked, id=8672, stack(0x0000000017e50000,0x0000000017f50000)]
  0x0000000016f5f800 JavaThread "pool-1-thread-3" [_thread_blocked, id=9852, stack(0x0000000017d50000,0x0000000017e50000)]
  0x0000000016f5c800 JavaThread "pool-1-thread-2" [_thread_blocked, id=5860, stack(0x0000000017c50000,0x0000000017d50000)]
  0x0000000016f53000 JavaThread "pool-2-thread-1" [_thread_blocked, id=12808, stack(0x0000000017b50000,0x0000000017c50000)]
  0x0000000016f97000 JavaThread "pool-1-thread-1" [_thread_in_Java, id=8272, stack(0x0000000017a50000,0x0000000017b50000)]
  0x0000000016d3d000 JavaThread "Service Thread" daemon [_thread_blocked, id=14008, stack(0x0000000017850000,0x0000000017950000)]
  0x0000000016caa000 JavaThread "C1 CompilerThread3" daemon [_thread_blocked, id=1836, stack(0x0000000017750000,0x0000000017850000)]
  0x0000000016ca1800 JavaThread "C2 CompilerThread2" daemon [_thread_in_native, id=5856, stack(0x0000000017650000,0x0000000017750000)]
=>0x0000000016c9c800 JavaThread "C2 CompilerThread1" daemon [_thread_in_native, id=14520, stack(0x0000000017550000,0x0000000017650000)]
  0x0000000016c9a000 JavaThread "C2 CompilerThread0" daemon [_thread_in_native, id=6468, stack(0x0000000017450000,0x0000000017550000)]
  0x0000000016c97800 JavaThread "Attach Listener" daemon [_thread_blocked, id=10048, stack(0x0000000017350000,0x0000000017450000)]
  0x0000000016c96000 JavaThread "Signal Dispatcher" daemon [_thread_blocked, id=3928, stack(0x0000000017250000,0x0000000017350000)]
  0x000000000226e800 JavaThread "Finalizer" daemon [_thread_blocked, id=4072, stack(0x0000000017070000,0x0000000017170000)]
  0x0000000002265000 JavaThread "Reference Handler" daemon [_thread_blocked, id=11740, stack(0x0000000016b70000,0x0000000016c70000)]
  0x0000000001edd800 JavaThread "main" [_thread_in_vm, id=1144, stack(0x0000000002070000,0x0000000002170000)]

Other Threads:
  0x0000000014d89800 VMThread [stack: 0x0000000016a70000,0x0000000016b70000] [id=2148]
  0x0000000016d57000 WatcherThread [stack: 0x0000000017950000,0x0000000017a50000] [id=13508]

VM state:not at safepoint (normal execution)

VM Mutex/Monitor currently owned by a thread:  ([mutex/lock_event])
[0x0000000002171850] MethodData_lock - owner thread: 0x0000000001edd800

Heap:
 PSYoungGen      total 36864K, used 15978K [0x00000000eab00000, 0x00000000ed400000, 0x0000000100000000)
  eden space 31744K, 34% used [0x00000000eab00000,0x00000000eb5a1300,0x00000000eca00000)
  from space 5120K, 99% used [0x00000000eca00000,0x00000000ecef9618,0x00000000ecf00000)
  to   space 5120K, 0% used [0x00000000ecf00000,0x00000000ecf00000,0x00000000ed400000)
 ParOldGen       total 84992K, used 891K [0x00000000c0000000, 0x00000000c5300000, 0x00000000eab00000)
  object space 84992K, 1% used [0x00000000c0000000,0x00000000c00ded98,0x00000000c5300000)
 Metaspace       used 6012K, capacity 6898K, committed 7040K, reserved 1056768K
  class space    used 599K, capacity 618K, committed 640K, reserved 1048576K

Card table byte_map: [0x0000000011630000,0x0000000011840000] byte_map_base: 0x0000000011030000

Marking Bits: (ParMarkBitMap*) 0x0000000062e40600
 Begin Bits: [0x00000000121a0000, 0x00000000131a0000)
 End Bits:   [0x00000000131a0000, 0x00000000141a0000)

Polling page: 0x0000000000480000

CodeCache: size=245760Kb used=4848Kb max_used=4862Kb free=240911Kb
 bounds [0x0000000002270000, 0x0000000002740000, 0x0000000011270000]
 total_blobs=1503 nmethods=1234 adapters=182
 compilation: enabled

Compilation events (10 events):
Event: 3.571 Thread 0x0000000016c9c800 1242   !   4       com.android.dx.rop.code.RegisterSpecSet::put (104 bytes)
Event: 3.575 Thread 0x0000000016c9c800 nmethod 1242 0x000000000271bad0 code [0x000000000271bc40, 0x000000000271bf18]
Event: 3.575 Thread 0x0000000016c9c800 1240       4       com.android.dx.rop.code.Rop::isCommutative (60 bytes)
Event: 3.576 Thread 0x0000000016c9c800 nmethod 1240 0x0000000002663490 code [0x00000000026635c0, 0x0000000002663658]
Event: 3.576 Thread 0x0000000016c9c800 1255       4       com.android.dx.ssa.MoveParamCombiner$1::visitNonMoveInsn (213 bytes)
Event: 3.579 Thread 0x0000000016c9c800 nmethod 1255 0x000000000271ec10 code [0x000000000271ed60, 0x000000000271eef8]
Event: 3.673 Thread 0x0000000016ca1800 nmethod 1244 0x000000000272dcd0 code [0x000000000272dfe0, 0x00000000027300f0]
Event: 3.696 Thread 0x0000000016c9a000 nmethod 1224 0x0000000002732ed0 code [0x00000000027333a0, 0x0000000002735db0]
Event: 3.883 Thread 0x0000000016c9c800 1256       4       com.android.dx.ssa.SCCP::simulateBranch (666 bytes)
Event: 3.893 Thread 0x0000000016ca1800 1257       4       com.android.dx.ssa.LiteralOpUpgrader$1::visitNonMoveInsn (203 bytes)

GC Heap History (2 events):
Event: 3.195 GC heap before
{Heap before GC invocations=1 (full 0):
 PSYoungGen      total 36864K, used 31744K [0x00000000eab00000, 0x00000000ed400000, 0x0000000100000000)
  eden space 31744K, 100% used [0x00000000eab00000,0x00000000eca00000,0x00000000eca00000)
  from space 5120K, 0% used [0x00000000ecf00000,0x00000000ecf00000,0x00000000ed400000)
  to   space 5120K, 0% used [0x00000000eca00000,0x00000000eca00000,0x00000000ecf00000)
 ParOldGen       total 84992K, used 0K [0x00000000c0000000, 0x00000000c5300000, 0x00000000eab00000)
  object space 84992K, 0% used [0x00000000c0000000,0x00000000c0000000,0x00000000c5300000)
 Metaspace       used 5952K, capacity 6898K, committed 7040K, reserved 1056768K
  class space    used 597K, capacity 618K, committed 640K, reserved 1048576K
Event: 3.488 GC heap after
Heap after GC invocations=1 (full 0):
 PSYoungGen      total 36864K, used 5093K [0x00000000eab00000, 0x00000000ed400000, 0x0000000100000000)
  eden space 31744K, 0% used [0x00000000eab00000,0x00000000eab00000,0x00000000eca00000)
  from space 5120K, 99% used [0x00000000eca00000,0x00000000ecef9618,0x00000000ecf00000)
  to   space 5120K, 0% used [0x00000000ecf00000,0x00000000ecf00000,0x00000000ed400000)
 ParOldGen       total 84992K, used 891K [0x00000000c0000000, 0x00000000c5300000, 0x00000000eab00000)
  object space 84992K, 1% used [0x00000000c0000000,0x00000000c00ded98,0x00000000c5300000)
 Metaspace       used 5952K, capacity 6898K, committed 7040K, reserved 1056768K
  class space    used 597K, capacity 618K, committed 640K, reserved 1048576K
}

Deoptimization events (9 events):
Event: 1.931 Thread 0x0000000016f59000 Uncommon trap: reason=unstable_if action=reinterpret pc=0x00000000024ab534 method=java.util.BitSet.ensureCapacity(I)V @ 6
Event: 1.932 Thread 0x0000000016f59000 Uncommon trap: reason=unstable_if action=reinterpret pc=0x0000000002497070 method=java.util.BitSet.nextSetBit(I)I @ 87
Event: 1.952 Thread 0x0000000016f97000 Uncommon trap: reason=unstable_if action=reinterpret pc=0x000000000248999c method=java.util.HashMap.getNode(ILjava/lang/Object;)Ljava/util/HashMap$Node; @ 129
Event: 1.956 Thread 0x0000000016f97000 Uncommon trap: reason=class_check action=maybe_recompile pc=0x00000000024d9814 method=com.android.dx.ssa.NormalSsaInsn.accept(Lcom/android/dx/ssa/SsaInsn$Visitor;)V @ 9
Event: 1.956 Thread 0x0000000016f97000 Uncommon trap: reason=class_check action=maybe_recompile pc=0x00000000024d9814 method=com.android.dx.ssa.NormalSsaInsn.accept(Lcom/android/dx/ssa/SsaInsn$Visitor;)V @ 9
Event: 1.956 Thread 0x0000000016f97000 Uncommon trap: reason=class_check action=maybe_recompile pc=0x00000000024d9814 method=com.android.dx.ssa.NormalSsaInsn.accept(Lcom/android/dx/ssa/SsaInsn$Visitor;)V @ 9
Event: 1.956 Thread 0x0000000016f97000 Uncommon trap: reason=class_check action=maybe_recompile pc=0x00000000024d9814 method=com.android.dx.ssa.NormalSsaInsn.accept(Lcom/android/dx/ssa/SsaInsn$Visitor;)V @ 9
Event: 1.956 Thread 0x0000000016f97000 Uncommon trap: reason=class_check action=maybe_recompile pc=0x00000000024a2870 method=com.android.dx.ssa.NormalSsaInsn.accept(Lcom/android/dx/ssa/SsaInsn$Visitor;)V @ 9
Event: 2.230 Thread 0x0000000016f5f800 Uncommon trap: reason=unstable_if action=reinterpret pc=0x00000000024af78c method=com.android.dx.rop.code.RegisterSpec.equals(ILcom/android/dx/rop/type/TypeBearer;Lcom/android/dx/rop/code/LocalItem;)Z @ 16

Internal exceptions (2 events):
Event: 0.041 Thread 0x0000000001edd800 Exception <a 'java/lang/NoSuchMethodError': Method sun.misc.Unsafe.defineClass(Ljava/lang/String;[BII)Ljava/lang/Class; name or signature does not match> (0x00000000eab07cc0) thrown at [C:\re\workspace\8-2-build-windows-amd64-cygwin\jdk8u72\5732\hotspot\srKÅQ¿"œ§?
Event: 0.041 Thread 0x0000000001edd800 Exception <a 'java/lang/NoSuchMethodError': Method sun.misc.Unsafe.prefetchRead(Ljava/lang/Object;J)V name or signature does not match> (0x00000000eab07fa8) thrown at [C:\re\workspace\8-2-build-windows-amd64-cygwin\jdk8u72\5732\hotspot\src\share\vm\prims\j

Events (10 events):
Event: 2.613 Executing VM operation: Deoptimize
Event: 2.613 Executing VM operation: Deoptimize done
Event: 3.002 Executing VM operation: ParallelGCFailedAllocation
Event: 3.488 Executing VM operation: ParallelGCFailedAllocation done
Event: 3.526 loading class com/android/dx/cf/direct/AnnotationParser
Event: 3.526 loading class com/android/dx/cf/direct/AnnotationParser done
Event: 3.527 loading class com/android/dx/cf/attrib/AttRuntimeInvisibleParameterAnnotations
Event: 3.527 loading class com/android/dx/cf/attrib/AttRuntimeInvisibleParameterAnnotations done
Event: 3.527 loading class com/android/dx/cf/attrib/BaseParameterAnnotations
Event: 3.527 loading class com/android/dx/cf/attrib/BaseParameterAnnotations done


Dynamic libraries:
0x00007ff77ffa0000 - 0x00007ff77ffd7000 	C:\Program Files\Java\jdk1.8.0_72\bin\java.exe
0x00007ffe87fb0000 - 0x00007ffe88171000 	C:\WINDOWS\SYSTEM32\ntdll.dll
0x00007ffe863e0000 - 0x00007ffe8648d000 	C:\WINDOWS\system32\KERNEL32.DLL
0x00007ffe849e0000 - 0x00007ffe84bc8000 	C:\WINDOWS\system32\KERNELBASE.dll
0x00007ffe86990000 - 0x00007ffe86a37000 	C:\WINDOWS\system32\ADVAPI32.dll
0x00007ffe855a0000 - 0x00007ffe8563d000 	C:\WINDOWS\system32\msvcrt.dll
0x00007ffe85b70000 - 0x00007ffe85bcb000 	C:\WINDOWS\system32\sechost.dll
0x00007ffe86490000 - 0x00007ffe865ac000 	C:\WINDOWS\system32\RPCRT4.dll
0x00007ffe85d90000 - 0x00007ffe85ee6000 	C:\WINDOWS\system32\USER32.dll
0x00007ffe853b0000 - 0x00007ffe85536000 	C:\WINDOWS\system32\GDI32.dll
0x00007ffe80d50000 - 0x00007ffe80fc4000 	C:\WINDOWS\WinSxS\amd64_microsoft.windows.common-controls_6595b64144ccf1df_6.0.10586.0_none_8c15ae12515e1c22\COMCTL32.dll
0x00007ffe86690000 - 0x00007ffe8690d000 	C:\WINDOWS\system32\combase.dll
0x00007ffe846b0000 - 0x00007ffe8471a000 	C:\WINDOWS\system32\bcryptPrimitives.dll
0x00007ffe85980000 - 0x00007ffe859bb000 	C:\WINDOWS\system32\IMM32.DLL
0x00007ffe844c0000 - 0x00007ffe844f1000 	C:\Windows\system32\nvinitx.dll
0x00007ffe844b0000 - 0x00007ffe844ba000 	C:\WINDOWS\SYSTEM32\VERSION.dll
0x0000000065550000 - 0x0000000065556000 	C:\Program Files\NVIDIA Corporation\CoProcManager\_etoured.dll
0x00007ffe82c50000 - 0x00007ffe82c83000 	C:\Program Files\NVIDIA Corporation\CoProcManager\nvd3d9wrapx.dll
0x00007ffe85fb0000 - 0x00007ffe863d9000 	C:\WINDOWS\system32\SETUPAPI.dll
0x00007ffe84660000 - 0x00007ffe846a3000 	C:\WINDOWS\system32\CFGMGR32.dll
0x00007ffe82c10000 - 0x00007ffe82c32000 	C:\Program Files\NVIDIA Corporation\CoProcManager\nvdxgiwrapx.dll
0x00000000632b0000 - 0x0000000063382000 	C:\Program Files\Java\jdk1.8.0_72\jre\bin\msvcr100.dll
0x0000000062630000 - 0x0000000062ec0000 	C:\Program Files\Java\jdk1.8.0_72\jre\bin\server\jvm.dll
0x00007ffe86680000 - 0x00007ffe86688000 	C:\WINDOWS\system32\PSAPI.DLL
0x00007ffe729f0000 - 0x00007ffe729f9000 	C:\WINDOWS\SYSTEM32\WSOCK32.dll
0x00007ffe86910000 - 0x00007ffe8697b000 	C:\WINDOWS\system32\WS2_32.dll
0x00007ffe82b00000 - 0x00007ffe82b23000 	C:\WINDOWS\SYSTEM32\WINMM.dll
0x00007ffe82a70000 - 0x00007ffe82a9c000 	C:\WINDOWS\SYSTEM32\WINMMBASE.dll
0x0000000063720000 - 0x000000006372f000 	C:\Program Files\Java\jdk1.8.0_72\jre\bin\verify.dll
0x00000000636f0000 - 0x0000000063719000 	C:\Program Files\Java\jdk1.8.0_72\jre\bin\java.dll
0x00000000636d0000 - 0x00000000636e6000 	C:\Program Files\Java\jdk1.8.0_72\jre\bin\zip.dll
0x00007ffe86a50000 - 0x00007ffe87fac000 	C:\WINDOWS\system32\SHELL32.dll
0x00007ffe84d60000 - 0x00007ffe853a5000 	C:\WINDOWS\system32\windows.storage.dll
0x00007ffe85540000 - 0x00007ffe85592000 	C:\WINDOWS\system32\shlwapi.dll
0x00007ffe84620000 - 0x00007ffe8462f000 	C:\WINDOWS\system32\kernel.appcore.dll
0x00007ffe84bd0000 - 0x00007ffe84c85000 	C:\WINDOWS\system32\shcore.dll
0x00007ffe845d0000 - 0x00007ffe8461b000 	C:\WINDOWS\system32\powrprof.dll
0x00007ffe84630000 - 0x00007ffe84644000 	C:\WINDOWS\system32\profapi.dll

VM Arguments:
jvm_args: -Djava.awt.headless=true -Xmx1024M -Dfile.encoding=windows-1252 -Duser.country=US -Duser.language=en -Duser.variant 
java_command: com.android.dx.command.Main --dex --num-threads=4 --output C:\Users\qasim\AndroidStudioProjects\GoogleMapApp\app\build\intermediates\pre-dexed\debug\internal_impl-23.1.1_c151b841ef6da9d0ec3ec1051b1c7c7fa8c0eb35.jar C:\Users\qasim\AndroidStudioProjects\GoogleMapApp\app\build\intermediates\exploded-aar\com.android.support\support-v4\23.1.1\jars\libs\internal_impl-23.1.1.jar
java_class_path (initial): C:\Users\qasim\AppData\Local\Android\sdk1\build-tools\23.0.2\lib\dx.jar
Launcher Type: SUN_STANDARD

Environment Variables:
PATH=C:\app\admin\product\12.1.0\dbhome_1\bin;C:\oracle\product\10.2.0\db_1\bin;C:\DevSuiteHome_1\jdk\jre\bin\classic;C:\DevSuiteHome_1\jdk\jre\bin;C:\DevSuiteHome_1\jdk\jre\bin\client;C:\DevSuiteHome_1\jlib;C:\DevSuiteHome_1\bin;C:\DevSuiteHome_1\jre\1.4.2\bin\client;C:\DevSuiteHome_1\jre\1.4.2\bin;C:\Program Files (x86)\Common Files\Intel\Shared Files\cpp\bin\Intel64;C:\ProgramData\Oracle\Java\javapath;C:\Windows\system32;C:\Windows;C:\Windows\System32\Wbem;C:\Windows\System32\WindowsPowerShell\v1.0\;C:\Program Files (x86)\NVIDIA Corporation\PhysX\Common;C:\WINDOWS\system32;C:\WINDOWS;C:\WINDOWS\System32\Wbem;C:\WINDOWS\System32\WindowsPowerShell\v1.0\;C:\Program Files (x86)\QT Lite\QTSystem;C:\Program Files (x86)\Skype\Phone\;C:\Program Files (x86)\Windows Kits\8.1\Windows Performance Toolkit\;C:\Program Files\Microsoft SQL Server\110\Tools\Binn\;C:\Program Files\Common Files\Autodesk Shared\;C:\Program Files (x86)\Autodesk\Backburner\;C:\Program Files (x86)\Ruby22\bin
USERNAME=qasim
OS=Windows_NT
PROCESSOR_IDENTIFIER=Intel64 Family 6 Model 58 Stepping 9, GenuineIntel



---------------  S Y S T E M  ---------------

OS: Windows 10.0 , 64 bit Build 10586 (10.0.10586.0)

CPU:total 8 (4 cores per cpu, 2 threads per core) family 6 model 58 stepping 9, cmov, cx8, fxsr, mmx, sse, sse2, sse3, ssse3, sse4.1, sse4.2, popcnt, avx, aes, clmul, erms, ht, tsc, tscinvbit, tscinv

Memory: 4k page, physical 8074748k(2217088k free), swap 10000892k(5212k free)

vm_info: Java HotSpot(TM) 64-Bit Server VM (25.72-b15) for windows-amd64 JRE (1.8.0_72-b15), built on Dec 22 2015 19:16:16 by "java_re" with MS VC++ 10.0 (VS2010)

time: Mon Feb 15 23:19:08 2016
elapsed time: 3 seconds (0d 0h 0m 3s)

