#
# There is insufficient memory for the Java Runtime Environment to continue.
# Native memory allocation (malloc) failed to allocate 1288736 bytes for Chunk::new
# Possible reasons:
#   The system is out of physical RAM or swap space
#   In 32 bit mode, the process size limit was hit
# Possible solutions:
#   Reduce memory load on the system
#   Increase physical memory or swap space
#   Check if swap backing store is full
#   Use 64 bit Java on a 64 bit OS
#   Decrease Java heap size (-Xmx/-Xms)
#   Decrease number of Java threads
#   Decrease Java thread stack sizes (-Xss)
#   Set larger code cache with -XX:ReservedCodeCacheSize=
# This output file may be truncated or incomplete.
#
#  Out of Memory Error (allocation.cpp:390), pid=7044, tid=10080
#
# JRE version: Java(TM) SE Runtime Environment (8.0_72-b15) (build 1.8.0_72-b15)
# Java VM: Java HotSpot(TM) 64-Bit Server VM (25.72-b15 mixed mode windows-amd64 compressed oops)
# Failed to write core dump. Minidumps are not enabled by default on client versions of Windows
#

---------------  T H R E A D  ---------------

Current thread (0x0000000016cdb000):  JavaThread "C2 CompilerThread0" daemon [_thread_in_native, id=10080, stack(0x0000000017490000,0x0000000017590000)]

Stack: [0x0000000017490000,0x0000000017590000]
[error occurred during error reporting (printing stack bounds), id 0xc0000005]

Native frames: (J=compiled Java code, j=interpreted, Vv=VM code, C=native code)


Current CompileTask:
C2:   2214 1184   !   4       com.android.dx.cf.code.BytecodeArray::parseInstruction (2764 bytes)


---------------  P R O C E S S  ---------------

Java Threads: ( => current thread )
  0x0000000017034800 JavaThread "pool-1-thread-4" [_thread_blocked, id=9816, stack(0x0000000018690000,0x0000000018790000)]
  0x0000000017033800 JavaThread "pool-1-thread-3" [_thread_blocked, id=4428, stack(0x0000000018590000,0x0000000018690000)]
  0x000000001706a800 JavaThread "pool-1-thread-2" [_thread_blocked, id=9992, stack(0x0000000018490000,0x0000000018590000)]
  0x0000000017067800 JavaThread "pool-2-thread-1" [_thread_blocked, id=11396, stack(0x0000000018390000,0x0000000018490000)]
  0x0000000017024800 JavaThread "pool-1-thread-1" [_thread_in_Java, id=8732, stack(0x0000000018290000,0x0000000018390000)]
  0x0000000016d4c000 JavaThread "Service Thread" daemon [_thread_blocked, id=7556, stack(0x0000000017890000,0x0000000017990000)]
  0x0000000016d3b000 JavaThread "C1 CompilerThread3" daemon [_thread_in_native, id=2884, stack(0x0000000017790000,0x0000000017890000)]
  0x0000000016d35000 JavaThread "C2 CompilerThread2" daemon [_thread_in_native, id=7108, stack(0x0000000017690000,0x0000000017790000)]
  0x0000000016d33800 JavaThread "C2 CompilerThread1" daemon [_thread_in_native, id=11704, stack(0x0000000017590000,0x0000000017690000)]
=>0x0000000016cdb000 JavaThread "C2 CompilerThread0" daemon [_thread_in_native, id=10080, stack(0x0000000017490000,0x0000000017590000)]
  0x0000000016cd9000 JavaThread "Attach Listener" daemon [_thread_blocked, id=14776, stack(0x0000000017390000,0x0000000017490000)]
  0x0000000016cd8000 JavaThread "Signal Dispatcher" daemon [_thread_blocked, id=9704, stack(0x0000000017290000,0x0000000017390000)]
  0x00000000022be000 JavaThread "Finalizer" daemon [_thread_blocked, id=11592, stack(0x00000000170b0000,0x00000000171b0000)]
  0x00000000022b5000 JavaThread "Reference Handler" daemon [_thread_blocked, id=1360, stack(0x0000000016bb0000,0x0000000016cb0000)]
  0x0000000001f9d800 JavaThread "main" [_thread_in_Java, id=6612, stack(0x00000000020c0000,0x00000000021c0000)]

Other Threads:
  0x0000000014dd9000 VMThread [stack: 0x0000000016ab0000,0x0000000016bb0000] [id=7832]
  0x0000000016d42000 WatcherThread [stack: 0x0000000017990000,0x0000000017a90000] [id=10620]

VM state:not at safepoint (normal execution)

VM Mutex/Monitor currently owned by a thread: None

Heap:
 PSYoungGen      total 36864K, used 10035K [0x00000000eab00000, 0x00000000ed400000, 0x0000000100000000)
  eden space 31744K, 15% used [0x00000000eab00000,0x00000000eafd33d8,0x00000000eca00000)
  from space 5120K, 99% used [0x00000000eca00000,0x00000000ecef9ba8,0x00000000ecf00000)
  to   space 5120K, 0% used [0x00000000ecf00000,0x00000000ecf00000,0x00000000ed400000)
 ParOldGen       total 84992K, used 1117K [0x00000000c0000000, 0x00000000c5300000, 0x00000000eab00000)
  object space 84992K, 1% used [0x00000000c0000000,0x00000000c0117790,0x00000000c5300000)
 Metaspace       used 6014K, capacity 6898K, committed 7040K, reserved 1056768K
  class space    used 604K, capacity 618K, committed 640K, reserved 1048576K

Card table byte_map: [0x0000000011680000,0x0000000011890000] byte_map_base: 0x0000000011080000

Marking Bits: (ParMarkBitMap*) 0x0000000062e40600
 Begin Bits: [0x00000000121f0000, 0x00000000131f0000)
 End Bits:   [0x00000000131f0000, 0x00000000141f0000)

Polling page: 0x0000000000430000

CodeCache: size=245760Kb used=4875Kb max_used=4875Kb free=240884Kb
 bounds [0x00000000022c0000, 0x0000000002790000, 0x00000000112c0000]
 total_blobs=1498 nmethods=1229 adapters=182
 compilation: enabled

Compilation events (10 events):
Event: 2.205 Thread 0x0000000016d3b000 nmethod 1212 0x00000000027786d0 code [0x00000000027788e0, 0x00000000027793a8]
Event: 2.205 Thread 0x0000000016d3b000 1213       3       com.android.dx.ssa.back.LivenessAnalyzer::constructInterferenceGraph (47 bytes)
Event: 2.206 Thread 0x0000000016d3b000 nmethod 1213 0x0000000002766790 code [0x0000000002766940, 0x0000000002766d78]
Event: 2.206 Thread 0x0000000016d3b000 1219       3       com.android.dx.cf.iface.StdAttributeList::findNext (85 bytes)
Event: 2.206 Thread 0x0000000016d3b000 nmethod 1219 0x0000000002779a10 code [0x0000000002779c00, 0x000000000277a808]
Event: 2.206 Thread 0x0000000016d3b000 1220       3       com.android.dx.util.Bits::isEmpty (26 bytes)
Event: 2.206 Thread 0x0000000016d3b000 nmethod 1220 0x00000000027662d0 code [0x0000000002766440, 0x0000000002766690]
Event: 2.206 Thread 0x0000000016d3b000 1209       3       com.android.dx.ssa.SsaBasicBlock::insertNewPredecessor (134 bytes)
Event: 2.207 Thread 0x0000000016d3b000 nmethod 1209 0x000000000277abd0 code [0x000000000277ae20, 0x000000000277b9d8]
Event: 2.207 Thread 0x0000000016d3b000 1221       3       com.android.dx.cf.code.BaseMachine::popArgs (72 bytes)

GC Heap History (2 events):
Event: 2.117 GC heap before
{Heap before GC invocations=1 (full 0):
 PSYoungGen      total 36864K, used 31744K [0x00000000eab00000, 0x00000000ed400000, 0x0000000100000000)
  eden space 31744K, 100% used [0x00000000eab00000,0x00000000eca00000,0x00000000eca00000)
  from space 5120K, 0% used [0x00000000ecf00000,0x00000000ecf00000,0x00000000ed400000)
  to   space 5120K, 0% used [0x00000000eca00000,0x00000000eca00000,0x00000000ecf00000)
 ParOldGen       total 84992K, used 0K [0x00000000c0000000, 0x00000000c5300000, 0x00000000eab00000)
  object space 84992K, 0% used [0x00000000c0000000,0x00000000c0000000,0x00000000c5300000)
 Metaspace       used 5962K, capacity 6898K, committed 7040K, reserved 1056768K
  class space    used 604K, capacity 618K, committed 640K, reserved 1048576K
Event: 2.150 GC heap after
Heap after GC invocations=1 (full 0):
 PSYoungGen      total 36864K, used 5094K [0x00000000eab00000, 0x00000000ed400000, 0x0000000100000000)
  eden space 31744K, 0% used [0x00000000eab00000,0x00000000eab00000,0x00000000eca00000)
  from space 5120K, 99% used [0x00000000eca00000,0x00000000ecef9ba8,0x00000000ecf00000)
  to   space 5120K, 0% used [0x00000000ecf00000,0x00000000ecf00000,0x00000000ed400000)
 ParOldGen       total 84992K, used 1117K [0x00000000c0000000, 0x00000000c5300000, 0x00000000eab00000)
  object space 84992K, 1% used [0x00000000c0000000,0x00000000c0117790,0x00000000c5300000)
 Metaspace       used 5962K, capacity 6898K, committed 7040K, reserved 1056768K
  class space    used 604K, capacity 618K, committed 640K, reserved 1048576K
}

Deoptimization events (4 events):
Event: 0.908 Thread 0x0000000001f9d800 Uncommon trap: reason=unstable_if action=reinterpret pc=0x00000000024d3cbc method=java.util.HashMap.getNode(ILjava/lang/Object;)Ljava/util/HashMap$Node; @ 62
Event: 1.506 Thread 0x000000001706a800 Uncommon trap: reason=unstable_if action=reinterpret pc=0x00000000026104ac method=com.android.dx.rop.code.RegisterSpecSet.put(Lcom/android/dx/rop/code/RegisterSpec;)V @ 77
Event: 1.506 Thread 0x000000001706a800 Uncommon trap: reason=unstable_if action=reinterpret pc=0x0000000002658b60 method=com.android.dx.rop.code.RegisterSpecSet.put(Lcom/android/dx/rop/code/RegisterSpec;)V @ 77
Event: 1.905 Thread 0x0000000017034800 Uncommon trap: reason=unstable_if action=reinterpret pc=0x00000000025991a0 method=com.android.dx.rop.code.RegisterSpec.equals(ILcom/android/dx/rop/type/TypeBearer;Lcom/android/dx/rop/code/LocalItem;)Z @ 42

Internal exceptions (2 events):
Event: 0.155 Thread 0x0000000001f9d800 Exception <a 'java/lang/NoSuchMethodError': Method sun.misc.Unsafe.defineClass(Ljava/lang/String;[BII)Ljava/lang/Class; name or signature does not match> (0x00000000eab07cc0) thrown at [C:\re\workspace\8-2-build-windows-amd64-cygwin\jdk8u72\5732\hotspot\sr'
Event: 0.155 Thread 0x0000000001f9d800 Exception <a 'java/lang/NoSuchMethodError': Method sun.misc.Unsafe.prefetchRead(Ljava/lang/Object;J)V name or signature does not match> (0x00000000eab07fa8) thrown at [C:\re\workspace\8-2-build-windows-amd64-cygwin\jdk8u72\5732\hotspot\src\share\vm\prims\j

Events (10 events):
Event: 1.838 loading class com/android/dx/cf/code/SwitchList done
Event: 1.877 loading class java/util/DualPivotQuicksort
Event: 1.877 loading class java/util/DualPivotQuicksort done
Event: 1.905 Thread 0x0000000017034800 Uncommon trap: trap_request=0xffffff65 fr.pc=0x00000000025991a0
Event: 1.905 Thread 0x0000000017034800 DEOPT PACKING pc=0x00000000025991a0 sp=0x000000001878e700
Event: 1.905 Thread 0x0000000017034800 DEOPT UNPACKING pc=0x000000000230582a sp=0x000000001878e688 mode 2
Event: 1.940 Executing VM operation: ForceSafepoint
Event: 2.101 Executing VM operation: ForceSafepoint done
Event: 2.117 Executing VM operation: ParallelGCFailedAllocation
Event: 2.150 Executing VM operation: ParallelGCFailedAllocation done


Dynamic libraries:
0x00007ff77ffa0000 - 0x00007ff77ffd7000 	C:\Program Files\Java\jdk1.8.0_72\bin\java.exe
0x00007ffe87fb0000 - 0x00007ffe88171000 	C:\WINDOWS\SYSTEM32\ntdll.dll
0x00007ffe863e0000 - 0x00007ffe8648d000 	C:\WINDOWS\system32\KERNEL32.DLL
0x00007ffe849e0000 - 0x00007ffe84bc8000 	C:\WINDOWS\system32\KERNELBASE.dll
0x00007ffe86990000 - 0x00007ffe86a37000 	C:\WINDOWS\system32\ADVAPI32.dll
0x00007ffe855a0000 - 0x00007ffe8563d000 	C:\WINDOWS\system32\msvcrt.dll
0x00007ffe85b70000 - 0x00007ffe85bcb000 	C:\WINDOWS\system32\sechost.dll
0x00007ffe86490000 - 0x00007ffe865ac000 	C:\WINDOWS\system32\RPCRT4.dll
0x00007ffe85d90000 - 0x00007ffe85ee6000 	C:\WINDOWS\system32\USER32.dll
0x00007ffe853b0000 - 0x00007ffe85536000 	C:\WINDOWS\system32\GDI32.dll
0x00007ffe80d50000 - 0x00007ffe80fc4000 	C:\WINDOWS\WinSxS\amd64_microsoft.windows.common-controls_6595b64144ccf1df_6.0.10586.0_none_8c15ae12515e1c22\COMCTL32.dll
0x00007ffe86690000 - 0x00007ffe8690d000 	C:\WINDOWS\system32\combase.dll
0x00007ffe846b0000 - 0x00007ffe8471a000 	C:\WINDOWS\system32\bcryptPrimitives.dll
0x00007ffe85980000 - 0x00007ffe859bb000 	C:\WINDOWS\system32\IMM32.DLL
0x00007ffe844c0000 - 0x00007ffe844f1000 	C:\Windows\system32\nvinitx.dll
0x00007ffe844b0000 - 0x00007ffe844ba000 	C:\WINDOWS\SYSTEM32\VERSION.dll
0x0000000065550000 - 0x0000000065556000 	C:\Program Files\NVIDIA Corporation\CoProcManager\_etoured.dll
0x00007ffe82c50000 - 0x00007ffe82c83000 	C:\Program Files\NVIDIA Corporation\CoProcManager\nvd3d9wrapx.dll
0x00007ffe85fb0000 - 0x00007ffe863d9000 	C:\WINDOWS\system32\SETUPAPI.dll
0x00007ffe84660000 - 0x00007ffe846a3000 	C:\WINDOWS\system32\CFGMGR32.dll
0x00007ffe82c10000 - 0x00007ffe82c32000 	C:\Program Files\NVIDIA Corporation\CoProcManager\nvdxgiwrapx.dll
0x00000000632b0000 - 0x0000000063382000 	C:\Program Files\Java\jdk1.8.0_72\jre\bin\msvcr100.dll
0x0000000062630000 - 0x0000000062ec0000 	C:\Program Files\Java\jdk1.8.0_72\jre\bin\server\jvm.dll
0x00007ffe86680000 - 0x00007ffe86688000 	C:\WINDOWS\system32\PSAPI.DLL
0x00007ffe729f0000 - 0x00007ffe729f9000 	C:\WINDOWS\SYSTEM32\WSOCK32.dll
0x00007ffe86910000 - 0x00007ffe8697b000 	C:\WINDOWS\system32\WS2_32.dll
0x00007ffe82b00000 - 0x00007ffe82b23000 	C:\WINDOWS\SYSTEM32\WINMM.dll
0x00007ffe82a70000 - 0x00007ffe82a9c000 	C:\WINDOWS\SYSTEM32\WINMMBASE.dll
0x0000000063720000 - 0x000000006372f000 	C:\Program Files\Java\jdk1.8.0_72\jre\bin\verify.dll
0x00000000636f0000 - 0x0000000063719000 	C:\Program Files\Java\jdk1.8.0_72\jre\bin\java.dll
0x00000000636d0000 - 0x00000000636e6000 	C:\Program Files\Java\jdk1.8.0_72\jre\bin\zip.dll
0x00007ffe86a50000 - 0x00007ffe87fac000 	C:\WINDOWS\system32\SHELL32.dll
0x00007ffe84d60000 - 0x00007ffe853a5000 	C:\WINDOWS\system32\windows.storage.dll
0x00007ffe85540000 - 0x00007ffe85592000 	C:\WINDOWS\system32\shlwapi.dll
0x00007ffe84620000 - 0x00007ffe8462f000 	C:\WINDOWS\system32\kernel.appcore.dll
0x00007ffe84bd0000 - 0x00007ffe84c85000 	C:\WINDOWS\system32\shcore.dll
0x00007ffe845d0000 - 0x00007ffe8461b000 	C:\WINDOWS\system32\powrprof.dll
0x00007ffe84630000 - 0x00007ffe84644000 	C:\WINDOWS\system32\profapi.dll

VM Arguments:
jvm_args: -Djava.awt.headless=true -Xmx1024M -Dfile.encoding=windows-1252 -Duser.country=US -Duser.language=en -Duser.variant 
java_command: com.android.dx.command.Main --dex --num-threads=4 --output C:\Users\qasim\AndroidStudioProjects\GoogleMapApp\app\build\intermediates\pre-dexed\debug\com.android.support-appcompat-v7-23.1.1_cd74d1d7fb67ef430226c347294c0493d654fe3b.jar C:\Users\qasim\AndroidStudioProjects\GoogleMapApp\app\build\intermediates\exploded-aar\com.android.support\appcompat-v7\23.1.1\jars\classes.jar
java_class_path (initial): C:\Users\qasim\AppData\Local\Android\sdk1\build-tools\23.0.2\lib\dx.jar
Launcher Type: SUN_STANDARD

Environment Variables:
PATH=C:\app\admin\product\12.1.0\dbhome_1\bin;C:\oracle\product\10.2.0\db_1\bin;C:\DevSuiteHome_1\jdk\jre\bin\classic;C:\DevSuiteHome_1\jdk\jre\bin;C:\DevSuiteHome_1\jdk\jre\bin\client;C:\DevSuiteHome_1\jlib;C:\DevSuiteHome_1\bin;C:\DevSuiteHome_1\jre\1.4.2\bin\client;C:\DevSuiteHome_1\jre\1.4.2\bin;C:\Program Files (x86)\Common Files\Intel\Shared Files\cpp\bin\Intel64;C:\ProgramData\Oracle\Java\javapath;C:\Windows\system32;C:\Windows;C:\Windows\System32\Wbem;C:\Windows\System32\WindowsPowerShell\v1.0\;C:\Program Files (x86)\NVIDIA Corporation\PhysX\Common;C:\WINDOWS\system32;C:\WINDOWS;C:\WINDOWS\System32\Wbem;C:\WINDOWS\System32\WindowsPowerShell\v1.0\;C:\Program Files (x86)\QT Lite\QTSystem;C:\Program Files (x86)\Skype\Phone\;C:\Program Files (x86)\Windows Kits\8.1\Windows Performance Toolkit\;C:\Program Files\Microsoft SQL Server\110\Tools\Binn\;C:\Program Files\Common Files\Autodesk Shared\;C:\Program Files (x86)\Autodesk\Backburner\;C:\Program Files (x86)\Ruby22\bin
USERNAME=qasim
OS=Windows_NT
PROCESSOR_IDENTIFIER=Intel64 Family 6 Model 58 Stepping 9, GenuineIntel



---------------  S Y S T E M  ---------------

OS: Windows 10.0 , 64 bit Build 10586 (10.0.10586.0)

CPU:total 8 (4 cores per cpu, 2 threads per core) family 6 model 58 stepping 9, cmov, cx8, fxsr, mmx, sse, sse2, sse3, ssse3, sse4.1, sse4.2, popcnt, avx, aes, clmul, erms, ht, tsc, tscinvbit, tscinv

Memory: 4k page, physical 8074748k(2266580k free), swap 10000892k(5424k free)

vm_info: Java HotSpot(TM) 64-Bit Server VM (25.72-b15) for windows-amd64 JRE (1.8.0_72-b15), built on Dec 22 2015 19:16:16 by "java_re" with MS VC++ 10.0 (VS2010)

time: Mon Feb 15 23:16:16 2016
elapsed time: 2 seconds (0d 0h 0m 2s)

