#
# There is insufficient memory for the Java Runtime Environment to continue.
# Native memory allocation (malloc) failed to allocate 128576 bytes for Chunk::new
# Possible reasons:
#   The system is out of physical RAM or swap space
#   In 32 bit mode, the process size limit was hit
# Possible solutions:
#   Reduce memory load on the system
#   Increase physical memory or swap space
#   Check if swap backing store is full
#   Use 64 bit Java on a 64 bit OS
#   Decrease Java heap size (-Xmx/-Xms)
#   Decrease number of Java threads
#   Decrease Java thread stack sizes (-Xss)
#   Set larger code cache with -XX:ReservedCodeCacheSize=
# This output file may be truncated or incomplete.
#
#  Out of Memory Error (allocation.cpp:390), pid=6312, tid=5856
#
# JRE version: Java(TM) SE Runtime Environment (8.0_72-b15) (build 1.8.0_72-b15)
# Java VM: Java HotSpot(TM) 64-Bit Server VM (25.72-b15 mixed mode windows-amd64 compressed oops)
# Failed to write core dump. Minidumps are not enabled by default on client versions of Windows
#

---------------  T H R E A D  ---------------

Current thread (0x0000000016e3a800):  JavaThread "C2 CompilerThread0" daemon [_thread_in_native, id=5856, stack(0x00000000175f0000,0x00000000176f0000)]

Stack: [0x00000000175f0000,0x00000000176f0000]
[error occurred during error reporting (printing stack bounds), id 0xc0000005]

Native frames: (J=compiled Java code, j=interpreted, Vv=VM code, C=native code)


Current CompileTask:
C2:   2113 1197   !   4       com.android.dx.cf.code.BytecodeArray::parseInstruction (2764 bytes)


---------------  P R O C E S S  ---------------

Java Threads: ( => current thread )
  0x0000000017132000 JavaThread "pool-1-thread-4" [_thread_in_native_trans, id=6032, stack(0x0000000017ff0000,0x00000000180f0000)]
  0x000000001712f800 JavaThread "pool-1-thread-3" [_thread_blocked, id=11976, stack(0x0000000017ef0000,0x0000000017ff0000)]
  0x0000000017124800 JavaThread "pool-1-thread-2" [_thread_in_Java, id=10448, stack(0x0000000017df0000,0x0000000017ef0000)]
  0x0000000017122000 JavaThread "pool-2-thread-1" [_thread_blocked, id=11212, stack(0x0000000017cf0000,0x0000000017df0000)]
  0x000000001710b800 JavaThread "pool-1-thread-1" [_thread_blocked, id=6616, stack(0x0000000017bf0000,0x0000000017cf0000)]
  0x0000000016e50000 JavaThread "Service Thread" daemon [_thread_blocked, id=3552, stack(0x00000000179f0000,0x0000000017af0000)]
  0x0000000016e47800 JavaThread "C1 CompilerThread3" daemon [_thread_blocked, id=1616, stack(0x00000000178f0000,0x00000000179f0000)]
  0x0000000016e40800 JavaThread "C2 CompilerThread2" daemon [_thread_blocked, id=388, stack(0x00000000177f0000,0x00000000178f0000)]
  0x0000000016e3d800 JavaThread "C2 CompilerThread1" daemon [_thread_in_native, id=11332, stack(0x00000000176f0000,0x00000000177f0000)]
=>0x0000000016e3a800 JavaThread "C2 CompilerThread0" daemon [_thread_in_native, id=5856, stack(0x00000000175f0000,0x00000000176f0000)]
  0x0000000016e38800 JavaThread "Attach Listener" daemon [_thread_blocked, id=5072, stack(0x00000000174f0000,0x00000000175f0000)]
  0x0000000016e37000 JavaThread "Signal Dispatcher" daemon [_thread_blocked, id=8452, stack(0x00000000173f0000,0x00000000174f0000)]
  0x0000000016e30800 JavaThread "Finalizer" daemon [_thread_blocked, id=9796, stack(0x0000000017210000,0x0000000017310000)]
  0x0000000002405000 JavaThread "Reference Handler" daemon [_thread_blocked, id=13196, stack(0x0000000016d10000,0x0000000016e10000)]
  0x000000000210d800 JavaThread "main" [_thread_blocked, id=5032, stack(0x0000000002210000,0x0000000002310000)]

Other Threads:
  0x0000000014f29800 VMThread [stack: 0x0000000016c10000,0x0000000016d10000] [id=3868]
  0x0000000016ecc000 WatcherThread [stack: 0x0000000017af0000,0x0000000017bf0000] [id=10352]

VM state:not at safepoint (normal execution)

VM Mutex/Monitor currently owned by a thread: None

Heap:
 PSYoungGen      total 36864K, used 29208K [0x00000000eab00000, 0x00000000ed400000, 0x0000000100000000)
  eden space 31744K, 92% used [0x00000000eab00000,0x00000000ec786328,0x00000000eca00000)
  from space 5120K, 0% used [0x00000000ecf00000,0x00000000ecf00000,0x00000000ed400000)
  to   space 5120K, 0% used [0x00000000eca00000,0x00000000eca00000,0x00000000ecf00000)
 ParOldGen       total 84992K, used 0K [0x00000000c0000000, 0x00000000c5300000, 0x00000000eab00000)
  object space 84992K, 0% used [0x00000000c0000000,0x00000000c0000000,0x00000000c5300000)
 Metaspace       used 5994K, capacity 6896K, committed 7040K, reserved 1056768K
  class space    used 602K, capacity 616K, committed 640K, reserved 1048576K

Card table byte_map: [0x00000000117d0000,0x00000000119e0000] byte_map_base: 0x00000000111d0000

Marking Bits: (ParMarkBitMap*) 0x0000000062e40600
 Begin Bits: [0x0000000012340000, 0x0000000013340000)
 End Bits:   [0x0000000013340000, 0x0000000014340000)

Polling page: 0x0000000000870000

CodeCache: size=245760Kb used=4780Kb max_used=4792Kb free=240980Kb
 bounds [0x0000000002410000, 0x00000000028d0000, 0x0000000011410000]
 total_blobs=1472 nmethods=1202 adapters=182
 compilation: disabled (not enough contiguous free space left)

Compilation events (10 events):
Event: 2.092 Thread 0x0000000016e47800 1202       1       com.android.dx.ssa.back.FirstFitLocalCombiningAllocator$Multiset::getSize (5 bytes)
Event: 2.092 Thread 0x0000000016e47800 nmethod 1202 0x00000000028b59d0 code [0x00000000028b5b20, 0x00000000028b5c30]
Event: 2.092 Thread 0x0000000016e47800 1201       1       com.android.dx.ssa.PhiInsn::getOpcode (2 bytes)
Event: 2.092 Thread 0x0000000016e47800 nmethod 1201 0x00000000028b7890 code [0x00000000028b79e0, 0x00000000028b7af0]
Event: 2.095 Thread 0x0000000016e40800 1206       4       com.android.dx.ssa.SsaMethod::forEachInsn (36 bytes)
Event: 2.095 Thread 0x0000000016e47800 1208       3       java.util.HashMap::get (23 bytes)
Event: 2.095 Thread 0x0000000016e47800 nmethod 1208 0x00000000028bab50 code [0x00000000028bace0, 0x00000000028bb0d8]
Event: 2.095 Thread 0x0000000016e47800 1209       3       com.android.dx.ssa.PhiTypeResolver::run (179 bytes)
Event: 2.098 Thread 0x0000000016e47800 

Event: 2.102 Thread 0x0000000016e40800 


GC Heap History (0 events):
No events

Deoptimization events (6 events):
Event: 0.914 Thread 0x0000000017132000 Uncommon trap: reason=null_assert action=make_not_entrant pc=0x00000000026189c8 method=com.android.dx.rop.code.RegisterSpec$ForComparison.equals(Ljava/lang/Object;)Z @ 27
Event: 0.935 Thread 0x0000000017132000 Uncommon trap: reason=unstable_if action=reinterpret pc=0x0000000002619c18 method=com.android.dx.rop.code.RegisterSpec.equals(ILcom/android/dx/rop/type/TypeBearer;Lcom/android/dx/rop/code/LocalItem;)Z @ 24
Event: 1.108 Thread 0x000000001710b800 Uncommon trap: reason=null_check action=make_not_entrant pc=0x00000000026b8ac0 method=com.android.dx.rop.code.LocalItem.equals(Ljava/lang/Object;)Z @ 1
Event: 2.059 Thread 0x000000001710b800 Uncommon trap: reason=unstable_if action=reinterpret pc=0x000000000284da1c method=com.android.dx.ssa.SsaMethod.updateOneDefinition(Lcom/android/dx/ssa/SsaInsn;Lcom/android/dx/rop/code/RegisterSpec;)V @ 4
Event: 2.093 Thread 0x0000000017124800 Uncommon trap: reason=unstable_if action=reinterpret pc=0x000000000270c13c method=java.util.HashMap.getNode(ILjava/lang/Object;)Ljava/util/HashMap$Node; @ 129
Event: 2.094 Thread 0x0000000017124800 Uncommon trap: reason=unstable_if action=reinterpret pc=0x000000000261b7d4 method=java.util.HashMap.getNode(ILjava/lang/Object;)Ljava/util/HashMap$Node; @ 62

Internal exceptions (3 events):
Event: 0.112 Thread 0x000000000210d800 Exception <a 'java/lang/NoSuchMethodError': Method sun.misc.Unsafe.defineClass(Ljava/lang/String;[BII)Ljava/lang/Class; name or signature does not match> (0x00000000eab07cc0) thrown at [C:\re\workspace\8-2-build-windows-amd64-cygwin\jdk8u72\5732\hotspot\srıuãx∑º?
Event: 0.112 Thread 0x000000000210d800 Exception <a 'java/lang/NoSuchMethodError': Method sun.misc.Unsafe.prefetchRead(Ljava/lang/Object;J)V name or signature does not match> (0x00000000eab07fa8) thrown at [C:\re\workspace\8-2-build-windows-amd64-cygwin\jdk8u72\5732\hotspot\src\share\vm\prims\j“Î'2∏Ò?
Event: 1.107 Thread 0x000000001710b800 Implicit null exception at 0x00000000026b790d to 0x00000000026b8a9d

Events (10 events):
Event: 2.059 Thread 0x000000001710b800 DEOPT PACKING pc=0x000000000284da1c sp=0x0000000017cee730
Event: 2.059 Thread 0x000000001710b800 DEOPT UNPACKING pc=0x000000000245582a sp=0x0000000017cee6d8 mode 2
Event: 2.067 Executing VM operation: ForceSafepoint
Event: 2.069 Executing VM operation: ForceSafepoint done
Event: 2.093 Thread 0x0000000017124800 Uncommon trap: trap_request=0xffffff65 fr.pc=0x000000000270c13c
Event: 2.093 Thread 0x0000000017124800 DEOPT PACKING pc=0x000000000270c13c sp=0x0000000017eee810
Event: 2.093 Thread 0x0000000017124800 DEOPT UNPACKING pc=0x000000000245582a sp=0x0000000017eee6e0 mode 2
Event: 2.094 Thread 0x0000000017124800 Uncommon trap: trap_request=0xffffff65 fr.pc=0x000000000261b7d4
Event: 2.094 Thread 0x0000000017124800 DEOPT PACKING pc=0x000000000261b7d4 sp=0x0000000017eee750
Event: 2.094 Thread 0x0000000017124800 DEOPT UNPACKING pc=0x000000000245582a sp=0x0000000017eee680 mode 2


Dynamic libraries:
0x00007ff77ffa0000 - 0x00007ff77ffd7000 	C:\Program Files\Java\jdk1.8.0_72\bin\java.exe
0x00007ffe87fb0000 - 0x00007ffe88171000 	C:\WINDOWS\SYSTEM32\ntdll.dll
0x00007ffe863e0000 - 0x00007ffe8648d000 	C:\WINDOWS\system32\KERNEL32.DLL
0x00007ffe849e0000 - 0x00007ffe84bc8000 	C:\WINDOWS\system32\KERNELBASE.dll
0x00007ffe86990000 - 0x00007ffe86a37000 	C:\WINDOWS\system32\ADVAPI32.dll
0x00007ffe855a0000 - 0x00007ffe8563d000 	C:\WINDOWS\system32\msvcrt.dll
0x00007ffe85b70000 - 0x00007ffe85bcb000 	C:\WINDOWS\system32\sechost.dll
0x00007ffe86490000 - 0x00007ffe865ac000 	C:\WINDOWS\system32\RPCRT4.dll
0x00007ffe85d90000 - 0x00007ffe85ee6000 	C:\WINDOWS\system32\USER32.dll
0x00007ffe853b0000 - 0x00007ffe85536000 	C:\WINDOWS\system32\GDI32.dll
0x00007ffe80d50000 - 0x00007ffe80fc4000 	C:\WINDOWS\WinSxS\amd64_microsoft.windows.common-controls_6595b64144ccf1df_6.0.10586.0_none_8c15ae12515e1c22\COMCTL32.dll
0x00007ffe86690000 - 0x00007ffe8690d000 	C:\WINDOWS\system32\combase.dll
0x00007ffe846b0000 - 0x00007ffe8471a000 	C:\WINDOWS\system32\bcryptPrimitives.dll
0x00007ffe85980000 - 0x00007ffe859bb000 	C:\WINDOWS\system32\IMM32.DLL
0x00007ffe844c0000 - 0x00007ffe844f1000 	C:\Windows\system32\nvinitx.dll
0x00007ffe844b0000 - 0x00007ffe844ba000 	C:\WINDOWS\SYSTEM32\VERSION.dll
0x0000000065550000 - 0x0000000065556000 	C:\Program Files\NVIDIA Corporation\CoProcManager\_etoured.dll
0x00007ffe82c50000 - 0x00007ffe82c83000 	C:\Program Files\NVIDIA Corporation\CoProcManager\nvd3d9wrapx.dll
0x00007ffe85fb0000 - 0x00007ffe863d9000 	C:\WINDOWS\system32\SETUPAPI.dll
0x00007ffe84660000 - 0x00007ffe846a3000 	C:\WINDOWS\system32\CFGMGR32.dll
0x00007ffe82c10000 - 0x00007ffe82c32000 	C:\Program Files\NVIDIA Corporation\CoProcManager\nvdxgiwrapx.dll
0x00000000632b0000 - 0x0000000063382000 	C:\Program Files\Java\jdk1.8.0_72\jre\bin\msvcr100.dll
0x0000000062630000 - 0x0000000062ec0000 	C:\Program Files\Java\jdk1.8.0_72\jre\bin\server\jvm.dll
0x00007ffe86680000 - 0x00007ffe86688000 	C:\WINDOWS\system32\PSAPI.DLL
0x00007ffe729f0000 - 0x00007ffe729f9000 	C:\WINDOWS\SYSTEM32\WSOCK32.dll
0x00007ffe86910000 - 0x00007ffe8697b000 	C:\WINDOWS\system32\WS2_32.dll
0x00007ffe82b00000 - 0x00007ffe82b23000 	C:\WINDOWS\SYSTEM32\WINMM.dll
0x00007ffe82a70000 - 0x00007ffe82a9c000 	C:\WINDOWS\SYSTEM32\WINMMBASE.dll
0x0000000063720000 - 0x000000006372f000 	C:\Program Files\Java\jdk1.8.0_72\jre\bin\verify.dll
0x00000000636f0000 - 0x0000000063719000 	C:\Program Files\Java\jdk1.8.0_72\jre\bin\java.dll
0x00000000636d0000 - 0x00000000636e6000 	C:\Program Files\Java\jdk1.8.0_72\jre\bin\zip.dll
0x00007ffe86a50000 - 0x00007ffe87fac000 	C:\WINDOWS\system32\SHELL32.dll
0x00007ffe84d60000 - 0x00007ffe853a5000 	C:\WINDOWS\system32\windows.storage.dll
0x00007ffe85540000 - 0x00007ffe85592000 	C:\WINDOWS\system32\shlwapi.dll
0x00007ffe84620000 - 0x00007ffe8462f000 	C:\WINDOWS\system32\kernel.appcore.dll
0x00007ffe84bd0000 - 0x00007ffe84c85000 	C:\WINDOWS\system32\shcore.dll
0x00007ffe845d0000 - 0x00007ffe8461b000 	C:\WINDOWS\system32\powrprof.dll
0x00007ffe84630000 - 0x00007ffe84644000 	C:\WINDOWS\system32\profapi.dll

VM Arguments:
jvm_args: -Djava.awt.headless=true -Xmx1024M -Dfile.encoding=windows-1252 -Duser.country=US -Duser.language=en -Duser.variant 
java_command: com.android.dx.command.Main --dex --num-threads=4 --output C:\Users\qasim\AndroidStudioProjects\GoogleMapApp\app\build\intermediates\pre-dexed\debug\com.google.android.gms-play-services-auth-8.4.0_e6451ac30dc1530663116f52ad60f1088cd7c4c4.jar C:\Users\qasim\AndroidStudioProjects\GoogleMapApp\app\build\intermediates\exploded-aar\com.google.android.gms\play-services-auth\8.4.0\jars\classes.jar
java_class_path (initial): C:\Users\qasim\AppData\Local\Android\sdk1\build-tools\23.0.2\lib\dx.jar
Launcher Type: SUN_STANDARD

Environment Variables:
PATH=C:\app\admin\product\12.1.0\dbhome_1\bin;C:\oracle\product\10.2.0\db_1\bin;C:\DevSuiteHome_1\jdk\jre\bin\classic;C:\DevSuiteHome_1\jdk\jre\bin;C:\DevSuiteHome_1\jdk\jre\bin\client;C:\DevSuiteHome_1\jlib;C:\DevSuiteHome_1\bin;C:\DevSuiteHome_1\jre\1.4.2\bin\client;C:\DevSuiteHome_1\jre\1.4.2\bin;C:\Program Files (x86)\Common Files\Intel\Shared Files\cpp\bin\Intel64;C:\ProgramData\Oracle\Java\javapath;C:\Windows\system32;C:\Windows;C:\Windows\System32\Wbem;C:\Windows\System32\WindowsPowerShell\v1.0\;C:\Program Files (x86)\NVIDIA Corporation\PhysX\Common;C:\WINDOWS\system32;C:\WINDOWS;C:\WINDOWS\System32\Wbem;C:\WINDOWS\System32\WindowsPowerShell\v1.0\;C:\Program Files (x86)\QT Lite\QTSystem;C:\Program Files (x86)\Skype\Phone\;C:\Program Files (x86)\Windows Kits\8.1\Windows Performance Toolkit\;C:\Program Files\Microsoft SQL Server\110\Tools\Binn\;C:\Program Files\Common Files\Autodesk Shared\;C:\Program Files (x86)\Autodesk\Backburner\;C:\Program Files (x86)\Ruby22\bin
USERNAME=qasim
OS=Windows_NT
PROCESSOR_IDENTIFIER=Intel64 Family 6 Model 58 Stepping 9, GenuineIntel



---------------  S Y S T E M  ---------------

OS: Windows 10.0 , 64 bit Build 10586 (10.0.10586.0)

CPU:total 8 (4 cores per cpu, 2 threads per core) family 6 model 58 stepping 9, cmov, cx8, fxsr, mmx, sse, sse2, sse3, ssse3, sse4.1, sse4.2, popcnt, avx, aes, clmul, erms, ht, tsc, tscinvbit, tscinv

Memory: 4k page, physical 8074748k(2291832k free), swap 10000892k(2224k free)

vm_info: Java HotSpot(TM) 64-Bit Server VM (25.72-b15) for windows-amd64 JRE (1.8.0_72-b15), built on Dec 22 2015 19:16:16 by "java_re" with MS VC++ 10.0 (VS2010)

time: Mon Feb 15 23:16:16 2016
elapsed time: 2 seconds (0d 0h 0m 2s)

