#
# There is insufficient memory for the Java Runtime Environment to continue.
# Native memory allocation (malloc) failed to allocate 1022576 bytes for Chunk::new
# Possible reasons:
#   The system is out of physical RAM or swap space
#   In 32 bit mode, the process size limit was hit
# Possible solutions:
#   Reduce memory load on the system
#   Increase physical memory or swap space
#   Check if swap backing store is full
#   Use 64 bit Java on a 64 bit OS
#   Decrease Java heap size (-Xmx/-Xms)
#   Decrease number of Java threads
#   Decrease Java thread stack sizes (-Xss)
#   Set larger code cache with -XX:ReservedCodeCacheSize=
# This output file may be truncated or incomplete.
#
#  Out of Memory Error (allocation.cpp:390), pid=8424, tid=5268
#
# JRE version: Java(TM) SE Runtime Environment (8.0_72-b15) (build 1.8.0_72-b15)
# Java VM: Java HotSpot(TM) 64-Bit Server VM (25.72-b15 mixed mode windows-amd64 compressed oops)
# Failed to write core dump. Minidumps are not enabled by default on client versions of Windows
#

---------------  T H R E A D  ---------------

Current thread (0x0000000016dfb800):  JavaThread "C2 CompilerThread0" daemon [_thread_in_native, id=5268, stack(0x00000000175b0000,0x00000000176b0000)]

Stack: [0x00000000175b0000,0x00000000176b0000]
[error occurred during error reporting (printing stack bounds), id 0xc0000005]

Native frames: (J=compiled Java code, j=interpreted, Vv=VM code, C=native code)


Current CompileTask:
C2:   4213 1366       4       com.android.dx.ssa.SCCP::simulatePhi (169 bytes)


---------------  P R O C E S S  ---------------

Java Threads: ( => current thread )
  0x000000001713e000 JavaThread "pool-1-thread-4" [_thread_blocked, id=14464, stack(0x0000000017fb0000,0x00000000180b0000)]
  0x000000001713b000 JavaThread "pool-1-thread-3" [_thread_in_Java, id=6168, stack(0x0000000017eb0000,0x0000000017fb0000)]
  0x0000000017139800 JavaThread "pool-1-thread-2" [_thread_blocked, id=12348, stack(0x0000000017db0000,0x0000000017eb0000)]
  0x0000000017129000 JavaThread "pool-2-thread-1" [_thread_blocked, id=7496, stack(0x0000000017cb0000,0x0000000017db0000)]
  0x0000000017120000 JavaThread "pool-1-thread-1" [_thread_blocked, id=3240, stack(0x0000000017bb0000,0x0000000017cb0000)]
  0x0000000016ea9800 JavaThread "Service Thread" daemon [_thread_blocked, id=2660, stack(0x00000000179b0000,0x0000000017ab0000)]
  0x0000000016e09000 JavaThread "C1 CompilerThread3" daemon [_thread_blocked, id=7228, stack(0x00000000178b0000,0x00000000179b0000)]
  0x0000000016e01000 JavaThread "C2 CompilerThread2" daemon [_thread_in_native, id=9380, stack(0x00000000177b0000,0x00000000178b0000)]
  0x0000000016dfe000 JavaThread "C2 CompilerThread1" daemon [_thread_in_native, id=2116, stack(0x00000000176b0000,0x00000000177b0000)]
=>0x0000000016dfb800 JavaThread "C2 CompilerThread0" daemon [_thread_in_native, id=5268, stack(0x00000000175b0000,0x00000000176b0000)]
  0x0000000016df9800 JavaThread "Attach Listener" daemon [_thread_blocked, id=13520, stack(0x00000000174b0000,0x00000000175b0000)]
  0x0000000016df6000 JavaThread "Signal Dispatcher" daemon [_thread_blocked, id=10336, stack(0x00000000173b0000,0x00000000174b0000)]
  0x00000000023ce800 JavaThread "Finalizer" daemon [_thread_blocked, id=13800, stack(0x00000000171d0000,0x00000000172d0000)]
  0x00000000023c5000 JavaThread "Reference Handler" daemon [_thread_blocked, id=14460, stack(0x0000000016cd0000,0x0000000016dd0000)]
  0x000000000227d800 JavaThread "main" [_thread_blocked, id=10096, stack(0x0000000002150000,0x0000000002250000)]

Other Threads:
  0x0000000014ee9800 VMThread [stack: 0x0000000016bd0000,0x0000000016cd0000] [id=8636]
  0x0000000016eab800 WatcherThread [stack: 0x0000000017ab0000,0x0000000017bb0000] [id=10784]

VM state:not at safepoint (normal execution)

VM Mutex/Monitor currently owned by a thread: None

Heap:
 PSYoungGen      total 36864K, used 10864K [0x00000000eab00000, 0x00000000ed400000, 0x0000000100000000)
  eden space 31744K, 18% used [0x00000000eab00000,0x00000000eb0a2b30,0x00000000eca00000)
  from space 5120K, 99% used [0x00000000eca00000,0x00000000ecef9638,0x00000000ecf00000)
  to   space 5120K, 0% used [0x00000000ecf00000,0x00000000ecf00000,0x00000000ed400000)
 ParOldGen       total 84992K, used 1305K [0x00000000c0000000, 0x00000000c5300000, 0x00000000eab00000)
  object space 84992K, 1% used [0x00000000c0000000,0x00000000c0146618,0x00000000c5300000)
 Metaspace       used 6120K, capacity 7026K, committed 7296K, reserved 1056768K
  class space    used 599K, capacity 618K, committed 640K, reserved 1048576K

Card table byte_map: [0x0000000011790000,0x00000000119a0000] byte_map_base: 0x0000000011190000

Marking Bits: (ParMarkBitMap*) 0x0000000062e40600
 Begin Bits: [0x0000000012300000, 0x0000000013300000)
 End Bits:   [0x0000000013300000, 0x0000000014300000)

Polling page: 0x0000000000970000

CodeCache: size=245760Kb used=5641Kb max_used=5641Kb free=240118Kb
 bounds [0x00000000023d0000, 0x0000000002960000, 0x00000000113d0000]
 total_blobs=1661 nmethods=1392 adapters=182
 compilation: enabled

Compilation events (10 events):
Event: 4.177 Thread 0x0000000016e09000 1393       3       com.android.dx.ssa.DomFront::buildDomTree (72 bytes)
Event: 4.178 Thread 0x0000000016e09000 nmethod 1393 0x000000000294ed50 code [0x000000000294efa0, 0x000000000294fe08]
Event: 4.178 Thread 0x0000000016e09000 1390       3       com.android.dx.ssa.back.SsaToRop::verifyValidExitPredecessor (53 bytes)
Event: 4.178 Thread 0x0000000016e09000 nmethod 1390 0x00000000029508d0 code [0x0000000002950ac0, 0x00000000029512d8]
Event: 4.178 Thread 0x0000000016e09000 1392       1       com.android.dx.dex.code.RopTranslator::access$100 (5 bytes)
Event: 4.178 Thread 0x0000000016e09000 nmethod 1392 0x0000000002951790 code [0x00000000029518e0, 0x00000000029519d0]
Event: 4.179 Thread 0x0000000016e09000 1395       3       com.android.dx.rop.code.RegisterSpecList::make (17 bytes)
Event: 4.180 Thread 0x0000000016e09000 nmethod 1395 0x0000000002951a50 code [0x0000000002951c20, 0x00000000029524e8]
Event: 4.202 Thread 0x0000000016e09000 1396       3       com.android.dx.rop.type.Prototype::makeParameterArray (131 bytes)
Event: 4.203 Thread 0x0000000016e09000 nmethod 1396 0x0000000002952b10 code [0x0000000002952d40, 0x0000000002953918]

GC Heap History (2 events):
Event: 3.693 GC heap before
{Heap before GC invocations=1 (full 0):
 PSYoungGen      total 36864K, used 31744K [0x00000000eab00000, 0x00000000ed400000, 0x0000000100000000)
  eden space 31744K, 100% used [0x00000000eab00000,0x00000000eca00000,0x00000000eca00000)
  from space 5120K, 0% used [0x00000000ecf00000,0x00000000ecf00000,0x00000000ed400000)
  to   space 5120K, 0% used [0x00000000eca00000,0x00000000eca00000,0x00000000ecf00000)
 ParOldGen       total 84992K, used 0K [0x00000000c0000000, 0x00000000c5300000, 0x00000000eab00000)
  object space 84992K, 0% used [0x00000000c0000000,0x00000000c0000000,0x00000000c5300000)
 Metaspace       used 6033K, capacity 6962K, committed 7040K, reserved 1056768K
  class space    used 599K, capacity 618K, committed 640K, reserved 1048576K
Event: 3.871 GC heap after
Heap after GC invocations=1 (full 0):
 PSYoungGen      total 36864K, used 5093K [0x00000000eab00000, 0x00000000ed400000, 0x0000000100000000)
  eden space 31744K, 0% used [0x00000000eab00000,0x00000000eab00000,0x00000000eca00000)
  from space 5120K, 99% used [0x00000000eca00000,0x00000000ecef9638,0x00000000ecf00000)
  to   space 5120K, 0% used [0x00000000ecf00000,0x00000000ecf00000,0x00000000ed400000)
 ParOldGen       total 84992K, used 1305K [0x00000000c0000000, 0x00000000c5300000, 0x00000000eab00000)
  object space 84992K, 1% used [0x00000000c0000000,0x00000000c0146618,0x00000000c5300000)
 Metaspace       used 6033K, capacity 6962K, committed 7040K, reserved 1056768K
  class space    used 599K, capacity 618K, committed 640K, reserved 1048576K
}

Deoptimization events (5 events):
Event: 2.792 Thread 0x000000001713e000 Uncommon trap: reason=class_check action=maybe_recompile pc=0x00000000026a0614 method=com.android.dx.ssa.NormalSsaInsn.accept(Lcom/android/dx/ssa/SsaInsn$Visitor;)V @ 9
Event: 2.792 Thread 0x000000001713e000 Uncommon trap: reason=class_check action=maybe_recompile pc=0x0000000002698ad0 method=com.android.dx.ssa.NormalSsaInsn.accept(Lcom/android/dx/ssa/SsaInsn$Visitor;)V @ 9
Event: 2.792 Thread 0x000000001713e000 Uncommon trap: reason=class_check action=maybe_recompile pc=0x0000000002698ad0 method=com.android.dx.ssa.NormalSsaInsn.accept(Lcom/android/dx/ssa/SsaInsn$Visitor;)V @ 9
Event: 3.382 Thread 0x0000000017120000 Uncommon trap: reason=unstable_if action=reinterpret pc=0x00000000027008dc method=com.android.dx.ssa.SsaMethod.updateOneDefinition(Lcom/android/dx/ssa/SsaInsn;Lcom/android/dx/rop/code/RegisterSpec;)V @ 4
Event: 3.534 Thread 0x0000000017120000 Uncommon trap: reason=unstable_if action=reinterpret pc=0x00000000026f4f9c method=com.android.dx.rop.cst.Constant.compareTo(Lcom/android/dx/rop/cst/Constant;)I @ 12

Internal exceptions (2 events):
Event: 0.025 Thread 0x000000000227d800 Exception <a 'java/lang/NoSuchMethodError': Method sun.misc.Unsafe.defineClass(Ljava/lang/String;[BII)Ljava/lang/Class; name or signature does not match> (0x00000000eab07cc0) thrown at [C:\re\workspace\8-2-build-windows-amd64-cygwin\jdk8u72\5732\hotspot\srçÕŒ}´™?
Event: 0.025 Thread 0x000000000227d800 Exception <a 'java/lang/NoSuchMethodError': Method sun.misc.Unsafe.prefetchRead(Ljava/lang/Object;J)V name or signature does not match> (0x00000000eab07fa8) thrown at [C:\re\workspace\8-2-build-windows-amd64-cygwin\jdk8u72\5732\hotspot\src\share\vm\prims\j

Events (10 events):
Event: 3.382 Thread 0x0000000017120000 DEOPT UNPACKING pc=0x000000000241582a sp=0x0000000017caeb18 mode 2
Event: 3.534 Thread 0x0000000017120000 Uncommon trap: trap_request=0xffffff65 fr.pc=0x00000000026f4f9c
Event: 3.535 Thread 0x0000000017120000 DEOPT PACKING pc=0x00000000026f4f9c sp=0x0000000017caeb10
Event: 3.535 Thread 0x0000000017120000 DEOPT UNPACKING pc=0x000000000241582a sp=0x0000000017caeab0 mode 2
Event: 3.649 Thread 0x000000001713b000 DEOPT PACKING pc=0x00000000026d3d25 sp=0x0000000017fae840
Event: 3.649 Thread 0x000000001713b000 DEOPT UNPACKING pc=0x000000000241787f sp=0x0000000017fae620 mode 0
Event: 3.691 Executing VM operation: ParallelGCFailedAllocation
Event: 3.871 Executing VM operation: ParallelGCFailedAllocation done
Event: 4.165 Executing VM operation: EnableBiasedLocking
Event: 4.165 Executing VM operation: EnableBiasedLocking done


Dynamic libraries:
0x00007ff77ffa0000 - 0x00007ff77ffd7000 	C:\Program Files\Java\jdk1.8.0_72\bin\java.exe
0x00007ffe87fb0000 - 0x00007ffe88171000 	C:\WINDOWS\SYSTEM32\ntdll.dll
0x00007ffe863e0000 - 0x00007ffe8648d000 	C:\WINDOWS\system32\KERNEL32.DLL
0x00007ffe849e0000 - 0x00007ffe84bc8000 	C:\WINDOWS\system32\KERNELBASE.dll
0x00007ffe86990000 - 0x00007ffe86a37000 	C:\WINDOWS\system32\ADVAPI32.dll
0x00007ffe855a0000 - 0x00007ffe8563d000 	C:\WINDOWS\system32\msvcrt.dll
0x00007ffe85b70000 - 0x00007ffe85bcb000 	C:\WINDOWS\system32\sechost.dll
0x00007ffe86490000 - 0x00007ffe865ac000 	C:\WINDOWS\system32\RPCRT4.dll
0x00007ffe85d90000 - 0x00007ffe85ee6000 	C:\WINDOWS\system32\USER32.dll
0x00007ffe853b0000 - 0x00007ffe85536000 	C:\WINDOWS\system32\GDI32.dll
0x00007ffe80d50000 - 0x00007ffe80fc4000 	C:\WINDOWS\WinSxS\amd64_microsoft.windows.common-controls_6595b64144ccf1df_6.0.10586.0_none_8c15ae12515e1c22\COMCTL32.dll
0x00007ffe86690000 - 0x00007ffe8690d000 	C:\WINDOWS\system32\combase.dll
0x00007ffe846b0000 - 0x00007ffe8471a000 	C:\WINDOWS\system32\bcryptPrimitives.dll
0x00007ffe85980000 - 0x00007ffe859bb000 	C:\WINDOWS\system32\IMM32.DLL
0x00007ffe844c0000 - 0x00007ffe844f1000 	C:\Windows\system32\nvinitx.dll
0x00007ffe844b0000 - 0x00007ffe844ba000 	C:\WINDOWS\SYSTEM32\VERSION.dll
0x0000000065550000 - 0x0000000065556000 	C:\Program Files\NVIDIA Corporation\CoProcManager\_etoured.dll
0x00007ffe82c50000 - 0x00007ffe82c83000 	C:\Program Files\NVIDIA Corporation\CoProcManager\nvd3d9wrapx.dll
0x00007ffe85fb0000 - 0x00007ffe863d9000 	C:\WINDOWS\system32\SETUPAPI.dll
0x00007ffe84660000 - 0x00007ffe846a3000 	C:\WINDOWS\system32\CFGMGR32.dll
0x00007ffe82c10000 - 0x00007ffe82c32000 	C:\Program Files\NVIDIA Corporation\CoProcManager\nvdxgiwrapx.dll
0x00000000632b0000 - 0x0000000063382000 	C:\Program Files\Java\jdk1.8.0_72\jre\bin\msvcr100.dll
0x0000000062630000 - 0x0000000062ec0000 	C:\Program Files\Java\jdk1.8.0_72\jre\bin\server\jvm.dll
0x00007ffe86680000 - 0x00007ffe86688000 	C:\WINDOWS\system32\PSAPI.DLL
0x00007ffe82b00000 - 0x00007ffe82b23000 	C:\WINDOWS\SYSTEM32\WINMM.dll
0x00007ffe729f0000 - 0x00007ffe729f9000 	C:\WINDOWS\SYSTEM32\WSOCK32.dll
0x00007ffe86910000 - 0x00007ffe8697b000 	C:\WINDOWS\system32\WS2_32.dll
0x0000000002120000 - 0x000000000214c000 	C:\WINDOWS\SYSTEM32\WINMMBASE.dll
0x0000000063720000 - 0x000000006372f000 	C:\Program Files\Java\jdk1.8.0_72\jre\bin\verify.dll
0x00000000636f0000 - 0x0000000063719000 	C:\Program Files\Java\jdk1.8.0_72\jre\bin\java.dll
0x00000000636d0000 - 0x00000000636e6000 	C:\Program Files\Java\jdk1.8.0_72\jre\bin\zip.dll
0x00007ffe86a50000 - 0x00007ffe87fac000 	C:\WINDOWS\system32\SHELL32.dll
0x00007ffe84d60000 - 0x00007ffe853a5000 	C:\WINDOWS\system32\windows.storage.dll
0x00007ffe85540000 - 0x00007ffe85592000 	C:\WINDOWS\system32\shlwapi.dll
0x00007ffe84620000 - 0x00007ffe8462f000 	C:\WINDOWS\system32\kernel.appcore.dll
0x00007ffe84bd0000 - 0x00007ffe84c85000 	C:\WINDOWS\system32\shcore.dll
0x00007ffe845d0000 - 0x00007ffe8461b000 	C:\WINDOWS\system32\powrprof.dll
0x00007ffe84630000 - 0x00007ffe84644000 	C:\WINDOWS\system32\profapi.dll

VM Arguments:
jvm_args: -Djava.awt.headless=true -Xmx1024M -Dfile.encoding=windows-1252 -Duser.country=US -Duser.language=en -Duser.variant 
java_command: com.android.dx.command.Main --dex --num-threads=4 --output C:\Users\qasim\AndroidStudioProjects\GoogleMapApp\app\build\intermediates\pre-dexed\debug\com.google.android.gms-play-services-vision-8.4.0_c876174a1705a271f420bc1bb6f13e7d92781fee.jar C:\Users\qasim\AndroidStudioProjects\GoogleMapApp\app\build\intermediates\exploded-aar\com.google.android.gms\play-services-vision\8.4.0\jars\classes.jar
java_class_path (initial): C:\Users\qasim\AppData\Local\Android\sdk1\build-tools\23.0.2\lib\dx.jar
Launcher Type: SUN_STANDARD

Environment Variables:
PATH=C:\app\admin\product\12.1.0\dbhome_1\bin;C:\oracle\product\10.2.0\db_1\bin;C:\DevSuiteHome_1\jdk\jre\bin\classic;C:\DevSuiteHome_1\jdk\jre\bin;C:\DevSuiteHome_1\jdk\jre\bin\client;C:\DevSuiteHome_1\jlib;C:\DevSuiteHome_1\bin;C:\DevSuiteHome_1\jre\1.4.2\bin\client;C:\DevSuiteHome_1\jre\1.4.2\bin;C:\Program Files (x86)\Common Files\Intel\Shared Files\cpp\bin\Intel64;C:\ProgramData\Oracle\Java\javapath;C:\Windows\system32;C:\Windows;C:\Windows\System32\Wbem;C:\Windows\System32\WindowsPowerShell\v1.0\;C:\Program Files (x86)\NVIDIA Corporation\PhysX\Common;C:\WINDOWS\system32;C:\WINDOWS;C:\WINDOWS\System32\Wbem;C:\WINDOWS\System32\WindowsPowerShell\v1.0\;C:\Program Files (x86)\QT Lite\QTSystem;C:\Program Files (x86)\Skype\Phone\;C:\Program Files (x86)\Windows Kits\8.1\Windows Performance Toolkit\;C:\Program Files\Microsoft SQL Server\110\Tools\Binn\;C:\Program Files\Common Files\Autodesk Shared\;C:\Program Files (x86)\Autodesk\Backburner\;C:\Program Files (x86)\Ruby22\bin
USERNAME=qasim
OS=Windows_NT
PROCESSOR_IDENTIFIER=Intel64 Family 6 Model 58 Stepping 9, GenuineIntel



---------------  S Y S T E M  ---------------

OS: Windows 10.0 , 64 bit Build 10586 (10.0.10586.0)

CPU:total 8 (4 cores per cpu, 2 threads per core) family 6 model 58 stepping 9, cmov, cx8, fxsr, mmx, sse, sse2, sse3, ssse3, sse4.1, sse4.2, popcnt, avx, aes, clmul, erms, ht, tsc, tscinvbit, tscinv

Memory: 4k page, physical 8074748k(2217088k free), swap 10000892k(5212k free)

vm_info: Java HotSpot(TM) 64-Bit Server VM (25.72-b15) for windows-amd64 JRE (1.8.0_72-b15), built on Dec 22 2015 19:16:16 by "java_re" with MS VC++ 10.0 (VS2010)

time: Mon Feb 15 23:19:08 2016
elapsed time: 4 seconds (0d 0h 0m 4s)

