#
# There is insufficient memory for the Java Runtime Environment to continue.
# Native memory allocation (malloc) failed to allocate 1689936 bytes for Chunk::new
# Possible reasons:
#   The system is out of physical RAM or swap space
#   In 32 bit mode, the process size limit was hit
# Possible solutions:
#   Reduce memory load on the system
#   Increase physical memory or swap space
#   Check if swap backing store is full
#   Use 64 bit Java on a 64 bit OS
#   Decrease Java heap size (-Xmx/-Xms)
#   Decrease number of Java threads
#   Decrease Java thread stack sizes (-Xss)
#   Set larger code cache with -XX:ReservedCodeCacheSize=
# This output file may be truncated or incomplete.
#
#  Out of Memory Error (allocation.cpp:390), pid=5852, tid=8096
#
# JRE version: Java(TM) SE Runtime Environment (8.0_72-b15) (build 1.8.0_72-b15)
# Java VM: Java HotSpot(TM) 64-Bit Server VM (25.72-b15 mixed mode windows-amd64 compressed oops)
# Failed to write core dump. Minidumps are not enabled by default on client versions of Windows
#

---------------  T H R E A D  ---------------

Current thread (0x0000000016ce2800):  JavaThread "C2 CompilerThread2" daemon [_thread_in_native, id=8096, stack(0x0000000017690000,0x0000000017790000)]

Stack: [0x0000000017690000,0x0000000017790000]
[error occurred during error reporting (printing stack bounds), id 0xc0000005]

Native frames: (J=compiled Java code, j=interpreted, Vv=VM code, C=native code)


Current CompileTask:
C2:   3934 1581       4       com.android.dx.rop.code.Rops::ropFor (771 bytes)


---------------  P R O C E S S  ---------------

Java Threads: ( => current thread )
  0x0000000017a90800 JavaThread "pool-1-thread-4" [_thread_blocked, id=11440, stack(0x0000000018690000,0x0000000018790000)]
  0x0000000016fdb000 JavaThread "pool-1-thread-3" [_thread_blocked, id=2428, stack(0x0000000018590000,0x0000000018690000)]
  0x0000000016fd4000 JavaThread "pool-1-thread-2" [_thread_blocked, id=13820, stack(0x0000000018490000,0x0000000018590000)]
  0x0000000016fc6800 JavaThread "pool-2-thread-1" [_thread_blocked, id=12664, stack(0x0000000018390000,0x0000000018490000)]
  0x000000001701b800 JavaThread "pool-1-thread-1" [_thread_blocked, id=11768, stack(0x0000000018290000,0x0000000018390000)]
  0x0000000016d7f800 JavaThread "Service Thread" daemon [_thread_blocked, id=6764, stack(0x0000000017890000,0x0000000017990000)]
  0x0000000016cf0000 JavaThread "C1 CompilerThread3" daemon [_thread_blocked, id=9892, stack(0x0000000017790000,0x0000000017890000)]
=>0x0000000016ce2800 JavaThread "C2 CompilerThread2" daemon [_thread_in_native, id=8096, stack(0x0000000017690000,0x0000000017790000)]
  0x0000000016cdd800 JavaThread "C2 CompilerThread1" daemon [_thread_in_native, id=8296, stack(0x0000000017590000,0x0000000017690000)]
  0x0000000016cdb000 JavaThread "C2 CompilerThread0" daemon [_thread_blocked, id=3984, stack(0x0000000017490000,0x0000000017590000)]
  0x0000000016cd8800 JavaThread "Attach Listener" daemon [_thread_blocked, id=5608, stack(0x0000000017390000,0x0000000017490000)]
  0x0000000016cd7000 JavaThread "Signal Dispatcher" daemon [_thread_blocked, id=10084, stack(0x0000000017290000,0x0000000017390000)]
  0x0000000016cd0800 JavaThread "Finalizer" daemon [_thread_blocked, id=9944, stack(0x00000000170b0000,0x00000000171b0000)]
  0x0000000002295000 JavaThread "Reference Handler" daemon [_thread_blocked, id=9624, stack(0x0000000016bb0000,0x0000000016cb0000)]
  0x0000000001eed800 JavaThread "main" [_thread_blocked, id=10704, stack(0x00000000020a0000,0x00000000021a0000)]

Other Threads:
  0x0000000014db9800 VMThread [stack: 0x0000000016ab0000,0x0000000016bb0000] [id=2284]
  0x0000000016d91800 WatcherThread [stack: 0x0000000017990000,0x0000000017a90000] [id=6844]

VM state:not at safepoint (normal execution)

VM Mutex/Monitor currently owned by a thread: None

Heap:
 PSYoungGen      total 68608K, used 16596K [0x00000000eab00000, 0x00000000ef300000, 0x0000000100000000)
  eden space 63488K, 18% used [0x00000000eab00000,0x00000000eb6368f0,0x00000000ee900000)
  from space 5120K, 99% used [0x00000000eee00000,0x00000000ef2feaa8,0x00000000ef300000)
  to   space 5120K, 0% used [0x00000000ee900000,0x00000000ee900000,0x00000000eee00000)
 ParOldGen       total 84992K, used 5156K [0x00000000c0000000, 0x00000000c5300000, 0x00000000eab00000)
  object space 84992K, 6% used [0x00000000c0000000,0x00000000c0509300,0x00000000c5300000)
 Metaspace       used 6204K, capacity 7090K, committed 7296K, reserved 1056768K
  class space    used 599K, capacity 618K, committed 640K, reserved 1048576K

Card table byte_map: [0x0000000011660000,0x0000000011870000] byte_map_base: 0x0000000011060000

Marking Bits: (ParMarkBitMap*) 0x0000000062e40600
 Begin Bits: [0x00000000121d0000, 0x00000000131d0000)
 End Bits:   [0x00000000131d0000, 0x00000000141d0000)

Polling page: 0x0000000000730000

CodeCache: size=245760Kb used=6572Kb max_used=6599Kb free=239187Kb
 bounds [0x00000000022a0000, 0x0000000002920000, 0x00000000112a0000]
 total_blobs=1851 nmethods=1581 adapters=182
 compilation: enabled

Compilation events (10 events):
Event: 3.762 Thread 0x0000000016ce2800 1577       4       com.android.dx.cf.code.LineNumberList::pcToLine (73 bytes)
Event: 3.763 Thread 0x0000000016ce2800 nmethod 1577 0x00000000028f0c90 code [0x00000000028f0dc0, 0x00000000028f0e58]
Event: 3.763 Thread 0x0000000016ce2800 1578       4       com.android.dx.rop.code.SourcePosition::<init> (50 bytes)
Event: 3.764 Thread 0x0000000016ce2800 nmethod 1578 0x00000000028f0a10 code [0x00000000028f0b40, 0x00000000028f0bf8]
Event: 3.764 Thread 0x0000000016ce2800 1563       4       com.android.dx.ssa.SsaRenamer$BlockRenamer$RenamingMapper::map (28 bytes)
Event: 3.765 Thread 0x0000000016ce2800 nmethod 1563 0x00000000028f8250 code [0x00000000028f83a0, 0x00000000028f84a8]
Event: 3.765 Thread 0x0000000016ce2800 1581       4       com.android.dx.rop.code.Rops::ropFor (771 bytes)
Event: 3.834 Thread 0x0000000016cdb000 nmethod 1575 0x000000000290e7d0 code [0x000000000290ec20, 0x0000000002912f08]
Event: 3.834 Thread 0x0000000016cdb000 1491       4       com.android.dx.rop.type.Type::compareTo (9 bytes)
Event: 3.835 Thread 0x0000000016cdb000 nmethod 1491 0x00000000028f7e50 code [0x00000000028f7fa0, 0x00000000028f8118]

GC Heap History (4 events):
Event: 2.072 GC heap before
{Heap before GC invocations=1 (full 0):
 PSYoungGen      total 36864K, used 31744K [0x00000000eab00000, 0x00000000ed400000, 0x0000000100000000)
  eden space 31744K, 100% used [0x00000000eab00000,0x00000000eca00000,0x00000000eca00000)
  from space 5120K, 0% used [0x00000000ecf00000,0x00000000ecf00000,0x00000000ed400000)
  to   space 5120K, 0% used [0x00000000eca00000,0x00000000eca00000,0x00000000ecf00000)
 ParOldGen       total 84992K, used 0K [0x00000000c0000000, 0x00000000c5300000, 0x00000000eab00000)
  object space 84992K, 0% used [0x00000000c0000000,0x00000000c0000000,0x00000000c5300000)
 Metaspace       used 5890K, capacity 6834K, committed 7040K, reserved 1056768K
  class space    used 598K, capacity 618K, committed 640K, reserved 1048576K
Event: 2.254 GC heap after
Heap after GC invocations=1 (full 0):
 PSYoungGen      total 36864K, used 5113K [0x00000000eab00000, 0x00000000ef300000, 0x0000000100000000)
  eden space 31744K, 0% used [0x00000000eab00000,0x00000000eab00000,0x00000000eca00000)
  from space 5120K, 99% used [0x00000000eca00000,0x00000000ecefe438,0x00000000ecf00000)
  to   space 5120K, 0% used [0x00000000eee00000,0x00000000eee00000,0x00000000ef300000)
 ParOldGen       total 84992K, used 1072K [0x00000000c0000000, 0x00000000c5300000, 0x00000000eab00000)
  object space 84992K, 1% used [0x00000000c0000000,0x00000000c010c318,0x00000000c5300000)
 Metaspace       used 5890K, capacity 6834K, committed 7040K, reserved 1056768K
  class space    used 598K, capacity 618K, committed 640K, reserved 1048576K
}
Event: 2.809 GC heap before
{Heap before GC invocations=2 (full 0):
 PSYoungGen      total 36864K, used 36857K [0x00000000eab00000, 0x00000000ef300000, 0x0000000100000000)
  eden space 31744K, 100% used [0x00000000eab00000,0x00000000eca00000,0x00000000eca00000)
  from space 5120K, 99% used [0x00000000eca00000,0x00000000ecefe438,0x00000000ecf00000)
  to   space 5120K, 0% used [0x00000000eee00000,0x00000000eee00000,0x00000000ef300000)
 ParOldGen       total 84992K, used 1072K [0x00000000c0000000, 0x00000000c5300000, 0x00000000eab00000)
  object space 84992K, 1% used [0x00000000c0000000,0x00000000c010c318,0x00000000c5300000)
 Metaspace       used 6162K, capacity 7026K, committed 7296K, reserved 1056768K
  class space    used 599K, capacity 618K, committed 640K, reserved 1048576K
Event: 3.085 GC heap after
Heap after GC invocations=2 (full 0):
 PSYoungGen      total 68608K, used 5114K [0x00000000eab00000, 0x00000000ef300000, 0x0000000100000000)
  eden space 63488K, 0% used [0x00000000eab00000,0x00000000eab00000,0x00000000ee900000)
  from space 5120K, 99% used [0x00000000eee00000,0x00000000ef2feaa8,0x00000000ef300000)
  to   space 5120K, 0% used [0x00000000ee900000,0x00000000ee900000,0x00000000eee00000)
 ParOldGen       total 84992K, used 5156K [0x00000000c0000000, 0x00000000c5300000, 0x00000000eab00000)
  object space 84992K, 6% used [0x00000000c0000000,0x00000000c0509300,0x00000000c5300000)
 Metaspace       used 6162K, capacity 7026K, committed 7296K, reserved 1056768K
  class space    used 599K, capacity 618K, committed 640K, reserved 1048576K
}

Deoptimization events (10 events):
Event: 1.344 Thread 0x0000000016fdb000 Uncommon trap: reason=unstable_if action=reinterpret pc=0x000000000250d278 method=java.util.HashMap.getNode(ILjava/lang/Object;)Ljava/util/HashMap$Node; @ 129
Event: 1.388 Thread 0x0000000016fd4000 Uncommon trap: reason=class_check action=maybe_recompile pc=0x0000000002521670 method=com.android.dx.ssa.NormalSsaInsn.accept(Lcom/android/dx/ssa/SsaInsn$Visitor;)V @ 9
Event: 1.388 Thread 0x0000000016fd4000 Uncommon trap: reason=class_check action=maybe_recompile pc=0x000000000250dcf0 method=com.android.dx.ssa.NormalSsaInsn.accept(Lcom/android/dx/ssa/SsaInsn$Visitor;)V @ 9
Event: 1.388 Thread 0x0000000016fd4000 Uncommon trap: reason=class_check action=maybe_recompile pc=0x000000000250dcf0 method=com.android.dx.ssa.NormalSsaInsn.accept(Lcom/android/dx/ssa/SsaInsn$Visitor;)V @ 9
Event: 1.390 Thread 0x0000000016fd4000 Uncommon trap: reason=class_check action=maybe_recompile pc=0x0000000002521670 method=com.android.dx.ssa.NormalSsaInsn.accept(Lcom/android/dx/ssa/SsaInsn$Visitor;)V @ 9
Event: 1.390 Thread 0x0000000016fd4000 Uncommon trap: reason=class_check action=maybe_recompile pc=0x000000000250dcf0 method=com.android.dx.ssa.NormalSsaInsn.accept(Lcom/android/dx/ssa/SsaInsn$Visitor;)V @ 9
Event: 1.473 Thread 0x000000001701b800 Uncommon trap: reason=unstable_if action=reinterpret pc=0x00000000025c2740 method=java.util.HashMap.getNode(ILjava/lang/Object;)Ljava/util/HashMap$Node; @ 129
Event: 1.473 Thread 0x000000001701b800 Uncommon trap: reason=unstable_if action=reinterpret pc=0x00000000025b7544 method=java.util.HashMap.getNode(ILjava/lang/Object;)Ljava/util/HashMap$Node; @ 129
Event: 1.534 Thread 0x0000000016fd4000 Uncommon trap: reason=unstable_if action=reinterpret pc=0x000000000267415c method=com.android.dx.rop.code.RegisterSpecSet.put(Lcom/android/dx/rop/code/RegisterSpec;)V @ 77
Event: 2.520 Thread 0x0000000016fdb000 Uncommon trap: reason=unstable_if action=reinterpret pc=0x00000000026fcd8c method=com.android.dx.ssa.SCCP.simulateStmt(Lcom/android/dx/ssa/SsaInsn;)V @ 53

Internal exceptions (2 events):
Event: 0.244 Thread 0x0000000001eed800 Exception <a 'java/lang/NoSuchMethodError': Method sun.misc.Unsafe.defineClass(Ljava/lang/String;[BII)Ljava/lang/Class; name or signature does not match> (0x00000000eab07cc0) thrown at [C:\re\workspace\8-2-build-windows-amd64-cygwin\jdk8u72\5732\hotspot\sr¶…:U/Ï?
Event: 0.244 Thread 0x0000000001eed800 Exception <a 'java/lang/NoSuchMethodError': Method sun.misc.Unsafe.prefetchRead(Ljava/lang/Object;J)V name or signature does not match> (0x00000000eab07fa8) thrown at [C:\re\workspace\8-2-build-windows-amd64-cygwin\jdk8u72\5732\hotspot\src\share\vm\prims\j

Events (10 events):
Event: 2.486 loading class com/android/dx/cf/attrib/AttEnclosingMethod done
Event: 2.520 Thread 0x0000000016fdb000 Uncommon trap: trap_request=0xffffff65 fr.pc=0x00000000026fcd8c
Event: 2.520 Thread 0x0000000016fdb000 DEOPT PACKING pc=0x00000000026fcd8c sp=0x000000001868ee20
Event: 2.520 Thread 0x0000000016fdb000 DEOPT UNPACKING pc=0x00000000022e582a sp=0x000000001868ede8 mode 2
Event: 2.622 Thread 0x000000001701b800 DEOPT PACKING pc=0x000000000262d47c sp=0x000000001838e990
Event: 2.622 Thread 0x000000001701b800 DEOPT UNPACKING pc=0x00000000022e787f sp=0x000000001838e758 mode 0
Event: 2.660 loading class com/android/dx/cf/attrib/AttRuntimeInvisibleAnnotations
Event: 2.660 loading class com/android/dx/cf/attrib/AttRuntimeInvisibleAnnotations done
Event: 2.809 Executing VM operation: ParallelGCFailedAllocation
Event: 3.085 Executing VM operation: ParallelGCFailedAllocation done


Dynamic libraries:
0x00007ff77ffa0000 - 0x00007ff77ffd7000 	C:\Program Files\Java\jdk1.8.0_72\bin\java.exe
0x00007ffe87fb0000 - 0x00007ffe88171000 	C:\WINDOWS\SYSTEM32\ntdll.dll
0x00007ffe863e0000 - 0x00007ffe8648d000 	C:\WINDOWS\system32\KERNEL32.DLL
0x00007ffe849e0000 - 0x00007ffe84bc8000 	C:\WINDOWS\system32\KERNELBASE.dll
0x00007ffe86990000 - 0x00007ffe86a37000 	C:\WINDOWS\system32\ADVAPI32.dll
0x00007ffe855a0000 - 0x00007ffe8563d000 	C:\WINDOWS\system32\msvcrt.dll
0x00007ffe85b70000 - 0x00007ffe85bcb000 	C:\WINDOWS\system32\sechost.dll
0x00007ffe86490000 - 0x00007ffe865ac000 	C:\WINDOWS\system32\RPCRT4.dll
0x00007ffe85d90000 - 0x00007ffe85ee6000 	C:\WINDOWS\system32\USER32.dll
0x00007ffe853b0000 - 0x00007ffe85536000 	C:\WINDOWS\system32\GDI32.dll
0x00007ffe80d50000 - 0x00007ffe80fc4000 	C:\WINDOWS\WinSxS\amd64_microsoft.windows.common-controls_6595b64144ccf1df_6.0.10586.0_none_8c15ae12515e1c22\COMCTL32.dll
0x00007ffe86690000 - 0x00007ffe8690d000 	C:\WINDOWS\system32\combase.dll
0x00007ffe846b0000 - 0x00007ffe8471a000 	C:\WINDOWS\system32\bcryptPrimitives.dll
0x00007ffe85980000 - 0x00007ffe859bb000 	C:\WINDOWS\system32\IMM32.DLL
0x00007ffe844c0000 - 0x00007ffe844f1000 	C:\Windows\system32\nvinitx.dll
0x00007ffe844b0000 - 0x00007ffe844ba000 	C:\WINDOWS\SYSTEM32\VERSION.dll
0x0000000065550000 - 0x0000000065556000 	C:\Program Files\NVIDIA Corporation\CoProcManager\_etoured.dll
0x00007ffe82c50000 - 0x00007ffe82c83000 	C:\Program Files\NVIDIA Corporation\CoProcManager\nvd3d9wrapx.dll
0x00007ffe85fb0000 - 0x00007ffe863d9000 	C:\WINDOWS\system32\SETUPAPI.dll
0x00007ffe84660000 - 0x00007ffe846a3000 	C:\WINDOWS\system32\CFGMGR32.dll
0x00007ffe82c10000 - 0x00007ffe82c32000 	C:\Program Files\NVIDIA Corporation\CoProcManager\nvdxgiwrapx.dll
0x00000000632b0000 - 0x0000000063382000 	C:\Program Files\Java\jdk1.8.0_72\jre\bin\msvcr100.dll
0x0000000062630000 - 0x0000000062ec0000 	C:\Program Files\Java\jdk1.8.0_72\jre\bin\server\jvm.dll
0x00007ffe86680000 - 0x00007ffe86688000 	C:\WINDOWS\system32\PSAPI.DLL
0x00007ffe729f0000 - 0x00007ffe729f9000 	C:\WINDOWS\SYSTEM32\WSOCK32.dll
0x00007ffe86910000 - 0x00007ffe8697b000 	C:\WINDOWS\system32\WS2_32.dll
0x00007ffe82b00000 - 0x00007ffe82b23000 	C:\WINDOWS\SYSTEM32\WINMM.dll
0x00007ffe82a70000 - 0x00007ffe82a9c000 	C:\WINDOWS\SYSTEM32\WINMMBASE.dll
0x0000000063720000 - 0x000000006372f000 	C:\Program Files\Java\jdk1.8.0_72\jre\bin\verify.dll
0x00000000636f0000 - 0x0000000063719000 	C:\Program Files\Java\jdk1.8.0_72\jre\bin\java.dll
0x00000000636d0000 - 0x00000000636e6000 	C:\Program Files\Java\jdk1.8.0_72\jre\bin\zip.dll
0x00007ffe86a50000 - 0x00007ffe87fac000 	C:\WINDOWS\system32\SHELL32.dll
0x00007ffe84d60000 - 0x00007ffe853a5000 	C:\WINDOWS\system32\windows.storage.dll
0x00007ffe85540000 - 0x00007ffe85592000 	C:\WINDOWS\system32\shlwapi.dll
0x00007ffe84620000 - 0x00007ffe8462f000 	C:\WINDOWS\system32\kernel.appcore.dll
0x00007ffe84bd0000 - 0x00007ffe84c85000 	C:\WINDOWS\system32\shcore.dll
0x00007ffe845d0000 - 0x00007ffe8461b000 	C:\WINDOWS\system32\powrprof.dll
0x00007ffe84630000 - 0x00007ffe84644000 	C:\WINDOWS\system32\profapi.dll

VM Arguments:
jvm_args: -Djava.awt.headless=true -Xmx1024M -Dfile.encoding=windows-1252 -Duser.country=US -Duser.language=en -Duser.variant 
java_command: com.android.dx.command.Main --dex --num-threads=4 --output C:\Users\qasim\AndroidStudioProjects\GoogleMapApp\app\build\intermediates\pre-dexed\debug\com.google.android.gms-play-services-wearable-8.4.0_97261256a677918e3c1be5833396d9f8fbf74c99.jar C:\Users\qasim\AndroidStudioProjects\GoogleMapApp\app\build\intermediates\exploded-aar\com.google.android.gms\play-services-wearable\8.4.0\jars\classes.jar
java_class_path (initial): C:\Users\qasim\AppData\Local\Android\sdk1\build-tools\23.0.2\lib\dx.jar
Launcher Type: SUN_STANDARD

Environment Variables:
PATH=C:\app\admin\product\12.1.0\dbhome_1\bin;C:\oracle\product\10.2.0\db_1\bin;C:\DevSuiteHome_1\jdk\jre\bin\classic;C:\DevSuiteHome_1\jdk\jre\bin;C:\DevSuiteHome_1\jdk\jre\bin\client;C:\DevSuiteHome_1\jlib;C:\DevSuiteHome_1\bin;C:\DevSuiteHome_1\jre\1.4.2\bin\client;C:\DevSuiteHome_1\jre\1.4.2\bin;C:\Program Files (x86)\Common Files\Intel\Shared Files\cpp\bin\Intel64;C:\ProgramData\Oracle\Java\javapath;C:\Windows\system32;C:\Windows;C:\Windows\System32\Wbem;C:\Windows\System32\WindowsPowerShell\v1.0\;C:\Program Files (x86)\NVIDIA Corporation\PhysX\Common;C:\WINDOWS\system32;C:\WINDOWS;C:\WINDOWS\System32\Wbem;C:\WINDOWS\System32\WindowsPowerShell\v1.0\;C:\Program Files (x86)\QT Lite\QTSystem;C:\Program Files (x86)\Skype\Phone\;C:\Program Files (x86)\Windows Kits\8.1\Windows Performance Toolkit\;C:\Program Files\Microsoft SQL Server\110\Tools\Binn\;C:\Program Files\Common Files\Autodesk Shared\;C:\Program Files (x86)\Autodesk\Backburner\;C:\Program Files (x86)\Ruby22\bin
USERNAME=qasim
OS=Windows_NT
PROCESSOR_IDENTIFIER=Intel64 Family 6 Model 58 Stepping 9, GenuineIntel



---------------  S Y S T E M  ---------------

OS: Windows 10.0 , 64 bit Build 10586 (10.0.10586.0)

CPU:total 8 (4 cores per cpu, 2 threads per core) family 6 model 58 stepping 9, cmov, cx8, fxsr, mmx, sse, sse2, sse3, ssse3, sse4.1, sse4.2, popcnt, avx, aes, clmul, erms, ht, tsc, tscinvbit, tscinv

Memory: 4k page, physical 8074748k(2205972k free), swap 10000892k(5436k free)

vm_info: Java HotSpot(TM) 64-Bit Server VM (25.72-b15) for windows-amd64 JRE (1.8.0_72-b15), built on Dec 22 2015 19:16:16 by "java_re" with MS VC++ 10.0 (VS2010)

time: Mon Feb 15 23:18:39 2016
elapsed time: 3 seconds (0d 0h 0m 3s)

