#
# There is insufficient memory for the Java Runtime Environment to continue.
# Native memory allocation (malloc) failed to allocate 150416 bytes for Chunk::new
# Possible reasons:
#   The system is out of physical RAM or swap space
#   In 32 bit mode, the process size limit was hit
# Possible solutions:
#   Reduce memory load on the system
#   Increase physical memory or swap space
#   Check if swap backing store is full
#   Use 64 bit Java on a 64 bit OS
#   Decrease Java heap size (-Xmx/-Xms)
#   Decrease number of Java threads
#   Decrease Java thread stack sizes (-Xss)
#   Set larger code cache with -XX:ReservedCodeCacheSize=
# This output file may be truncated or incomplete.
#
#  Out of Memory Error (allocation.cpp:390), pid=2880, tid=14224
#
# JRE version: Java(TM) SE Runtime Environment (8.0_72-b15) (build 1.8.0_72-b15)
# Java VM: Java HotSpot(TM) 64-Bit Server VM (25.72-b15 mixed mode windows-amd64 compressed oops)
# Failed to write core dump. Minidumps are not enabled by default on client versions of Windows
#

---------------  T H R E A D  ---------------

Current thread (0x0000000016cbc800):  JavaThread "C2 CompilerThread1" daemon [_thread_in_native, id=14224, stack(0x0000000017570000,0x0000000017670000)]

Stack: [0x0000000017570000,0x0000000017670000]
[error occurred during error reporting (printing stack bounds), id 0xc0000005]

Native frames: (J=compiled Java code, j=interpreted, Vv=VM code, C=native code)


Current CompileTask:
C2:   3054 1673       4       com.android.dx.cf.code.Ropper::addOrReplaceBlock (66 bytes)


---------------  P R O C E S S  ---------------

Java Threads: ( => current thread )
  0x0000000017055000 JavaThread "pool-1-thread-4" [_thread_in_Java, id=3964, stack(0x0000000018670000,0x0000000018770000)]
  0x0000000016fc5000 JavaThread "pool-1-thread-3" [_thread_in_Java, id=4460, stack(0x0000000018570000,0x0000000018670000)]
  0x0000000017a84000 JavaThread "pool-1-thread-2" [_thread_in_Java, id=2168, stack(0x0000000018470000,0x0000000018570000)]
  0x0000000016fb1000 JavaThread "pool-2-thread-1" [_thread_blocked, id=8260, stack(0x0000000018370000,0x0000000018470000)]
  0x0000000016ffa800 JavaThread "pool-1-thread-1" [_thread_in_vm, id=8024, stack(0x0000000018270000,0x0000000018370000)]
  0x0000000016d61000 JavaThread "Service Thread" daemon [_thread_blocked, id=10840, stack(0x0000000017870000,0x0000000017970000)]
  0x0000000016cca000 JavaThread "C1 CompilerThread3" daemon [_thread_in_native, id=14876, stack(0x0000000017770000,0x0000000017870000)]
  0x0000000016cc1800 JavaThread "C2 CompilerThread2" daemon [_thread_in_native, id=13960, stack(0x0000000017670000,0x0000000017770000)]
=>0x0000000016cbc800 JavaThread "C2 CompilerThread1" daemon [_thread_in_native, id=14224, stack(0x0000000017570000,0x0000000017670000)]
  0x0000000016cba000 JavaThread "C2 CompilerThread0" daemon [_thread_in_native, id=7588, stack(0x0000000017470000,0x0000000017570000)]
  0x0000000016cb7800 JavaThread "Attach Listener" daemon [_thread_blocked, id=3332, stack(0x0000000017370000,0x0000000017470000)]
  0x0000000016cb6000 JavaThread "Signal Dispatcher" daemon [_thread_blocked, id=1440, stack(0x0000000017270000,0x0000000017370000)]
  0x0000000016cb0800 JavaThread "Finalizer" daemon [_thread_blocked, id=13544, stack(0x0000000017090000,0x0000000017190000)]
  0x0000000002295000 JavaThread "Reference Handler" daemon [_thread_blocked, id=9356, stack(0x0000000016b90000,0x0000000016c90000)]
  0x000000000203d800 JavaThread "main" [_thread_in_Java, id=4900, stack(0x00000000020a0000,0x00000000021a0000)]

Other Threads:
  0x0000000014db9800 VMThread [stack: 0x0000000016a90000,0x0000000016b90000] [id=8928]
  0x0000000016d63000 WatcherThread [stack: 0x0000000017970000,0x0000000017a70000] [id=7740]

VM state:not at safepoint (normal execution)

VM Mutex/Monitor currently owned by a thread: None

Heap:
 PSYoungGen      total 68608K, used 30531K [0x00000000eab00000, 0x00000000ef300000, 0x0000000100000000)
  eden space 63488K, 40% used [0x00000000eab00000,0x00000000ec3d3080,0x00000000ee900000)
  from space 5120K, 99% used [0x00000000eee00000,0x00000000ef2fdc88,0x00000000ef300000)
  to   space 5120K, 0% used [0x00000000ee900000,0x00000000ee900000,0x00000000eee00000)
 ParOldGen       total 84992K, used 4846K [0x00000000c0000000, 0x00000000c5300000, 0x00000000eab00000)
  object space 84992K, 5% used [0x00000000c0000000,0x00000000c04bb8e0,0x00000000c5300000)
 Metaspace       used 6218K, capacity 7090K, committed 7296K, reserved 1056768K
  class space    used 600K, capacity 618K, committed 640K, reserved 1048576K

Card table byte_map: [0x0000000011660000,0x0000000011870000] byte_map_base: 0x0000000011060000

Marking Bits: (ParMarkBitMap*) 0x0000000062e40600
 Begin Bits: [0x00000000121d0000, 0x00000000131d0000)
 End Bits:   [0x00000000131d0000, 0x00000000141d0000)

Polling page: 0x00000000004c0000

CodeCache: size=245760Kb used=7487Kb max_used=7500Kb free=238272Kb
 bounds [0x00000000022a0000, 0x0000000002a00000, 0x00000000112a0000]
 total_blobs=1952 nmethods=1683 adapters=182
 compilation: enabled

Compilation events (10 events):
Event: 2.936 Thread 0x0000000016cca000 1675       3       com.android.dx.cf.code.Simulator::requiredArrayTypeFor (61 bytes)
Event: 2.937 Thread 0x0000000016cba000 nmethod 1668 0x00000000029e6bd0 code [0x00000000029e6d20, 0x00000000029e6f98]
Event: 2.937 Thread 0x0000000016cba000 1671       4       com.android.dx.cf.code.BaseMachine::popArgs (62 bytes)
Event: 2.937 Thread 0x0000000016cca000 nmethod 1675 0x00000000029e5d50 code [0x00000000029e5f40, 0x00000000029e6898]
Event: 2.938 Thread 0x0000000016cbc800 nmethod 1537 0x00000000029e7410 code [0x00000000029e7e40, 0x00000000029ed738]
Event: 2.938 Thread 0x0000000016cbc800 1673       4       com.android.dx.cf.code.Ropper::addOrReplaceBlock (66 bytes)
Event: 3.027 Thread 0x0000000016cca000 1676       3       com.android.dx.ssa.back.FirstFitLocalCombiningAllocator$Alignment$2::nextClearBit (26 bytes)
Event: 3.027 Thread 0x0000000016cca000 nmethod 1676 0x00000000029c4250 code [0x00000000029c43e0, 0x00000000029c4798]
Event: 3.029 Thread 0x0000000016cba000 nmethod 1671 0x00000000029e3e10 code [0x00000000029e3f80, 0x00000000029e43d8]
Event: 3.029 Thread 0x0000000016cba000 1674       4       com.android.dx.cf.code.RopperMachine::startBlock (48 bytes)

GC Heap History (4 events):
Event: 0.852 GC heap before
{Heap before GC invocations=1 (full 0):
 PSYoungGen      total 36864K, used 31744K [0x00000000eab00000, 0x00000000ed400000, 0x0000000100000000)
  eden space 31744K, 100% used [0x00000000eab00000,0x00000000eca00000,0x00000000eca00000)
  from space 5120K, 0% used [0x00000000ecf00000,0x00000000ecf00000,0x00000000ed400000)
  to   space 5120K, 0% used [0x00000000eca00000,0x00000000eca00000,0x00000000ecf00000)
 ParOldGen       total 84992K, used 0K [0x00000000c0000000, 0x00000000c5300000, 0x00000000eab00000)
  object space 84992K, 0% used [0x00000000c0000000,0x00000000c0000000,0x00000000c5300000)
 Metaspace       used 5890K, capacity 6832K, committed 7040K, reserved 1056768K
  class space    used 596K, capacity 616K, committed 640K, reserved 1048576K
Event: 0.863 GC heap after
Heap after GC invocations=1 (full 0):
 PSYoungGen      total 36864K, used 5108K [0x00000000eab00000, 0x00000000ef300000, 0x0000000100000000)
  eden space 31744K, 0% used [0x00000000eab00000,0x00000000eab00000,0x00000000eca00000)
  from space 5120K, 99% used [0x00000000eca00000,0x00000000ecefd300,0x00000000ecf00000)
  to   space 5120K, 0% used [0x00000000eee00000,0x00000000eee00000,0x00000000ef300000)
 ParOldGen       total 84992K, used 1091K [0x00000000c0000000, 0x00000000c5300000, 0x00000000eab00000)
  object space 84992K, 1% used [0x00000000c0000000,0x00000000c0110dc8,0x00000000c5300000)
 Metaspace       used 5890K, capacity 6832K, committed 7040K, reserved 1056768K
  class space    used 596K, capacity 616K, committed 640K, reserved 1048576K
}
Event: 1.896 GC heap before
{Heap before GC invocations=2 (full 0):
 PSYoungGen      total 36864K, used 36852K [0x00000000eab00000, 0x00000000ef300000, 0x0000000100000000)
  eden space 31744K, 100% used [0x00000000eab00000,0x00000000eca00000,0x00000000eca00000)
  from space 5120K, 99% used [0x00000000eca00000,0x00000000ecefd300,0x00000000ecf00000)
  to   space 5120K, 0% used [0x00000000eee00000,0x00000000eee00000,0x00000000ef300000)
 ParOldGen       total 84992K, used 1091K [0x00000000c0000000, 0x00000000c5300000, 0x00000000eab00000)
  object space 84992K, 1% used [0x00000000c0000000,0x00000000c0110dc8,0x00000000c5300000)
 Metaspace       used 6125K, capacity 7026K, committed 7296K, reserved 1056768K
  class space    used 599K, capacity 618K, committed 640K, reserved 1048576K
Event: 1.938 GC heap after
Heap after GC invocations=2 (full 0):
 PSYoungGen      total 68608K, used 5111K [0x00000000eab00000, 0x00000000ef300000, 0x0000000100000000)
  eden space 63488K, 0% used [0x00000000eab00000,0x00000000eab00000,0x00000000ee900000)
  from space 5120K, 99% used [0x00000000eee00000,0x00000000ef2fdc88,0x00000000ef300000)
  to   space 5120K, 0% used [0x00000000ee900000,0x00000000ee900000,0x00000000eee00000)
 ParOldGen       total 84992K, used 4846K [0x00000000c0000000, 0x00000000c5300000, 0x00000000eab00000)
  object space 84992K, 5% used [0x00000000c0000000,0x00000000c04bb8e0,0x00000000c5300000)
 Metaspace       used 6125K, capacity 7026K, committed 7296K, reserved 1056768K
  class space    used 599K, capacity 618K, committed 640K, reserved 1048576K
}

Deoptimization events (10 events):
Event: 1.815 Thread 0x0000000016ffa800 Uncommon trap: reason=unstable_if action=reinterpret pc=0x000000000285be98 method=com.android.dx.rop.code.BasicBlock.hasExceptionHandlers()Z @ 17
Event: 2.535 Thread 0x0000000017055000 Uncommon trap: reason=class_check action=maybe_recompile pc=0x0000000002716d04 method=java.util.HashMap.putVal(ILjava/lang/Object;Ljava/lang/Object;ZZ)Ljava/lang/Object; @ 203
Event: 2.536 Thread 0x0000000017055000 Uncommon trap: reason=bimorphic action=maybe_recompile pc=0x00000000024e89dc method=java.util.HashMap.getNode(ILjava/lang/Object;)Ljava/util/HashMap$Node; @ 126
Event: 2.536 Thread 0x0000000017055000 Uncommon trap: reason=bimorphic action=maybe_recompile pc=0x00000000024e89dc method=java.util.HashMap.getNode(ILjava/lang/Object;)Ljava/util/HashMap$Node; @ 126
Event: 2.772 Thread 0x0000000017a84000 Uncommon trap: reason=bimorphic action=maybe_recompile pc=0x00000000024e89dc method=java.util.HashMap.getNode(ILjava/lang/Object;)Ljava/util/HashMap$Node; @ 126
Event: 2.834 Thread 0x0000000016ffa800 Uncommon trap: reason=class_check action=maybe_recompile pc=0x000000000290b64c method=com.android.dx.cf.code.RopperMachine.run(Lcom/android/dx/cf/code/Frame;II)V @ 988
Event: 2.834 Thread 0x0000000016ffa800 Uncommon trap: reason=class_check action=maybe_recompile pc=0x000000000290b64c method=com.android.dx.cf.code.RopperMachine.run(Lcom/android/dx/cf/code/Frame;II)V @ 988
Event: 2.834 Thread 0x0000000016ffa800 Uncommon trap: reason=class_check action=maybe_recompile pc=0x000000000290b64c method=com.android.dx.cf.code.RopperMachine.run(Lcom/android/dx/cf/code/Frame;II)V @ 988
Event: 2.884 Thread 0x0000000016fc5000 Uncommon trap: reason=unstable_if action=reinterpret pc=0x000000000284444c method=com.android.dx.ssa.SCCP.simulateBranch(Lcom/android/dx/ssa/SsaInsn;)V @ 548
Event: 2.938 Thread 0x0000000017a84000 Uncommon trap: reason=bimorphic action=maybe_recompile pc=0x0000000002956290 method=com.android.dx.ssa.SCCP.setLatticeValueTo(IILcom/android/dx/rop/cst/Constant;)Z @ 43

Internal exceptions (2 events):
Event: 0.201 Thread 0x000000000203d800 Exception <a 'java/lang/NoSuchMethodError': Method sun.misc.Unsafe.defineClass(Ljava/lang/String;[BII)Ljava/lang/Class; name or signature does not match> (0x00000000eab07cc0) thrown at [C:\re\workspace\8-2-build-windows-amd64-cygwin\jdk8u72\5732\hotspot\sr=¸»U¥¼É?
Event: 0.201 Thread 0x000000000203d800 Exception <a 'java/lang/NoSuchMethodError': Method sun.misc.Unsafe.prefetchRead(Ljava/lang/Object;J)V name or signature does not match> (0x00000000eab07fa8) thrown at [C:\re\workspace\8-2-build-windows-amd64-cygwin\jdk8u72\5732\hotspot\src\share\vm\prims\j

Events (10 events):
Event: 2.834 Thread 0x0000000016ffa800 DEOPT UNPACKING pc=0x00000000022e582a sp=0x000000001836e318 mode 2
Event: 2.834 Thread 0x0000000016ffa800 Uncommon trap: trap_request=0xffffffde fr.pc=0x000000000290b64c
Event: 2.834 Thread 0x0000000016ffa800 DEOPT PACKING pc=0x000000000290b64c sp=0x000000001836e340
Event: 2.834 Thread 0x0000000016ffa800 DEOPT UNPACKING pc=0x00000000022e582a sp=0x000000001836e318 mode 2
Event: 2.884 Thread 0x0000000016fc5000 Uncommon trap: trap_request=0xffffff65 fr.pc=0x000000000284444c
Event: 2.884 Thread 0x0000000016fc5000 DEOPT PACKING pc=0x000000000284444c sp=0x000000001866ea20
Event: 2.884 Thread 0x0000000016fc5000 DEOPT UNPACKING pc=0x00000000022e582a sp=0x000000001866ea08 mode 2
Event: 2.938 Thread 0x0000000017a84000 Uncommon trap: trap_request=0xffffffc6 fr.pc=0x0000000002956290
Event: 2.938 Thread 0x0000000017a84000 DEOPT PACKING pc=0x0000000002956290 sp=0x000000001856e9e0
Event: 2.939 Thread 0x0000000017a84000 DEOPT UNPACKING pc=0x00000000022e582a sp=0x000000001856e948 mode 2


Dynamic libraries:
0x00007ff77ffa0000 - 0x00007ff77ffd7000 	C:\Program Files\Java\jdk1.8.0_72\bin\java.exe
0x00007ffe87fb0000 - 0x00007ffe88171000 	C:\WINDOWS\SYSTEM32\ntdll.dll
0x00007ffe863e0000 - 0x00007ffe8648d000 	C:\WINDOWS\system32\KERNEL32.DLL
0x00007ffe849e0000 - 0x00007ffe84bc8000 	C:\WINDOWS\system32\KERNELBASE.dll
0x00007ffe86990000 - 0x00007ffe86a37000 	C:\WINDOWS\system32\ADVAPI32.dll
0x00007ffe855a0000 - 0x00007ffe8563d000 	C:\WINDOWS\system32\msvcrt.dll
0x00007ffe85b70000 - 0x00007ffe85bcb000 	C:\WINDOWS\system32\sechost.dll
0x00007ffe86490000 - 0x00007ffe865ac000 	C:\WINDOWS\system32\RPCRT4.dll
0x00007ffe85d90000 - 0x00007ffe85ee6000 	C:\WINDOWS\system32\USER32.dll
0x00007ffe853b0000 - 0x00007ffe85536000 	C:\WINDOWS\system32\GDI32.dll
0x00007ffe80d50000 - 0x00007ffe80fc4000 	C:\WINDOWS\WinSxS\amd64_microsoft.windows.common-controls_6595b64144ccf1df_6.0.10586.0_none_8c15ae12515e1c22\COMCTL32.dll
0x00007ffe86690000 - 0x00007ffe8690d000 	C:\WINDOWS\system32\combase.dll
0x00007ffe846b0000 - 0x00007ffe8471a000 	C:\WINDOWS\system32\bcryptPrimitives.dll
0x00007ffe85980000 - 0x00007ffe859bb000 	C:\WINDOWS\system32\IMM32.DLL
0x00007ffe844c0000 - 0x00007ffe844f1000 	C:\Windows\system32\nvinitx.dll
0x00007ffe844b0000 - 0x00007ffe844ba000 	C:\WINDOWS\SYSTEM32\VERSION.dll
0x0000000065550000 - 0x0000000065556000 	C:\Program Files\NVIDIA Corporation\CoProcManager\_etoured.dll
0x00007ffe82c50000 - 0x00007ffe82c83000 	C:\Program Files\NVIDIA Corporation\CoProcManager\nvd3d9wrapx.dll
0x00007ffe85fb0000 - 0x00007ffe863d9000 	C:\WINDOWS\system32\SETUPAPI.dll
0x00007ffe84660000 - 0x00007ffe846a3000 	C:\WINDOWS\system32\CFGMGR32.dll
0x00007ffe82c10000 - 0x00007ffe82c32000 	C:\Program Files\NVIDIA Corporation\CoProcManager\nvdxgiwrapx.dll
0x00000000632b0000 - 0x0000000063382000 	C:\Program Files\Java\jdk1.8.0_72\jre\bin\msvcr100.dll
0x0000000062630000 - 0x0000000062ec0000 	C:\Program Files\Java\jdk1.8.0_72\jre\bin\server\jvm.dll
0x00007ffe86680000 - 0x00007ffe86688000 	C:\WINDOWS\system32\PSAPI.DLL
0x00007ffe729f0000 - 0x00007ffe729f9000 	C:\WINDOWS\SYSTEM32\WSOCK32.dll
0x00007ffe86910000 - 0x00007ffe8697b000 	C:\WINDOWS\system32\WS2_32.dll
0x00007ffe82b00000 - 0x00007ffe82b23000 	C:\WINDOWS\SYSTEM32\WINMM.dll
0x00007ffe82a70000 - 0x00007ffe82a9c000 	C:\WINDOWS\SYSTEM32\WINMMBASE.dll
0x0000000063720000 - 0x000000006372f000 	C:\Program Files\Java\jdk1.8.0_72\jre\bin\verify.dll
0x00000000636f0000 - 0x0000000063719000 	C:\Program Files\Java\jdk1.8.0_72\jre\bin\java.dll
0x00000000636d0000 - 0x00000000636e6000 	C:\Program Files\Java\jdk1.8.0_72\jre\bin\zip.dll
0x00007ffe86a50000 - 0x00007ffe87fac000 	C:\WINDOWS\system32\SHELL32.dll
0x00007ffe84d60000 - 0x00007ffe853a5000 	C:\WINDOWS\system32\windows.storage.dll
0x00007ffe85540000 - 0x00007ffe85592000 	C:\WINDOWS\system32\shlwapi.dll
0x00007ffe84620000 - 0x00007ffe8462f000 	C:\WINDOWS\system32\kernel.appcore.dll
0x00007ffe84bd0000 - 0x00007ffe84c85000 	C:\WINDOWS\system32\shcore.dll
0x00007ffe845d0000 - 0x00007ffe8461b000 	C:\WINDOWS\system32\powrprof.dll
0x00007ffe84630000 - 0x00007ffe84644000 	C:\WINDOWS\system32\profapi.dll

VM Arguments:
jvm_args: -Djava.awt.headless=true -Xmx1024M -Dfile.encoding=windows-1252 -Duser.country=US -Duser.language=en -Duser.variant 
java_command: com.android.dx.command.Main --dex --num-threads=4 --output C:\Users\qasim\AndroidStudioProjects\GoogleMapApp\app\build\intermediates\pre-dexed\debug\com.google.android.gms-play-services-fitness-8.4.0_e75146b4fa6210a316aea7e086d9f9e712c223a1.jar C:\Users\qasim\AndroidStudioProjects\GoogleMapApp\app\build\intermediates\exploded-aar\com.google.android.gms\play-services-fitness\8.4.0\jars\classes.jar
java_class_path (initial): C:\Users\qasim\AppData\Local\Android\sdk1\build-tools\23.0.2\lib\dx.jar
Launcher Type: SUN_STANDARD

Environment Variables:
PATH=C:\app\admin\product\12.1.0\dbhome_1\bin;C:\oracle\product\10.2.0\db_1\bin;C:\DevSuiteHome_1\jdk\jre\bin\classic;C:\DevSuiteHome_1\jdk\jre\bin;C:\DevSuiteHome_1\jdk\jre\bin\client;C:\DevSuiteHome_1\jlib;C:\DevSuiteHome_1\bin;C:\DevSuiteHome_1\jre\1.4.2\bin\client;C:\DevSuiteHome_1\jre\1.4.2\bin;C:\Program Files (x86)\Common Files\Intel\Shared Files\cpp\bin\Intel64;C:\ProgramData\Oracle\Java\javapath;C:\Windows\system32;C:\Windows;C:\Windows\System32\Wbem;C:\Windows\System32\WindowsPowerShell\v1.0\;C:\Program Files (x86)\NVIDIA Corporation\PhysX\Common;C:\WINDOWS\system32;C:\WINDOWS;C:\WINDOWS\System32\Wbem;C:\WINDOWS\System32\WindowsPowerShell\v1.0\;C:\Program Files (x86)\QT Lite\QTSystem;C:\Program Files (x86)\Skype\Phone\;C:\Program Files (x86)\Windows Kits\8.1\Windows Performance Toolkit\;C:\Program Files\Microsoft SQL Server\110\Tools\Binn\;C:\Program Files\Common Files\Autodesk Shared\;C:\Program Files (x86)\Autodesk\Backburner\;C:\Program Files (x86)\Ruby22\bin
USERNAME=qasim
OS=Windows_NT
PROCESSOR_IDENTIFIER=Intel64 Family 6 Model 58 Stepping 9, GenuineIntel



---------------  S Y S T E M  ---------------

OS: Windows 10.0 , 64 bit Build 10586 (10.0.10586.0)

CPU:total 8 (4 cores per cpu, 2 threads per core) family 6 model 58 stepping 9, cmov, cx8, fxsr, mmx, sse, sse2, sse3, ssse3, sse4.1, sse4.2, popcnt, avx, aes, clmul, erms, ht, tsc, tscinvbit, tscinv

Memory: 4k page, physical 8074748k(2292076k free), swap 10000892k(4088k free)

vm_info: Java HotSpot(TM) 64-Bit Server VM (25.72-b15) for windows-amd64 JRE (1.8.0_72-b15), built on Dec 22 2015 19:16:16 by "java_re" with MS VC++ 10.0 (VS2010)

time: Mon Feb 15 23:17:59 2016
elapsed time: 3 seconds (0d 0h 0m 3s)

