#
# There is insufficient memory for the Java Runtime Environment to continue.
# Native memory allocation (malloc) failed to allocate 714576 bytes for Chunk::new
# Possible reasons:
#   The system is out of physical RAM or swap space
#   In 32 bit mode, the process size limit was hit
# Possible solutions:
#   Reduce memory load on the system
#   Increase physical memory or swap space
#   Check if swap backing store is full
#   Use 64 bit Java on a 64 bit OS
#   Decrease Java heap size (-Xmx/-Xms)
#   Decrease number of Java threads
#   Decrease Java thread stack sizes (-Xss)
#   Set larger code cache with -XX:ReservedCodeCacheSize=
# This output file may be truncated or incomplete.
#
#  Out of Memory Error (allocation.cpp:390), pid=14760, tid=10376
#
# JRE version: Java(TM) SE Runtime Environment (8.0_72-b15) (build 1.8.0_72-b15)
# Java VM: Java HotSpot(TM) 64-Bit Server VM (25.72-b15 mixed mode windows-amd64 compressed oops)
# Failed to write core dump. Minidumps are not enabled by default on client versions of Windows
#

---------------  T H R E A D  ---------------

Current thread (0x0000000016e4a000):  JavaThread "C2 CompilerThread0" daemon [_thread_in_native, id=10376, stack(0x0000000017600000,0x0000000017700000)]

Stack: [0x0000000017600000,0x0000000017700000]
[error occurred during error reporting (printing stack bounds), id 0xc0000005]

Native frames: (J=compiled Java code, j=interpreted, Vv=VM code, C=native code)


Current CompileTask:
C2:   3693 1979       4       com.android.dx.ssa.SsaConverter::placePhiFunctions (394 bytes)


---------------  P R O C E S S  ---------------

Java Threads: ( => current thread )
  0x0000000017207800 JavaThread "pool-1-thread-4" [_thread_blocked, id=10580, stack(0x0000000018800000,0x0000000018900000)]
  0x00000000171fa800 JavaThread "pool-1-thread-3" [_thread_blocked, id=4420, stack(0x0000000018700000,0x0000000018800000)]
  0x00000000171ea800 JavaThread "pool-1-thread-2" [_thread_blocked, id=1292, stack(0x0000000018600000,0x0000000018700000)]
  0x00000000171ee000 JavaThread "pool-2-thread-1" [_thread_blocked, id=14932, stack(0x0000000018500000,0x0000000018600000)]
  0x00000000171e2000 JavaThread "pool-1-thread-1" [_thread_blocked, id=11324, stack(0x0000000018400000,0x0000000018500000)]
  0x0000000016ef1000 JavaThread "Service Thread" daemon [_thread_blocked, id=7020, stack(0x0000000017a00000,0x0000000017b00000)]
  0x0000000016e5a000 JavaThread "C1 CompilerThread3" daemon [_thread_blocked, id=7060, stack(0x0000000017900000,0x0000000017a00000)]
  0x0000000016e57000 JavaThread "C2 CompilerThread2" daemon [_thread_in_native, id=2016, stack(0x0000000017800000,0x0000000017900000)]
  0x0000000016e4d000 JavaThread "C2 CompilerThread1" daemon [_thread_in_native, id=10780, stack(0x0000000017700000,0x0000000017800000)]
=>0x0000000016e4a000 JavaThread "C2 CompilerThread0" daemon [_thread_in_native, id=10376, stack(0x0000000017600000,0x0000000017700000)]
  0x0000000016e47800 JavaThread "Attach Listener" daemon [_thread_blocked, id=2856, stack(0x0000000017500000,0x0000000017600000)]
  0x0000000016e46000 JavaThread "Signal Dispatcher" daemon [_thread_blocked, id=7340, stack(0x0000000017400000,0x0000000017500000)]
  0x000000000241e800 JavaThread "Finalizer" daemon [_thread_blocked, id=5776, stack(0x0000000017220000,0x0000000017320000)]
  0x0000000002415000 JavaThread "Reference Handler" daemon [_thread_blocked, id=10304, stack(0x0000000016d20000,0x0000000016e20000)]
  0x000000000231d800 JavaThread "main" [_thread_blocked, id=6336, stack(0x00000000021d0000,0x00000000022d0000)]

Other Threads:
  0x0000000014f39800 VMThread [stack: 0x0000000016c20000,0x0000000016d20000] [id=6292]
  0x0000000016ef4000 WatcherThread [stack: 0x0000000017b00000,0x0000000017c00000] [id=888]

VM state:not at safepoint (normal execution)

VM Mutex/Monitor currently owned by a thread: None

Heap:
 PSYoungGen      total 68608K, used 32282K [0x00000000eab00000, 0x00000000ef300000, 0x0000000100000000)
  eden space 63488K, 42% used [0x00000000eab00000,0x00000000ec5884e8,0x00000000ee900000)
  from space 5120K, 99% used [0x00000000eee00000,0x00000000ef2fe630,0x00000000ef300000)
  to   space 5120K, 0% used [0x00000000ee900000,0x00000000ee900000,0x00000000eee00000)
 ParOldGen       total 84992K, used 23889K [0x00000000c0000000, 0x00000000c5300000, 0x00000000eab00000)
  object space 84992K, 28% used [0x00000000c0000000,0x00000000c17546a0,0x00000000c5300000)
 Metaspace       used 6393K, capacity 7220K, committed 7296K, reserved 1056768K
  class space    used 605K, capacity 620K, committed 640K, reserved 1048576K

Card table byte_map: [0x00000000117e0000,0x00000000119f0000] byte_map_base: 0x00000000111e0000

Marking Bits: (ParMarkBitMap*) 0x0000000062e40600
 Begin Bits: [0x0000000012350000, 0x0000000013350000)
 End Bits:   [0x0000000013350000, 0x0000000014350000)

Polling page: 0x00000000020d0000

CodeCache: size=245760Kb used=8267Kb max_used=8275Kb free=237492Kb
 bounds [0x0000000002420000, 0x0000000002c40000, 0x0000000011420000]
 total_blobs=2177 nmethods=1907 adapters=182
 compilation: enabled

Compilation events (10 events):
Event: 3.617 Thread 0x0000000016e5a000 1976   !   2       com.android.dx.cf.code.RopperMachine::run (1550 bytes)
Event: 3.621 Thread 0x0000000016e4a000 nmethod 1953 0x0000000002c15010 code [0x0000000002c15160, 0x0000000002c15538]
Event: 3.621 Thread 0x0000000016e4a000 1946       4       com.android.dx.rop.code.RegisterSpecList::withFirst (64 bytes)
Event: 3.627 Thread 0x0000000016e4a000 nmethod 1946 0x0000000002c14950 code [0x0000000002c14aa0, 0x0000000002c14d98]
Event: 3.627 Thread 0x0000000016e4a000 1970       4       com.android.dx.ssa.back.FirstFitLocalCombiningAllocator::findNextUnreservedRopReg (68 bytes)
Event: 3.630 Thread 0x0000000016e5a000 nmethod 1976 0x0000000002c2e190 code [0x0000000002c2ec00, 0x0000000002c33aa8]
Event: 3.633 Thread 0x0000000016e4a000 nmethod 1970 0x0000000002bc80d0 code [0x0000000002bc8220, 0x0000000002bc8638]
Event: 3.633 Thread 0x0000000016e4a000 1962       4       com.android.dx.dex.code.RopToDop::dopFor (792 bytes)
Event: 3.668 Thread 0x0000000016e4a000 nmethod 1962 0x0000000002c1ce10 code [0x0000000002c1d2c0, 0x0000000002c1e2c0]
Event: 3.668 Thread 0x0000000016e4a000 1979       4       com.android.dx.ssa.SsaConverter::placePhiFunctions (394 bytes)

GC Heap History (8 events):
Event: 0.928 GC heap before
{Heap before GC invocations=1 (full 0):
 PSYoungGen      total 36864K, used 31744K [0x00000000eab00000, 0x00000000ed400000, 0x0000000100000000)
  eden space 31744K, 100% used [0x00000000eab00000,0x00000000eca00000,0x00000000eca00000)
  from space 5120K, 0% used [0x00000000ecf00000,0x00000000ecf00000,0x00000000ed400000)
  to   space 5120K, 0% used [0x00000000eca00000,0x00000000eca00000,0x00000000ecf00000)
 ParOldGen       total 84992K, used 0K [0x00000000c0000000, 0x00000000c5300000, 0x00000000eab00000)
  object space 84992K, 0% used [0x00000000c0000000,0x00000000c0000000,0x00000000c5300000)
 Metaspace       used 5919K, capacity 6836K, committed 7040K, reserved 1056768K
  class space    used 603K, capacity 620K, committed 640K, reserved 1048576K
Event: 0.942 GC heap after
Heap after GC invocations=1 (full 0):
 PSYoungGen      total 36864K, used 5117K [0x00000000eab00000, 0x00000000ef300000, 0x0000000100000000)
  eden space 31744K, 0% used [0x00000000eab00000,0x00000000eab00000,0x00000000eca00000)
  from space 5120K, 99% used [0x00000000eca00000,0x00000000eceff680,0x00000000ecf00000)
  to   space 5120K, 0% used [0x00000000eee00000,0x00000000eee00000,0x00000000ef300000)
 ParOldGen       total 84992K, used 531K [0x00000000c0000000, 0x00000000c5300000, 0x00000000eab00000)
  object space 84992K, 0% used [0x00000000c0000000,0x00000000c0084f68,0x00000000c5300000)
 Metaspace       used 5919K, capacity 6836K, committed 7040K, reserved 1056768K
  class space    used 603K, capacity 620K, committed 640K, reserved 1048576K
}
Event: 1.733 GC heap before
{Heap before GC invocations=2 (full 0):
 PSYoungGen      total 36864K, used 36861K [0x00000000eab00000, 0x00000000ef300000, 0x0000000100000000)
  eden space 31744K, 100% used [0x00000000eab00000,0x00000000eca00000,0x00000000eca00000)
  from space 5120K, 99% used [0x00000000eca00000,0x00000000eceff680,0x00000000ecf00000)
  to   space 5120K, 0% used [0x00000000eee00000,0x00000000eee00000,0x00000000ef300000)
 ParOldGen       total 84992K, used 531K [0x00000000c0000000, 0x00000000c5300000, 0x00000000eab00000)
  object space 84992K, 0% used [0x00000000c0000000,0x00000000c0084f68,0x00000000c5300000)
 Metaspace       used 6144K, capacity 7028K, committed 7296K, reserved 1056768K
  class space    used 604K, capacity 620K, committed 640K, reserved 1048576K
Event: 1.805 GC heap after
Heap after GC invocations=2 (full 0):
 PSYoungGen      total 68608K, used 5095K [0x00000000eab00000, 0x00000000ef300000, 0x0000000100000000)
  eden space 63488K, 0% used [0x00000000eab00000,0x00000000eab00000,0x00000000ee900000)
  from space 5120K, 99% used [0x00000000eee00000,0x00000000ef2f9c78,0x00000000ef300000)
  to   space 5120K, 0% used [0x00000000ee900000,0x00000000ee900000,0x00000000eee00000)
 ParOldGen       total 84992K, used 4147K [0x00000000c0000000, 0x00000000c5300000, 0x00000000eab00000)
  object space 84992K, 4% used [0x00000000c0000000,0x00000000c040cf60,0x00000000c5300000)
 Metaspace       used 6144K, capacity 7028K, committed 7296K, reserved 1056768K
  class space    used 604K, capacity 620K, committed 640K, reserved 1048576K
}
Event: 2.220 GC heap before
{Heap before GC invocations=3 (full 0):
 PSYoungGen      total 68608K, used 68583K [0x00000000eab00000, 0x00000000ef300000, 0x0000000100000000)
  eden space 63488K, 100% used [0x00000000eab00000,0x00000000ee900000,0x00000000ee900000)
  from space 5120K, 99% used [0x00000000eee00000,0x00000000ef2f9c78,0x00000000ef300000)
  to   space 5120K, 0% used [0x00000000ee900000,0x00000000ee900000,0x00000000eee00000)
 ParOldGen       total 84992K, used 4147K [0x00000000c0000000, 0x00000000c5300000, 0x00000000eab00000)
  object space 84992K, 4% used [0x00000000c0000000,0x00000000c040cf60,0x00000000c5300000)
 Metaspace       used 6321K, capacity 7156K, committed 7296K, reserved 1056768K
  class space    used 605K, capacity 620K, committed 640K, reserved 1048576K
Event: 2.254 GC heap after
Heap after GC invocations=3 (full 0):
 PSYoungGen      total 68608K, used 5097K [0x00000000eab00000, 0x00000000ef300000, 0x0000000100000000)
  eden space 63488K, 0% used [0x00000000eab00000,0x00000000eab00000,0x00000000ee900000)
  from space 5120K, 99% used [0x00000000ee900000,0x00000000eedfa640,0x00000000eee00000)
  to   space 5120K, 0% used [0x00000000eee00000,0x00000000eee00000,0x00000000ef300000)
 ParOldGen       total 84992K, used 13803K [0x00000000c0000000, 0x00000000c5300000, 0x00000000eab00000)
  object space 84992K, 16% used [0x00000000c0000000,0x00000000c0d7aec0,0x00000000c5300000)
 Metaspace       used 6321K, capacity 7156K, committed 7296K, reserved 1056768K
  class space    used 605K, capacity 620K, committed 640K, reserved 1048576K
}
Event: 2.702 GC heap before
{Heap before GC invocations=4 (full 0):
 PSYoungGen      total 68608K, used 68585K [0x00000000eab00000, 0x00000000ef300000, 0x0000000100000000)
  eden space 63488K, 100% used [0x00000000eab00000,0x00000000ee900000,0x00000000ee900000)
  from space 5120K, 99% used [0x00000000ee900000,0x00000000eedfa640,0x00000000eee00000)
  to   space 5120K, 0% used [0x00000000eee00000,0x00000000eee00000,0x00000000ef300000)
 ParOldGen       total 84992K, used 13803K [0x00000000c0000000, 0x00000000c5300000, 0x00000000eab00000)
  object space 84992K, 16% used [0x00000000c0000000,0x00000000c0d7aec0,0x00000000c5300000)
 Metaspace       used 6376K, capacity 7156K, committed 7296K, reserved 1056768K
  class space    used 605K, capacity 620K, committed 640K, reserved 1048576K
Event: 2.731 GC heap after
Heap after GC invocations=4 (full 0):
 PSYoungGen      total 68608K, used 5113K [0x00000000eab00000, 0x00000000ef300000, 0x0000000100000000)
  eden space 63488K, 0% used [0x00000000eab00000,0x00000000eab00000,0x00000000ee900000)
  from space 5120K, 99% used [0x00000000eee00000,0x00000000ef2fe630,0x00000000ef300000)
  to   space 5120K, 0% used [0x00000000ee900000,0x00000000ee900000,0x00000000eee00000)
 ParOldGen       total 84992K, used 23889K [0x00000000c0000000, 0x00000000c5300000, 0x00000000eab00000)
  object space 84992K, 28% used [0x00000000c0000000,0x00000000c17546a0,0x00000000c5300000)
 Metaspace       used 6376K, capacity 7156K, committed 7296K, reserved 1056768K
  class space    used 605K, capacity 620K, committed 640K, reserved 1048576K
}

Deoptimization events (10 events):
Event: 2.158 Thread 0x00000000171fa800 Uncommon trap: reason=unstable_if action=reinterpret pc=0x000000000265fc88 method=java.util.HashMap.getNode(ILjava/lang/Object;)Ljava/util/HashMap$Node; @ 84
Event: 2.158 Thread 0x00000000171fa800 Uncommon trap: reason=unstable_if action=reinterpret pc=0x0000000002668a4c method=java.util.HashMap.getNode(ILjava/lang/Object;)Ljava/util/HashMap$Node; @ 84
Event: 2.537 Thread 0x000000000231d800 Uncommon trap: reason=bimorphic action=maybe_recompile pc=0x0000000002b456fc method=java.util.HashMap.getNode(ILjava/lang/Object;)Ljava/util/HashMap$Node; @ 126
Event: 2.537 Thread 0x000000000231d800 Uncommon trap: reason=bimorphic action=maybe_recompile pc=0x0000000002b456fc method=java.util.HashMap.getNode(ILjava/lang/Object;)Ljava/util/HashMap$Node; @ 126
Event: 2.575 Thread 0x000000000231d800 Uncommon trap: reason=bimorphic action=maybe_recompile pc=0x0000000002b456fc method=java.util.HashMap.getNode(ILjava/lang/Object;)Ljava/util/HashMap$Node; @ 126
Event: 2.575 Thread 0x000000000231d800 Uncommon trap: reason=bimorphic action=maybe_recompile pc=0x0000000002b456fc method=java.util.HashMap.getNode(ILjava/lang/Object;)Ljava/util/HashMap$Node; @ 126
Event: 2.623 Thread 0x00000000171ea800 Uncommon trap: reason=unstable_if action=reinterpret pc=0x0000000002b72504 method=com.android.dx.cf.code.ExecutionStack.<init>(I)V @ 2
Event: 2.648 Thread 0x0000000017207800 Uncommon trap: reason=class_check action=maybe_recompile pc=0x0000000002ae2e60 method=com.android.dx.cf.code.RopperMachine.run(Lcom/android/dx/cf/code/Frame;II)V @ 1024
Event: 3.197 Thread 0x00000000171fa800 Uncommon trap: reason=class_check action=maybe_recompile pc=0x0000000002ae2358 method=com.android.dx.cf.code.RopperMachine.run(Lcom/android/dx/cf/code/Frame;II)V @ 310
Event: 3.602 Thread 0x0000000017207800 Uncommon trap: reason=unstable_if action=reinterpret pc=0x0000000002ae2888 method=com.android.dx.cf.code.Ropper.isSynchronized()Z @ 12

Internal exceptions (3 events):
Event: 0.138 Thread 0x000000000231d800 Exception <a 'java/lang/NoSuchMethodError': Method sun.misc.Unsafe.defineClass(Ljava/lang/String;[BII)Ljava/lang/Class; name or signature does not match> (0x00000000eab07cc0) thrown at [C:\re\workspace\8-2-build-windows-amd64-cygwin\jdk8u72\5732\hotspot\sr¨AK“£Á?
Event: 0.138 Thread 0x000000000231d800 Exception <a 'java/lang/NoSuchMethodError': Method sun.misc.Unsafe.prefetchRead(Ljava/lang/Object;J)V name or signature does not match> (0x00000000eab07fa8) thrown at [C:\re\workspace\8-2-build-windows-amd64-cygwin\jdk8u72\5732\hotspot\src\share\vm\prims\jLHéÝ$þ?
Event: 1.884 Thread 0x00000000171ea800 Implicit null exception at 0x00000000026ffb22 to 0x00000000026ffc12

Events (10 events):
Event: 3.197 Thread 0x00000000171fa800 Uncommon trap: trap_request=0xffffffde fr.pc=0x0000000002ae2358
Event: 3.197 Thread 0x00000000171fa800 DEOPT PACKING pc=0x0000000002ae2358 sp=0x00000000187fe2c0
Event: 3.197 Thread 0x00000000171fa800 DEOPT UNPACKING pc=0x000000000246582a sp=0x00000000187fe270 mode 2
Event: 3.408 loading class com/android/dx/rop/code/RegisterSpec$1
Event: 3.408 loading class com/android/dx/rop/code/RegisterSpec$1 done
Event: 3.602 Thread 0x0000000017207800 Uncommon trap: trap_request=0xffffff65 fr.pc=0x0000000002ae2888
Event: 3.602 Thread 0x0000000017207800 DEOPT PACKING pc=0x0000000002ae2888 sp=0x00000000188fe380
Event: 3.602 Thread 0x0000000017207800 DEOPT UNPACKING pc=0x000000000246582a sp=0x00000000188fe278 mode 2
Event: 3.660 Thread 0x0000000017207800 DEOPT PACKING pc=0x000000000288b739 sp=0x00000000188fe870
Event: 3.660 Thread 0x0000000017207800 DEOPT UNPACKING pc=0x000000000246787f sp=0x00000000188fe6a0 mode 0


Dynamic libraries:
0x00007ff77ffa0000 - 0x00007ff77ffd7000 	C:\Program Files\Java\jdk1.8.0_72\bin\java.exe
0x00007ffe87fb0000 - 0x00007ffe88171000 	C:\WINDOWS\SYSTEM32\ntdll.dll
0x00007ffe863e0000 - 0x00007ffe8648d000 	C:\WINDOWS\system32\KERNEL32.DLL
0x00007ffe849e0000 - 0x00007ffe84bc8000 	C:\WINDOWS\system32\KERNELBASE.dll
0x00007ffe86990000 - 0x00007ffe86a37000 	C:\WINDOWS\system32\ADVAPI32.dll
0x00007ffe855a0000 - 0x00007ffe8563d000 	C:\WINDOWS\system32\msvcrt.dll
0x00007ffe85b70000 - 0x00007ffe85bcb000 	C:\WINDOWS\system32\sechost.dll
0x00007ffe86490000 - 0x00007ffe865ac000 	C:\WINDOWS\system32\RPCRT4.dll
0x00007ffe85d90000 - 0x00007ffe85ee6000 	C:\WINDOWS\system32\USER32.dll
0x00007ffe853b0000 - 0x00007ffe85536000 	C:\WINDOWS\system32\GDI32.dll
0x00007ffe80d50000 - 0x00007ffe80fc4000 	C:\WINDOWS\WinSxS\amd64_microsoft.windows.common-controls_6595b64144ccf1df_6.0.10586.0_none_8c15ae12515e1c22\COMCTL32.dll
0x00007ffe86690000 - 0x00007ffe8690d000 	C:\WINDOWS\system32\combase.dll
0x00007ffe846b0000 - 0x00007ffe8471a000 	C:\WINDOWS\system32\bcryptPrimitives.dll
0x00007ffe85980000 - 0x00007ffe859bb000 	C:\WINDOWS\system32\IMM32.DLL
0x00007ffe844c0000 - 0x00007ffe844f1000 	C:\Windows\system32\nvinitx.dll
0x00007ffe844b0000 - 0x00007ffe844ba000 	C:\WINDOWS\SYSTEM32\VERSION.dll
0x0000000065550000 - 0x0000000065556000 	C:\Program Files\NVIDIA Corporation\CoProcManager\_etoured.dll
0x00007ffe82c50000 - 0x00007ffe82c83000 	C:\Program Files\NVIDIA Corporation\CoProcManager\nvd3d9wrapx.dll
0x00007ffe85fb0000 - 0x00007ffe863d9000 	C:\WINDOWS\system32\SETUPAPI.dll
0x00007ffe84660000 - 0x00007ffe846a3000 	C:\WINDOWS\system32\CFGMGR32.dll
0x00007ffe82c10000 - 0x00007ffe82c32000 	C:\Program Files\NVIDIA Corporation\CoProcManager\nvdxgiwrapx.dll
0x00000000632b0000 - 0x0000000063382000 	C:\Program Files\Java\jdk1.8.0_72\jre\bin\msvcr100.dll
0x0000000062630000 - 0x0000000062ec0000 	C:\Program Files\Java\jdk1.8.0_72\jre\bin\server\jvm.dll
0x00007ffe86680000 - 0x00007ffe86688000 	C:\WINDOWS\system32\PSAPI.DLL
0x00007ffe729f0000 - 0x00007ffe729f9000 	C:\WINDOWS\SYSTEM32\WSOCK32.dll
0x00007ffe86910000 - 0x00007ffe8697b000 	C:\WINDOWS\system32\WS2_32.dll
0x00007ffe82b00000 - 0x00007ffe82b23000 	C:\WINDOWS\SYSTEM32\WINMM.dll
0x00000000005c0000 - 0x00000000005ec000 	C:\WINDOWS\SYSTEM32\WINMMBASE.dll
0x0000000063720000 - 0x000000006372f000 	C:\Program Files\Java\jdk1.8.0_72\jre\bin\verify.dll
0x00000000636f0000 - 0x0000000063719000 	C:\Program Files\Java\jdk1.8.0_72\jre\bin\java.dll
0x00000000636d0000 - 0x00000000636e6000 	C:\Program Files\Java\jdk1.8.0_72\jre\bin\zip.dll
0x00007ffe86a50000 - 0x00007ffe87fac000 	C:\WINDOWS\system32\SHELL32.dll
0x00007ffe84d60000 - 0x00007ffe853a5000 	C:\WINDOWS\system32\windows.storage.dll
0x00007ffe85540000 - 0x00007ffe85592000 	C:\WINDOWS\system32\shlwapi.dll
0x00007ffe84620000 - 0x00007ffe8462f000 	C:\WINDOWS\system32\kernel.appcore.dll
0x00007ffe84bd0000 - 0x00007ffe84c85000 	C:\WINDOWS\system32\shcore.dll
0x00007ffe845d0000 - 0x00007ffe8461b000 	C:\WINDOWS\system32\powrprof.dll
0x00007ffe84630000 - 0x00007ffe84644000 	C:\WINDOWS\system32\profapi.dll

VM Arguments:
jvm_args: -Djava.awt.headless=true -Xmx1024M -Dfile.encoding=windows-1252 -Duser.country=US -Duser.language=en -Duser.variant 
java_command: com.android.dx.command.Main --dex --num-threads=4 --output C:\Users\qasim\AndroidStudioProjects\GoogleMapApp\app\build\intermediates\pre-dexed\debug\com.google.android.gms-play-services-basement-8.4.0_d69b378ac95e47ae2dd8434aebd1cf7fcacfb207.jar C:\Users\qasim\AndroidStudioProjects\GoogleMapApp\app\build\intermediates\exploded-aar\com.google.android.gms\play-services-basement\8.4.0\jars\classes.jar
java_class_path (initial): C:\Users\qasim\AppData\Local\Android\sdk1\build-tools\23.0.2\lib\dx.jar
Launcher Type: SUN_STANDARD

Environment Variables:
PATH=C:\app\admin\product\12.1.0\dbhome_1\bin;C:\oracle\product\10.2.0\db_1\bin;C:\DevSuiteHome_1\jdk\jre\bin\classic;C:\DevSuiteHome_1\jdk\jre\bin;C:\DevSuiteHome_1\jdk\jre\bin\client;C:\DevSuiteHome_1\jlib;C:\DevSuiteHome_1\bin;C:\DevSuiteHome_1\jre\1.4.2\bin\client;C:\DevSuiteHome_1\jre\1.4.2\bin;C:\Program Files (x86)\Common Files\Intel\Shared Files\cpp\bin\Intel64;C:\ProgramData\Oracle\Java\javapath;C:\Windows\system32;C:\Windows;C:\Windows\System32\Wbem;C:\Windows\System32\WindowsPowerShell\v1.0\;C:\Program Files (x86)\NVIDIA Corporation\PhysX\Common;C:\WINDOWS\system32;C:\WINDOWS;C:\WINDOWS\System32\Wbem;C:\WINDOWS\System32\WindowsPowerShell\v1.0\;C:\Program Files (x86)\QT Lite\QTSystem;C:\Program Files (x86)\Skype\Phone\;C:\Program Files (x86)\Windows Kits\8.1\Windows Performance Toolkit\;C:\Program Files\Microsoft SQL Server\110\Tools\Binn\;C:\Program Files\Common Files\Autodesk Shared\;C:\Program Files (x86)\Autodesk\Backburner\;C:\Program Files (x86)\Ruby22\bin
USERNAME=qasim
OS=Windows_NT
PROCESSOR_IDENTIFIER=Intel64 Family 6 Model 58 Stepping 9, GenuineIntel



---------------  S Y S T E M  ---------------

OS: Windows 10.0 , 64 bit Build 10586 (10.0.10586.0)

CPU:total 8 (4 cores per cpu, 2 threads per core) family 6 model 58 stepping 9, cmov, cx8, fxsr, mmx, sse, sse2, sse3, ssse3, sse4.1, sse4.2, popcnt, avx, aes, clmul, erms, ht, tsc, tscinvbit, tscinv

Memory: 4k page, physical 8074748k(2257824k free), swap 10000892k(7740k free)

vm_info: Java HotSpot(TM) 64-Bit Server VM (25.72-b15) for windows-amd64 JRE (1.8.0_72-b15), built on Dec 22 2015 19:16:16 by "java_re" with MS VC++ 10.0 (VS2010)

time: Mon Feb 15 23:18:03 2016
elapsed time: 3 seconds (0d 0h 0m 3s)

