#
# There is insufficient memory for the Java Runtime Environment to continue.
# Native memory allocation (malloc) failed to allocate 945296 bytes for Chunk::new
# Possible reasons:
#   The system is out of physical RAM or swap space
#   In 32 bit mode, the process size limit was hit
# Possible solutions:
#   Reduce memory load on the system
#   Increase physical memory or swap space
#   Check if swap backing store is full
#   Use 64 bit Java on a 64 bit OS
#   Decrease Java heap size (-Xmx/-Xms)
#   Decrease number of Java threads
#   Decrease Java thread stack sizes (-Xss)
#   Set larger code cache with -XX:ReservedCodeCacheSize=
# This output file may be truncated or incomplete.
#
#  Out of Memory Error (allocation.cpp:390), pid=7600, tid=2476
#
# JRE version: Java(TM) SE Runtime Environment (8.0_72-b15) (build 1.8.0_72-b15)
# Java VM: Java HotSpot(TM) 64-Bit Server VM (25.72-b15 mixed mode windows-amd64 compressed oops)
# Failed to write core dump. Minidumps are not enabled by default on client versions of Windows
#

---------------  T H R E A D  ---------------

Current thread (0x0000000016d01800):  JavaThread "C2 CompilerThread2" daemon [_thread_in_native, id=2476, stack(0x0000000017670000,0x0000000017770000)]

Stack: [0x0000000017670000,0x0000000017770000]
[error occurred during error reporting (printing stack bounds), id 0xc0000005]

Native frames: (J=compiled Java code, j=interpreted, Vv=VM code, C=native code)


Current CompileTask:
C2:   3841 1624       4       com.android.dx.rop.code.Rops::ropFor (771 bytes)


---------------  P R O C E S S  ---------------

Java Threads: ( => current thread )
  0x0000000017a94800 JavaThread "pool-1-thread-4" [_thread_blocked, id=9100, stack(0x0000000018670000,0x0000000018770000)]
  0x0000000016f6d000 JavaThread "pool-1-thread-3" [_thread_blocked, id=10232, stack(0x0000000018570000,0x0000000018670000)]
  0x0000000017aad000 JavaThread "pool-1-thread-2" [_thread_blocked, id=8232, stack(0x0000000018470000,0x0000000018570000)]
  0x0000000017aaa800 JavaThread "pool-2-thread-1" [_thread_blocked, id=11900, stack(0x0000000018370000,0x0000000018470000)]
  0x0000000017aaf000 JavaThread "pool-1-thread-1" [_thread_blocked, id=14724, stack(0x0000000018270000,0x0000000018370000)]
  0x0000000016d61000 JavaThread "Service Thread" daemon [_thread_blocked, id=6408, stack(0x0000000017870000,0x0000000017970000)]
  0x0000000016d04800 JavaThread "C1 CompilerThread3" daemon [_thread_blocked, id=1308, stack(0x0000000017770000,0x0000000017870000)]
=>0x0000000016d01800 JavaThread "C2 CompilerThread2" daemon [_thread_in_native, id=2476, stack(0x0000000017670000,0x0000000017770000)]
  0x0000000016cec800 JavaThread "C2 CompilerThread1" daemon [_thread_in_native, id=5076, stack(0x0000000017570000,0x0000000017670000)]
  0x0000000016cba000 JavaThread "C2 CompilerThread0" daemon [_thread_blocked, id=8540, stack(0x0000000017470000,0x0000000017570000)]
  0x0000000016cb7800 JavaThread "Attach Listener" daemon [_thread_blocked, id=6804, stack(0x0000000017370000,0x0000000017470000)]
  0x0000000014dce800 JavaThread "Signal Dispatcher" daemon [_thread_blocked, id=6304, stack(0x0000000017270000,0x0000000017370000)]
  0x0000000016cb0800 JavaThread "Finalizer" daemon [_thread_blocked, id=6504, stack(0x0000000017090000,0x0000000017190000)]
  0x0000000002295000 JavaThread "Reference Handler" daemon [_thread_blocked, id=6176, stack(0x0000000016b90000,0x0000000016c90000)]
  0x000000000215d800 JavaThread "main" [_thread_blocked, id=10540, stack(0x0000000001fc0000,0x00000000020c0000)]

Other Threads:
  0x0000000014db9800 VMThread [stack: 0x0000000016a90000,0x0000000016b90000] [id=11472]
  0x0000000016d63000 WatcherThread [stack: 0x0000000017970000,0x0000000017a70000] [id=13364]

VM state:not at safepoint (normal execution)

VM Mutex/Monitor currently owned by a thread: None

Heap:
 PSYoungGen      total 68608K, used 13113K [0x00000000eab00000, 0x00000000ef300000, 0x0000000100000000)
  eden space 63488K, 12% used [0x00000000eab00000,0x00000000eb2cfa10,0x00000000ee900000)
  from space 5120K, 99% used [0x00000000eee00000,0x00000000ef2feac8,0x00000000ef300000)
  to   space 5120K, 0% used [0x00000000ee900000,0x00000000ee900000,0x00000000eee00000)
 ParOldGen       total 84992K, used 4022K [0x00000000c0000000, 0x00000000c5300000, 0x00000000eab00000)
  object space 84992K, 4% used [0x00000000c0000000,0x00000000c03ed8c8,0x00000000c5300000)
 Metaspace       used 6252K, capacity 7090K, committed 7296K, reserved 1056768K
  class space    used 603K, capacity 618K, committed 640K, reserved 1048576K

Card table byte_map: [0x0000000011660000,0x0000000011870000] byte_map_base: 0x0000000011060000

Marking Bits: (ParMarkBitMap*) 0x0000000062e40600
 Begin Bits: [0x00000000121d0000, 0x00000000131d0000)
 End Bits:   [0x00000000131d0000, 0x00000000141d0000)

Polling page: 0x0000000000770000

CodeCache: size=245760Kb used=6773Kb max_used=6787Kb free=238986Kb
 bounds [0x00000000022a0000, 0x0000000002950000, 0x00000000112a0000]
 total_blobs=1886 nmethods=1616 adapters=182
 compilation: enabled

Compilation events (10 events):
Event: 3.787 Thread 0x0000000016d01800 1623       4       com.android.dx.cf.code.ExecutionStack::pop (54 bytes)
Event: 3.789 Thread 0x0000000016d01800 nmethod 1623 0x000000000293b090 code [0x000000000293b1e0, 0x000000000293b378]
Event: 3.789 Thread 0x0000000016d01800 1629       4       com.android.dx.rop.code.RegisterSpec::<init> (48 bytes)
Event: 3.789 Thread 0x0000000016d01800 nmethod 1629 0x000000000292ee10 code [0x000000000292ef40, 0x000000000292f018]
Event: 3.790 Thread 0x0000000016d01800 1628       4       com.android.dx.rop.code.RegisterSpec::<init> (8 bytes)
Event: 3.790 Thread 0x0000000016d01800 nmethod 1628 0x00000000029326d0 code [0x0000000002932800, 0x00000000029328d8]
Event: 3.790 Thread 0x0000000016d01800 1630       4       com.android.dx.ssa.SsaBasicBlock::scheduleMovesFromPhis (108 bytes)
Event: 3.791 Thread 0x0000000016d01800 nmethod 1630 0x000000000293add0 code [0x000000000293af00, 0x000000000293afb8]
Event: 3.791 Thread 0x0000000016d01800 1624       4       com.android.dx.rop.code.Rops::ropFor (771 bytes)
Event: 3.803 Thread 0x0000000016cba000 nmethod 1614 0x0000000002943a90 code [0x00000000029445c0, 0x00000000029463e8]

GC Heap History (4 events):
Event: 1.374 GC heap before
{Heap before GC invocations=1 (full 0):
 PSYoungGen      total 36864K, used 31744K [0x00000000eab00000, 0x00000000ed400000, 0x0000000100000000)
  eden space 31744K, 100% used [0x00000000eab00000,0x00000000eca00000,0x00000000eca00000)
  from space 5120K, 0% used [0x00000000ecf00000,0x00000000ecf00000,0x00000000ed400000)
  to   space 5120K, 0% used [0x00000000eca00000,0x00000000eca00000,0x00000000ecf00000)
 ParOldGen       total 84992K, used 0K [0x00000000c0000000, 0x00000000c5300000, 0x00000000eab00000)
  object space 84992K, 0% used [0x00000000c0000000,0x00000000c0000000,0x00000000c5300000)
 Metaspace       used 5939K, capacity 6834K, committed 7040K, reserved 1056768K
  class space    used 598K, capacity 618K, committed 640K, reserved 1048576K
Event: 1.551 GC heap after
Heap after GC invocations=1 (full 0):
 PSYoungGen      total 36864K, used 5107K [0x00000000eab00000, 0x00000000ef300000, 0x0000000100000000)
  eden space 31744K, 0% used [0x00000000eab00000,0x00000000eab00000,0x00000000eca00000)
  from space 5120K, 99% used [0x00000000eca00000,0x00000000ecefcea8,0x00000000ecf00000)
  to   space 5120K, 0% used [0x00000000eee00000,0x00000000eee00000,0x00000000ef300000)
 ParOldGen       total 84992K, used 679K [0x00000000c0000000, 0x00000000c5300000, 0x00000000eab00000)
  object space 84992K, 0% used [0x00000000c0000000,0x00000000c00a9de0,0x00000000c5300000)
 Metaspace       used 5939K, capacity 6834K, committed 7040K, reserved 1056768K
  class space    used 598K, capacity 618K, committed 640K, reserved 1048576K
}
Event: 3.035 GC heap before
{Heap before GC invocations=2 (full 0):
 PSYoungGen      total 36864K, used 36851K [0x00000000eab00000, 0x00000000ef300000, 0x0000000100000000)
  eden space 31744K, 100% used [0x00000000eab00000,0x00000000eca00000,0x00000000eca00000)
  from space 5120K, 99% used [0x00000000eca00000,0x00000000ecefcea8,0x00000000ecf00000)
  to   space 5120K, 0% used [0x00000000eee00000,0x00000000eee00000,0x00000000ef300000)
 ParOldGen       total 84992K, used 679K [0x00000000c0000000, 0x00000000c5300000, 0x00000000eab00000)
  object space 84992K, 0% used [0x00000000c0000000,0x00000000c00a9de0,0x00000000c5300000)
 Metaspace       used 6213K, capacity 7090K, committed 7296K, reserved 1056768K
  class space    used 602K, capacity 618K, committed 640K, reserved 1048576K
Event: 3.320 GC heap after
Heap after GC invocations=2 (full 0):
 PSYoungGen      total 68608K, used 5114K [0x00000000eab00000, 0x00000000ef300000, 0x0000000100000000)
  eden space 63488K, 0% used [0x00000000eab00000,0x00000000eab00000,0x00000000ee900000)
  from space 5120K, 99% used [0x00000000eee00000,0x00000000ef2feac8,0x00000000ef300000)
  to   space 5120K, 0% used [0x00000000ee900000,0x00000000ee900000,0x00000000eee00000)
 ParOldGen       total 84992K, used 4022K [0x00000000c0000000, 0x00000000c5300000, 0x00000000eab00000)
  object space 84992K, 4% used [0x00000000c0000000,0x00000000c03ed8c8,0x00000000c5300000)
 Metaspace       used 6213K, capacity 7090K, committed 7296K, reserved 1056768K
  class space    used 602K, capacity 618K, committed 640K, reserved 1048576K
}

Deoptimization events (8 events):
Event: 0.818 Thread 0x000000000215d800 Uncommon trap: reason=unstable_if action=reinterpret pc=0x00000000024bc7dc method=java.util.HashMap.getNode(ILjava/lang/Object;)Ljava/util/HashMap$Node; @ 129
Event: 0.833 Thread 0x0000000016f6d000 Uncommon trap: reason=unstable_if action=reinterpret pc=0x00000000024e0034 method=java.util.BitSet.ensureCapacity(I)V @ 6
Event: 0.833 Thread 0x0000000016f6d000 Uncommon trap: reason=unstable_if action=reinterpret pc=0x00000000024c04b0 method=java.util.BitSet.nextSetBit(I)I @ 87
Event: 0.890 Thread 0x0000000017a94800 Uncommon trap: reason=unstable_if action=reinterpret pc=0x0000000002582d5c method=com.android.dx.rop.code.LocalItem.hashCode()I @ 25
Event: 1.137 Thread 0x0000000017a94800 Uncommon trap: reason=unstable_if action=reinterpret pc=0x00000000025ebcd4 method=com.android.dx.rop.code.LocalItem.hashCode()I @ 25
Event: 1.137 Thread 0x000000000215d800 Uncommon trap: reason=unstable_if action=reinterpret pc=0x00000000024d9364 method=java.util.HashMap.getNode(ILjava/lang/Object;)Ljava/util/HashMap$Node; @ 129
Event: 2.937 Thread 0x0000000017a94800 Uncommon trap: reason=unstable_if action=reinterpret pc=0x000000000275655c method=com.android.dx.ssa.SCCP.simulateStmt(Lcom/android/dx/ssa/SsaInsn;)V @ 53
Event: 2.992 Thread 0x000000000215d800 Uncommon trap: reason=unstable_if action=reinterpret pc=0x00000000027d26b8 method=com.android.dx.rop.cst.StdConstantPool.set(ILcom/android/dx/rop/cst/Constant;)V @ 12

Internal exceptions (2 events):
Event: 0.124 Thread 0x000000000215d800 Exception <a 'java/lang/NoSuchMethodError': Method sun.misc.Unsafe.defineClass(Ljava/lang/String;[BII)Ljava/lang/Class; name or signature does not match> (0x00000000eab07cc0) thrown at [C:\re\workspace\8-2-build-windows-amd64-cygwin\jdk8u72\5732\hotspot\sraªíHè¾¿?
Event: 0.124 Thread 0x000000000215d800 Exception <a 'java/lang/NoSuchMethodError': Method sun.misc.Unsafe.prefetchRead(Ljava/lang/Object;J)V name or signature does not match> (0x00000000eab07fa8) thrown at [C:\re\workspace\8-2-build-windows-amd64-cygwin\jdk8u72\5732\hotspot\src\share\vm\prims\j

Events (10 events):
Event: 2.937 Thread 0x0000000017a94800 DEOPT UNPACKING pc=0x00000000022e582a sp=0x000000001876e5a8 mode 2
Event: 2.992 Thread 0x000000000215d800 Uncommon trap: trap_request=0xffffff65 fr.pc=0x00000000027d26b8
Event: 2.992 Thread 0x000000000215d800 DEOPT PACKING pc=0x00000000027d26b8 sp=0x00000000020be9c0
Event: 2.992 Thread 0x000000000215d800 DEOPT UNPACKING pc=0x00000000022e582a sp=0x00000000020be900 mode 2
Event: 3.001 Executing VM operation: ParallelGCFailedAllocation
Event: 3.320 Executing VM operation: ParallelGCFailedAllocation done
Event: 3.433 loading class com/android/dx/cf/code/SwitchList
Event: 3.433 loading class com/android/dx/cf/code/SwitchList done
Event: 3.776 loading class com/android/dx/rop/code/RegisterSpec$1
Event: 3.776 loading class com/android/dx/rop/code/RegisterSpec$1 done


Dynamic libraries:
0x00007ff77ffa0000 - 0x00007ff77ffd7000 	C:\Program Files\Java\jdk1.8.0_72\bin\java.exe
0x00007ffe87fb0000 - 0x00007ffe88171000 	C:\WINDOWS\SYSTEM32\ntdll.dll
0x00007ffe863e0000 - 0x00007ffe8648d000 	C:\WINDOWS\system32\KERNEL32.DLL
0x00007ffe849e0000 - 0x00007ffe84bc8000 	C:\WINDOWS\system32\KERNELBASE.dll
0x00007ffe86990000 - 0x00007ffe86a37000 	C:\WINDOWS\system32\ADVAPI32.dll
0x00007ffe855a0000 - 0x00007ffe8563d000 	C:\WINDOWS\system32\msvcrt.dll
0x00007ffe85b70000 - 0x00007ffe85bcb000 	C:\WINDOWS\system32\sechost.dll
0x00007ffe86490000 - 0x00007ffe865ac000 	C:\WINDOWS\system32\RPCRT4.dll
0x00007ffe85d90000 - 0x00007ffe85ee6000 	C:\WINDOWS\system32\USER32.dll
0x00007ffe853b0000 - 0x00007ffe85536000 	C:\WINDOWS\system32\GDI32.dll
0x00007ffe80d50000 - 0x00007ffe80fc4000 	C:\WINDOWS\WinSxS\amd64_microsoft.windows.common-controls_6595b64144ccf1df_6.0.10586.0_none_8c15ae12515e1c22\COMCTL32.dll
0x00007ffe86690000 - 0x00007ffe8690d000 	C:\WINDOWS\system32\combase.dll
0x00007ffe846b0000 - 0x00007ffe8471a000 	C:\WINDOWS\system32\bcryptPrimitives.dll
0x00007ffe85980000 - 0x00007ffe859bb000 	C:\WINDOWS\system32\IMM32.DLL
0x00007ffe844c0000 - 0x00007ffe844f1000 	C:\Windows\system32\nvinitx.dll
0x00007ffe844b0000 - 0x00007ffe844ba000 	C:\WINDOWS\SYSTEM32\VERSION.dll
0x0000000065550000 - 0x0000000065556000 	C:\Program Files\NVIDIA Corporation\CoProcManager\_etoured.dll
0x00007ffe82c50000 - 0x00007ffe82c83000 	C:\Program Files\NVIDIA Corporation\CoProcManager\nvd3d9wrapx.dll
0x00007ffe85fb0000 - 0x00007ffe863d9000 	C:\WINDOWS\system32\SETUPAPI.dll
0x00007ffe84660000 - 0x00007ffe846a3000 	C:\WINDOWS\system32\CFGMGR32.dll
0x00007ffe82c10000 - 0x00007ffe82c32000 	C:\Program Files\NVIDIA Corporation\CoProcManager\nvdxgiwrapx.dll
0x00000000632b0000 - 0x0000000063382000 	C:\Program Files\Java\jdk1.8.0_72\jre\bin\msvcr100.dll
0x0000000062630000 - 0x0000000062ec0000 	C:\Program Files\Java\jdk1.8.0_72\jre\bin\server\jvm.dll
0x00007ffe86680000 - 0x00007ffe86688000 	C:\WINDOWS\system32\PSAPI.DLL
0x00007ffe729f0000 - 0x00007ffe729f9000 	C:\WINDOWS\SYSTEM32\WSOCK32.dll
0x00007ffe86910000 - 0x00007ffe8697b000 	C:\WINDOWS\system32\WS2_32.dll
0x00007ffe82b00000 - 0x00007ffe82b23000 	C:\WINDOWS\SYSTEM32\WINMM.dll
0x00007ffe82a70000 - 0x00007ffe82a9c000 	C:\WINDOWS\SYSTEM32\WINMMBASE.dll
0x0000000063720000 - 0x000000006372f000 	C:\Program Files\Java\jdk1.8.0_72\jre\bin\verify.dll
0x00000000636f0000 - 0x0000000063719000 	C:\Program Files\Java\jdk1.8.0_72\jre\bin\java.dll
0x00000000636d0000 - 0x00000000636e6000 	C:\Program Files\Java\jdk1.8.0_72\jre\bin\zip.dll
0x00007ffe86a50000 - 0x00007ffe87fac000 	C:\WINDOWS\system32\SHELL32.dll
0x00007ffe84d60000 - 0x00007ffe853a5000 	C:\WINDOWS\system32\windows.storage.dll
0x00007ffe85540000 - 0x00007ffe85592000 	C:\WINDOWS\system32\shlwapi.dll
0x00007ffe84620000 - 0x00007ffe8462f000 	C:\WINDOWS\system32\kernel.appcore.dll
0x00007ffe84bd0000 - 0x00007ffe84c85000 	C:\WINDOWS\system32\shcore.dll
0x00007ffe845d0000 - 0x00007ffe8461b000 	C:\WINDOWS\system32\powrprof.dll
0x00007ffe84630000 - 0x00007ffe84644000 	C:\WINDOWS\system32\profapi.dll

VM Arguments:
jvm_args: -Djava.awt.headless=true -Xmx1024M -Dfile.encoding=windows-1252 -Duser.country=US -Duser.language=en -Duser.variant 
java_command: com.android.dx.command.Main --dex --num-threads=4 --output C:\Users\qasim\AndroidStudioProjects\GoogleMapApp\app\build\intermediates\pre-dexed\debug\internal_impl-23.1.1_c151b841ef6da9d0ec3ec1051b1c7c7fa8c0eb35.jar C:\Users\qasim\AndroidStudioProjects\GoogleMapApp\app\build\intermediates\exploded-aar\com.android.support\support-v4\23.1.1\jars\libs\internal_impl-23.1.1.jar
java_class_path (initial): C:\Users\qasim\AppData\Local\Android\sdk1\build-tools\23.0.2\lib\dx.jar
Launcher Type: SUN_STANDARD

Environment Variables:
PATH=C:\app\admin\product\12.1.0\dbhome_1\bin;C:\oracle\product\10.2.0\db_1\bin;C:\DevSuiteHome_1\jdk\jre\bin\classic;C:\DevSuiteHome_1\jdk\jre\bin;C:\DevSuiteHome_1\jdk\jre\bin\client;C:\DevSuiteHome_1\jlib;C:\DevSuiteHome_1\bin;C:\DevSuiteHome_1\jre\1.4.2\bin\client;C:\DevSuiteHome_1\jre\1.4.2\bin;C:\Program Files (x86)\Common Files\Intel\Shared Files\cpp\bin\Intel64;C:\ProgramData\Oracle\Java\javapath;C:\Windows\system32;C:\Windows;C:\Windows\System32\Wbem;C:\Windows\System32\WindowsPowerShell\v1.0\;C:\Program Files (x86)\NVIDIA Corporation\PhysX\Common;C:\WINDOWS\system32;C:\WINDOWS;C:\WINDOWS\System32\Wbem;C:\WINDOWS\System32\WindowsPowerShell\v1.0\;C:\Program Files (x86)\QT Lite\QTSystem;C:\Program Files (x86)\Skype\Phone\;C:\Program Files (x86)\Windows Kits\8.1\Windows Performance Toolkit\;C:\Program Files\Microsoft SQL Server\110\Tools\Binn\;C:\Program Files\Common Files\Autodesk Shared\;C:\Program Files (x86)\Autodesk\Backburner\;C:\Program Files (x86)\Ruby22\bin
USERNAME=qasim
OS=Windows_NT
PROCESSOR_IDENTIFIER=Intel64 Family 6 Model 58 Stepping 9, GenuineIntel



---------------  S Y S T E M  ---------------

OS: Windows 10.0 , 64 bit Build 10586 (10.0.10586.0)

CPU:total 8 (4 cores per cpu, 2 threads per core) family 6 model 58 stepping 9, cmov, cx8, fxsr, mmx, sse, sse2, sse3, ssse3, sse4.1, sse4.2, popcnt, avx, aes, clmul, erms, ht, tsc, tscinvbit, tscinv

Memory: 4k page, physical 8074748k(2208604k free), swap 10000892k(5884k free)

vm_info: Java HotSpot(TM) 64-Bit Server VM (25.72-b15) for windows-amd64 JRE (1.8.0_72-b15), built on Dec 22 2015 19:16:16 by "java_re" with MS VC++ 10.0 (VS2010)

time: Mon Feb 15 23:18:39 2016
elapsed time: 3 seconds (0d 0h 0m 3s)

