#
# There is insufficient memory for the Java Runtime Environment to continue.
# Native memory allocation (malloc) failed to allocate 495136 bytes for Chunk::new
# Possible reasons:
#   The system is out of physical RAM or swap space
#   In 32 bit mode, the process size limit was hit
# Possible solutions:
#   Reduce memory load on the system
#   Increase physical memory or swap space
#   Check if swap backing store is full
#   Use 64 bit Java on a 64 bit OS
#   Decrease Java heap size (-Xmx/-Xms)
#   Decrease number of Java threads
#   Decrease Java thread stack sizes (-Xss)
#   Set larger code cache with -XX:ReservedCodeCacheSize=
# This output file may be truncated or incomplete.
#
#  Out of Memory Error (allocation.cpp:390), pid=13860, tid=3132
#
# JRE version: Java(TM) SE Runtime Environment (8.0_72-b15) (build 1.8.0_72-b15)
# Java VM: Java HotSpot(TM) 64-Bit Server VM (25.72-b15 mixed mode windows-amd64 compressed oops)
# Failed to write core dump. Minidumps are not enabled by default on client versions of Windows
#

---------------  T H R E A D  ---------------

Current thread (0x0000000016ec7000):  JavaThread "C2 CompilerThread2" daemon [_thread_in_native, id=3132, stack(0x0000000017870000,0x0000000017970000)]

Stack: [0x0000000017870000,0x0000000017970000]
[error occurred during error reporting (printing stack bounds), id 0xc0000005]

Native frames: (J=compiled Java code, j=interpreted, Vv=VM code, C=native code)


Current CompileTask:
C2:   2708 1493       4       com.android.dx.cf.code.ValueAwareMachine::run (1142 bytes)


---------------  P R O C E S S  ---------------

Java Threads: ( => current thread )
  0x0000000017222800 JavaThread "pool-1-thread-4" [_thread_blocked, id=14808, stack(0x0000000018870000,0x0000000018970000)]
  0x0000000017171800 JavaThread "pool-1-thread-3" [_thread_blocked, id=8684, stack(0x0000000018770000,0x0000000018870000)]
  0x000000001728e800 JavaThread "pool-1-thread-2" [_thread_blocked, id=8640, stack(0x0000000018670000,0x0000000018770000)]
  0x000000001717f800 JavaThread "pool-2-thread-1" [_thread_blocked, id=2928, stack(0x0000000018570000,0x0000000018670000)]
  0x000000001717f000 JavaThread "pool-1-thread-1" [_thread_in_Java, id=12860, stack(0x0000000018470000,0x0000000018570000)]
  0x0000000016f59000 JavaThread "Service Thread" daemon [_thread_blocked, id=5020, stack(0x0000000017a70000,0x0000000017b70000)]
  0x0000000016eca000 JavaThread "C1 CompilerThread3" daemon [_thread_blocked, id=14364, stack(0x0000000017970000,0x0000000017a70000)]
=>0x0000000016ec7000 JavaThread "C2 CompilerThread2" daemon [_thread_in_native, id=3132, stack(0x0000000017870000,0x0000000017970000)]
  0x0000000016ebf000 JavaThread "C2 CompilerThread1" daemon [_thread_in_native, id=9600, stack(0x0000000017770000,0x0000000017870000)]
  0x0000000016eba000 JavaThread "C2 CompilerThread0" daemon [_thread_in_native, id=5356, stack(0x0000000017670000,0x0000000017770000)]
  0x0000000016eb7800 JavaThread "Attach Listener" daemon [_thread_blocked, id=1200, stack(0x0000000017570000,0x0000000017670000)]
  0x0000000016eb6000 JavaThread "Signal Dispatcher" daemon [_thread_blocked, id=9932, stack(0x0000000017470000,0x0000000017570000)]
  0x000000000248e800 JavaThread "Finalizer" daemon [_thread_blocked, id=9972, stack(0x0000000017290000,0x0000000017390000)]
  0x0000000002485000 JavaThread "Reference Handler" daemon [_thread_blocked, id=10412, stack(0x0000000016d90000,0x0000000016e90000)]
  0x000000000238d800 JavaThread "main" [_thread_blocked, id=8492, stack(0x00000000021b0000,0x00000000022b0000)]

Other Threads:
  0x0000000014fa9800 VMThread [stack: 0x0000000016c90000,0x0000000016d90000] [id=6068]
  0x0000000016f6b000 WatcherThread [stack: 0x0000000017b70000,0x0000000017c70000] [id=5976]

VM state:not at safepoint (normal execution)

VM Mutex/Monitor currently owned by a thread: None

Heap:
 PSYoungGen      total 36864K, used 32767K [0x00000000eab00000, 0x00000000ef300000, 0x0000000100000000)
  eden space 31744K, 87% used [0x00000000eab00000,0x00000000ec6069c0,0x00000000eca00000)
  from space 5120K, 99% used [0x00000000eca00000,0x00000000ecef9628,0x00000000ecf00000)
  to   space 5120K, 0% used [0x00000000eee00000,0x00000000eee00000,0x00000000ef300000)
 ParOldGen       total 84992K, used 1016K [0x00000000c0000000, 0x00000000c5300000, 0x00000000eab00000)
  object space 84992K, 1% used [0x00000000c0000000,0x00000000c00fe2a8,0x00000000c5300000)
 Metaspace       used 6120K, capacity 7026K, committed 7296K, reserved 1056768K
  class space    used 599K, capacity 618K, committed 640K, reserved 1048576K

Card table byte_map: [0x0000000011850000,0x0000000011a60000] byte_map_base: 0x0000000011250000

Marking Bits: (ParMarkBitMap*) 0x0000000062e40600
 Begin Bits: [0x00000000123c0000, 0x00000000133c0000)
 End Bits:   [0x00000000133c0000, 0x00000000143c0000)

Polling page: 0x0000000000470000

CodeCache: size=245760Kb used=6121Kb max_used=6136Kb free=239638Kb
 bounds [0x0000000002490000, 0x0000000002aa0000, 0x0000000011490000]
 total_blobs=1754 nmethods=1485 adapters=182
 compilation: enabled

Compilation events (10 events):
Event: 2.603 Thread 0x0000000016ec7000 nmethod 1484 0x0000000002a816d0 code [0x0000000002a81840, 0x0000000002a81b18]
Event: 2.603 Thread 0x0000000016ec7000 1485       4       com.android.dx.cf.iface.StdAttributeList::findFirst (44 bytes)
Event: 2.606 Thread 0x0000000016ec7000 nmethod 1485 0x0000000002a81010 code [0x0000000002a81160, 0x0000000002a81458]
Event: 2.606 Thread 0x0000000016ec7000 1486       4       com.android.dx.dex.code.RopTranslator$LocalVariableAwareTranslationVisitor::visitPlainInsn (11 bytes)
Event: 2.679 Thread 0x0000000016ec7000 nmethod 1486 0x0000000002a8f9d0 code [0x0000000002a8fc80, 0x0000000002a91ae0]
Event: 2.679 Thread 0x0000000016ec7000 1490       4       com.android.dx.ssa.Dominators$DfsWalker::visitBlock (59 bytes)
Event: 2.688 Thread 0x0000000016eca000 1494       3       com.android.dx.cf.attrib.BaseLocalVariables::byteLength (14 bytes)
Event: 2.688 Thread 0x0000000016eca000 nmethod 1494 0x0000000002a80b50 code [0x0000000002a80cc0, 0x0000000002a80f10]
Event: 2.689 Thread 0x0000000016ec7000 nmethod 1490 0x0000000002a8d1d0 code [0x0000000002a8d340, 0x0000000002a8d8b8]
Event: 2.689 Thread 0x0000000016ec7000 1493       4       com.android.dx.cf.code.ValueAwareMachine::run (1142 bytes)

GC Heap History (2 events):
Event: 1.606 GC heap before
{Heap before GC invocations=1 (full 0):
 PSYoungGen      total 36864K, used 31744K [0x00000000eab00000, 0x00000000ed400000, 0x0000000100000000)
  eden space 31744K, 100% used [0x00000000eab00000,0x00000000eca00000,0x00000000eca00000)
  from space 5120K, 0% used [0x00000000ecf00000,0x00000000ecf00000,0x00000000ed400000)
  to   space 5120K, 0% used [0x00000000eca00000,0x00000000eca00000,0x00000000ecf00000)
 ParOldGen       total 84992K, used 0K [0x00000000c0000000, 0x00000000c5300000, 0x00000000eab00000)
  object space 84992K, 0% used [0x00000000c0000000,0x00000000c0000000,0x00000000c5300000)
 Metaspace       used 5901K, capacity 6834K, committed 7040K, reserved 1056768K
  class space    used 598K, capacity 618K, committed 640K, reserved 1048576K
Event: 1.634 GC heap after
Heap after GC invocations=1 (full 0):
 PSYoungGen      total 36864K, used 5093K [0x00000000eab00000, 0x00000000ef300000, 0x0000000100000000)
  eden space 31744K, 0% used [0x00000000eab00000,0x00000000eab00000,0x00000000eca00000)
  from space 5120K, 99% used [0x00000000eca00000,0x00000000ecef9628,0x00000000ecf00000)
  to   space 5120K, 0% used [0x00000000eee00000,0x00000000eee00000,0x00000000ef300000)
 ParOldGen       total 84992K, used 1016K [0x00000000c0000000, 0x00000000c5300000, 0x00000000eab00000)
  object space 84992K, 1% used [0x00000000c0000000,0x00000000c00fe2a8,0x00000000c5300000)
 Metaspace       used 5901K, capacity 6834K, committed 7040K, reserved 1056768K
  class space    used 598K, capacity 618K, committed 640K, reserved 1048576K
}

Deoptimization events (10 events):
Event: 0.983 Thread 0x000000001728e800 Uncommon trap: reason=bimorphic action=maybe_recompile pc=0x00000000026b5228 method=java.util.HashMap.getNode(ILjava/lang/Object;)Ljava/util/HashMap$Node; @ 126
Event: 0.983 Thread 0x000000001728e800 Uncommon trap: reason=bimorphic action=maybe_recompile pc=0x00000000026b5228 method=java.util.HashMap.getNode(ILjava/lang/Object;)Ljava/util/HashMap$Node; @ 126
Event: 1.025 Thread 0x0000000017171800 Uncommon trap: reason=class_check action=maybe_recompile pc=0x00000000026fc530 method=com.android.dx.ssa.NormalSsaInsn.accept(Lcom/android/dx/ssa/SsaInsn$Visitor;)V @ 9
Event: 1.025 Thread 0x0000000017171800 Uncommon trap: reason=class_check action=maybe_recompile pc=0x00000000026fc530 method=com.android.dx.ssa.NormalSsaInsn.accept(Lcom/android/dx/ssa/SsaInsn$Visitor;)V @ 9
Event: 1.025 Thread 0x0000000017171800 Uncommon trap: reason=class_check action=maybe_recompile pc=0x00000000026fc530 method=com.android.dx.ssa.NormalSsaInsn.accept(Lcom/android/dx/ssa/SsaInsn$Visitor;)V @ 9
Event: 1.030 Thread 0x0000000017171800 Uncommon trap: reason=class_check action=maybe_recompile pc=0x00000000026fc530 method=com.android.dx.ssa.NormalSsaInsn.accept(Lcom/android/dx/ssa/SsaInsn$Visitor;)V @ 9
Event: 1.425 Thread 0x000000001717f000 Uncommon trap: reason=unstable_if action=reinterpret pc=0x00000000027bdcf8 method=com.android.dx.cf.code.Ropper.labelToResultIndex(I)I @ 34
Event: 1.448 Thread 0x0000000017222800 Uncommon trap: reason=unstable_if action=reinterpret pc=0x00000000027f2030 method=com.android.dx.rop.code.RegisterSpecSet.put(Lcom/android/dx/rop/code/RegisterSpec;)V @ 77
Event: 1.569 Thread 0x0000000017171800 Uncommon trap: reason=unstable_if action=reinterpret pc=0x000000000282a93c method=com.android.dx.util.IntList.binarysearch(I)I @ 105
Event: 1.923 Thread 0x000000001728e800 Uncommon trap: reason=class_check action=maybe_recompile pc=0x0000000002782fdc method=com.android.dx.ssa.NormalSsaInsn.accept(Lcom/android/dx/ssa/SsaInsn$Visitor;)V @ 9

Internal exceptions (2 events):
Event: 0.060 Thread 0x000000000238d800 Exception <a 'java/lang/NoSuchMethodError': Method sun.misc.Unsafe.defineClass(Ljava/lang/String;[BII)Ljava/lang/Class; name or signature does not match> (0x00000000eab07cc0) thrown at [C:\re\workspace\8-2-build-windows-amd64-cygwin\jdk8u72\5732\hotspot\srQâ=‘
°®?
Event: 0.060 Thread 0x000000000238d800 Exception <a 'java/lang/NoSuchMethodError': Method sun.misc.Unsafe.prefetchRead(Ljava/lang/Object;J)V name or signature does not match> (0x00000000eab07fa8) thrown at [C:\re\workspace\8-2-build-windows-amd64-cygwin\jdk8u72\5732\hotspot\src\share\vm\prims\j

Events (10 events):
Event: 1.946 Thread 0x000000000238d800 DEOPT PACKING pc=0x00000000027ef08f sp=0x00000000022ae330
Event: 1.946 Thread 0x000000000238d800 DEOPT UNPACKING pc=0x00000000024d787f sp=0x00000000022ae110 mode 0
Event: 1.964 Thread 0x000000001728e800 DEOPT PACKING pc=0x00000000027eeea5 sp=0x000000001876e600
Event: 1.964 Thread 0x000000001728e800 DEOPT UNPACKING pc=0x00000000024d787f sp=0x000000001876e3e0 mode 0
Event: 1.981 Thread 0x000000001728e800 DEOPT PACKING pc=0x00000000027eeea5 sp=0x000000001876e520
Event: 1.981 Thread 0x000000001728e800 DEOPT UNPACKING pc=0x00000000024d787f sp=0x000000001876e300 mode 0
Event: 2.036 Thread 0x000000001717f000 DEOPT PACKING pc=0x0000000002820f81 sp=0x000000001856eab0
Event: 2.036 Thread 0x000000001717f000 DEOPT UNPACKING pc=0x00000000024d787f sp=0x000000001856e878 mode 0
Event: 2.110 loading class com/android/dx/cf/attrib/AttRuntimeInvisibleAnnotations
Event: 2.110 loading class com/android/dx/cf/attrib/AttRuntimeInvisibleAnnotations done


Dynamic libraries:
0x00007ff77ffa0000 - 0x00007ff77ffd7000 	C:\Program Files\Java\jdk1.8.0_72\bin\java.exe
0x00007ffe87fb0000 - 0x00007ffe88171000 	C:\WINDOWS\SYSTEM32\ntdll.dll
0x00007ffe863e0000 - 0x00007ffe8648d000 	C:\WINDOWS\system32\KERNEL32.DLL
0x00007ffe849e0000 - 0x00007ffe84bc8000 	C:\WINDOWS\system32\KERNELBASE.dll
0x00007ffe86990000 - 0x00007ffe86a37000 	C:\WINDOWS\system32\ADVAPI32.dll
0x00007ffe855a0000 - 0x00007ffe8563d000 	C:\WINDOWS\system32\msvcrt.dll
0x00007ffe85b70000 - 0x00007ffe85bcb000 	C:\WINDOWS\system32\sechost.dll
0x00007ffe86490000 - 0x00007ffe865ac000 	C:\WINDOWS\system32\RPCRT4.dll
0x00007ffe85d90000 - 0x00007ffe85ee6000 	C:\WINDOWS\system32\USER32.dll
0x00007ffe853b0000 - 0x00007ffe85536000 	C:\WINDOWS\system32\GDI32.dll
0x00007ffe80d50000 - 0x00007ffe80fc4000 	C:\WINDOWS\WinSxS\amd64_microsoft.windows.common-controls_6595b64144ccf1df_6.0.10586.0_none_8c15ae12515e1c22\COMCTL32.dll
0x00007ffe86690000 - 0x00007ffe8690d000 	C:\WINDOWS\system32\combase.dll
0x00007ffe846b0000 - 0x00007ffe8471a000 	C:\WINDOWS\system32\bcryptPrimitives.dll
0x00007ffe85980000 - 0x00007ffe859bb000 	C:\WINDOWS\system32\IMM32.DLL
0x00007ffe844c0000 - 0x00007ffe844f1000 	C:\Windows\system32\nvinitx.dll
0x00007ffe844b0000 - 0x00007ffe844ba000 	C:\WINDOWS\SYSTEM32\VERSION.dll
0x0000000065550000 - 0x0000000065556000 	C:\Program Files\NVIDIA Corporation\CoProcManager\_etoured.dll
0x00007ffe82c50000 - 0x00007ffe82c83000 	C:\Program Files\NVIDIA Corporation\CoProcManager\nvd3d9wrapx.dll
0x00007ffe85fb0000 - 0x00007ffe863d9000 	C:\WINDOWS\system32\SETUPAPI.dll
0x00007ffe84660000 - 0x00007ffe846a3000 	C:\WINDOWS\system32\CFGMGR32.dll
0x00007ffe82c10000 - 0x00007ffe82c32000 	C:\Program Files\NVIDIA Corporation\CoProcManager\nvdxgiwrapx.dll
0x00000000632b0000 - 0x0000000063382000 	C:\Program Files\Java\jdk1.8.0_72\jre\bin\msvcr100.dll
0x0000000062630000 - 0x0000000062ec0000 	C:\Program Files\Java\jdk1.8.0_72\jre\bin\server\jvm.dll
0x00007ffe86680000 - 0x00007ffe86688000 	C:\WINDOWS\system32\PSAPI.DLL
0x00007ffe729f0000 - 0x00007ffe729f9000 	C:\WINDOWS\SYSTEM32\WSOCK32.dll
0x00007ffe86910000 - 0x00007ffe8697b000 	C:\WINDOWS\system32\WS2_32.dll
0x00007ffe82b00000 - 0x00007ffe82b23000 	C:\WINDOWS\SYSTEM32\WINMM.dll
0x00007ffe82a70000 - 0x00007ffe82a9c000 	C:\WINDOWS\SYSTEM32\WINMMBASE.dll
0x0000000063720000 - 0x000000006372f000 	C:\Program Files\Java\jdk1.8.0_72\jre\bin\verify.dll
0x00000000636f0000 - 0x0000000063719000 	C:\Program Files\Java\jdk1.8.0_72\jre\bin\java.dll
0x00000000636d0000 - 0x00000000636e6000 	C:\Program Files\Java\jdk1.8.0_72\jre\bin\zip.dll
0x00007ffe86a50000 - 0x00007ffe87fac000 	C:\WINDOWS\system32\SHELL32.dll
0x00007ffe84d60000 - 0x00007ffe853a5000 	C:\WINDOWS\system32\windows.storage.dll
0x00007ffe85540000 - 0x00007ffe85592000 	C:\WINDOWS\system32\shlwapi.dll
0x00007ffe84620000 - 0x00007ffe8462f000 	C:\WINDOWS\system32\kernel.appcore.dll
0x00007ffe84bd0000 - 0x00007ffe84c85000 	C:\WINDOWS\system32\shcore.dll
0x00007ffe845d0000 - 0x00007ffe8461b000 	C:\WINDOWS\system32\powrprof.dll
0x00007ffe84630000 - 0x00007ffe84644000 	C:\WINDOWS\system32\profapi.dll

VM Arguments:
jvm_args: -Djava.awt.headless=true -Xmx1024M -Dfile.encoding=windows-1252 -Duser.country=US -Duser.language=en -Duser.variant 
java_command: com.android.dx.command.Main --dex --num-threads=4 --output C:\Users\qasim\AndroidStudioProjects\GoogleMapApp\app\build\intermediates\pre-dexed\debug\com.google.android.gms-play-services-wearable-8.4.0_97261256a677918e3c1be5833396d9f8fbf74c99.jar C:\Users\qasim\AndroidStudioProjects\GoogleMapApp\app\build\intermediates\exploded-aar\com.google.android.gms\play-services-wearable\8.4.0\jars\classes.jar
java_class_path (initial): C:\Users\qasim\AppData\Local\Android\sdk1\build-tools\23.0.2\lib\dx.jar
Launcher Type: SUN_STANDARD

Environment Variables:
PATH=C:\app\admin\product\12.1.0\dbhome_1\bin;C:\oracle\product\10.2.0\db_1\bin;C:\DevSuiteHome_1\jdk\jre\bin\classic;C:\DevSuiteHome_1\jdk\jre\bin;C:\DevSuiteHome_1\jdk\jre\bin\client;C:\DevSuiteHome_1\jlib;C:\DevSuiteHome_1\bin;C:\DevSuiteHome_1\jre\1.4.2\bin\client;C:\DevSuiteHome_1\jre\1.4.2\bin;C:\Program Files (x86)\Common Files\Intel\Shared Files\cpp\bin\Intel64;C:\ProgramData\Oracle\Java\javapath;C:\Windows\system32;C:\Windows;C:\Windows\System32\Wbem;C:\Windows\System32\WindowsPowerShell\v1.0\;C:\Program Files (x86)\NVIDIA Corporation\PhysX\Common;C:\WINDOWS\system32;C:\WINDOWS;C:\WINDOWS\System32\Wbem;C:\WINDOWS\System32\WindowsPowerShell\v1.0\;C:\Program Files (x86)\QT Lite\QTSystem;C:\Program Files (x86)\Skype\Phone\;C:\Program Files (x86)\Windows Kits\8.1\Windows Performance Toolkit\;C:\Program Files\Microsoft SQL Server\110\Tools\Binn\;C:\Program Files\Common Files\Autodesk Shared\;C:\Program Files (x86)\Autodesk\Backburner\;C:\Program Files (x86)\Ruby22\bin
USERNAME=qasim
OS=Windows_NT
PROCESSOR_IDENTIFIER=Intel64 Family 6 Model 58 Stepping 9, GenuineIntel



---------------  S Y S T E M  ---------------

OS: Windows 10.0 , 64 bit Build 10586 (10.0.10586.0)

CPU:total 8 (4 cores per cpu, 2 threads per core) family 6 model 58 stepping 9, cmov, cx8, fxsr, mmx, sse, sse2, sse3, ssse3, sse4.1, sse4.2, popcnt, avx, aes, clmul, erms, ht, tsc, tscinvbit, tscinv

Memory: 4k page, physical 8074748k(2293028k free), swap 10000892k(5124k free)

vm_info: Java HotSpot(TM) 64-Bit Server VM (25.72-b15) for windows-amd64 JRE (1.8.0_72-b15), built on Dec 22 2015 19:16:16 by "java_re" with MS VC++ 10.0 (VS2010)

time: Mon Feb 15 23:17:59 2016
elapsed time: 2 seconds (0d 0h 0m 2s)

