#
# There is insufficient memory for the Java Runtime Environment to continue.
# Native memory allocation (malloc) failed to allocate 262160 bytes for Chunk::new
# Possible reasons:
#   The system is out of physical RAM or swap space
#   In 32 bit mode, the process size limit was hit
# Possible solutions:
#   Reduce memory load on the system
#   Increase physical memory or swap space
#   Check if swap backing store is full
#   Use 64 bit Java on a 64 bit OS
#   Decrease Java heap size (-Xmx/-Xms)
#   Decrease number of Java threads
#   Decrease Java thread stack sizes (-Xss)
#   Set larger code cache with -XX:ReservedCodeCacheSize=
# This output file may be truncated or incomplete.
#
#  Out of Memory Error (allocation.cpp:390), pid=5084, tid=8476
#
# JRE version: Java(TM) SE Runtime Environment (8.0_72-b15) (build 1.8.0_72-b15)
# Java VM: Java HotSpot(TM) 64-Bit Server VM (25.72-b15 mixed mode windows-amd64 compressed oops)
# Failed to write core dump. Minidumps are not enabled by default on client versions of Windows
#

---------------  T H R E A D  ---------------

Current thread (0x0000000016cea000):  JavaThread "C2 CompilerThread0" daemon [_thread_in_native, id=8476, stack(0x00000000174a0000,0x00000000175a0000)]

Stack: [0x00000000174a0000,0x00000000175a0000]
[error occurred during error reporting (printing stack bounds), id 0xc0000005]

Native frames: (J=compiled Java code, j=interpreted, Vv=VM code, C=native code)


Current CompileTask:
C2:   4057 1687       4       com.android.dx.rop.code.Rops::ropFor (771 bytes)


---------------  P R O C E S S  ---------------

Java Threads: ( => current thread )
  0x0000000017b33800 JavaThread "pool-1-thread-4" [_thread_blocked, id=7088, stack(0x00000000186a0000,0x00000000187a0000)]
  0x0000000017b32800 JavaThread "pool-1-thread-3" [_thread_blocked, id=8340, stack(0x00000000185a0000,0x00000000186a0000)]
  0x000000001700a800 JavaThread "pool-1-thread-2" [_thread_blocked, id=13140, stack(0x00000000184a0000,0x00000000185a0000)]
  0x0000000017abf000 JavaThread "pool-2-thread-1" [_thread_blocked, id=10592, stack(0x00000000183a0000,0x00000000184a0000)]
  0x00000000170ba800 JavaThread "pool-1-thread-1" [_thread_in_Java, id=2416, stack(0x00000000182a0000,0x00000000183a0000)]
  0x0000000016d96800 JavaThread "Service Thread" daemon [_thread_blocked, id=12568, stack(0x00000000178a0000,0x00000000179a0000)]
  0x0000000016cf6800 JavaThread "C1 CompilerThread3" daemon [_thread_blocked, id=14916, stack(0x00000000177a0000,0x00000000178a0000)]
  0x0000000016cf1800 JavaThread "C2 CompilerThread2" daemon [_thread_in_native, id=6288, stack(0x00000000176a0000,0x00000000177a0000)]
  0x0000000016cec800 JavaThread "C2 CompilerThread1" daemon [_thread_in_native, id=7156, stack(0x00000000175a0000,0x00000000176a0000)]
=>0x0000000016cea000 JavaThread "C2 CompilerThread0" daemon [_thread_in_native, id=8476, stack(0x00000000174a0000,0x00000000175a0000)]
  0x0000000016ce7800 JavaThread "Attach Listener" daemon [_thread_blocked, id=13276, stack(0x00000000173a0000,0x00000000174a0000)]
  0x0000000014dee800 JavaThread "Signal Dispatcher" daemon [_thread_blocked, id=5744, stack(0x00000000172a0000,0x00000000173a0000)]
  0x0000000016ce0800 JavaThread "Finalizer" daemon [_thread_blocked, id=1392, stack(0x00000000170c0000,0x00000000171c0000)]
  0x00000000022b5000 JavaThread "Reference Handler" daemon [_thread_blocked, id=10792, stack(0x0000000016bc0000,0x0000000016cc0000)]
  0x000000000209d800 JavaThread "main" [_thread_blocked, id=6272, stack(0x00000000020c0000,0x00000000021c0000)]

Other Threads:
  0x0000000014dd9800 VMThread [stack: 0x0000000016ac0000,0x0000000016bc0000] [id=10396]
  0x0000000016d98800 WatcherThread [stack: 0x00000000179a0000,0x0000000017aa0000] [id=2396]

VM state:not at safepoint (normal execution)

VM Mutex/Monitor currently owned by a thread: None

Heap:
 PSYoungGen      total 68608K, used 36551K [0x00000000eab00000, 0x00000000ef300000, 0x0000000100000000)
  eden space 63488K, 49% used [0x00000000eab00000,0x00000000ec9b32e0,0x00000000ee900000)
  from space 5120K, 99% used [0x00000000eee00000,0x00000000ef2feac8,0x00000000ef300000)
  to   space 5120K, 0% used [0x00000000ee900000,0x00000000ee900000,0x00000000eee00000)
 ParOldGen       total 84992K, used 2402K [0x00000000c0000000, 0x00000000c5300000, 0x00000000eab00000)
  object space 84992K, 2% used [0x00000000c0000000,0x00000000c0258ba0,0x00000000c5300000)
 Metaspace       used 6221K, capacity 7090K, committed 7296K, reserved 1056768K
  class space    used 602K, capacity 618K, committed 640K, reserved 1048576K

Card table byte_map: [0x0000000011680000,0x0000000011890000] byte_map_base: 0x0000000011080000

Marking Bits: (ParMarkBitMap*) 0x0000000062e40600
 Begin Bits: [0x00000000121f0000, 0x00000000131f0000)
 End Bits:   [0x00000000131f0000, 0x00000000141f0000)

Polling page: 0x0000000000530000

CodeCache: size=245760Kb used=7211Kb max_used=7222Kb free=238548Kb
 bounds [0x00000000022c0000, 0x00000000029e0000, 0x00000000112c0000]
 total_blobs=1946 nmethods=1677 adapters=182
 compilation: enabled

Compilation events (10 events):
Event: 4.029 Thread 0x0000000016cf1800 nmethod 1700 0x000000000299fdd0 code [0x000000000299ff60, 0x00000000029a04d8]
Event: 4.029 Thread 0x0000000016cf1800 1703 %     4       com.android.dx.ssa.SsaConverter::placePhiFunctions @ 229 (394 bytes)
Event: 4.040 Thread 0x0000000016cf6800 1707       3       com.android.dx.rop.code.Rops::pickIf (154 bytes)
Event: 4.041 Thread 0x0000000016cf6800 nmethod 1707 0x00000000029cf9d0 code [0x00000000029cfc60, 0x00000000029d0dd8]
Event: 4.045 Thread 0x0000000016cec800 nmethod 1696 0x00000000029d3bd0 code [0x00000000029d3da0, 0x00000000029d4bc8]
Event: 4.045 Thread 0x0000000016cec800 1708       4       com.android.dx.ssa.LiteralOpUpgrader$1::visitNonMoveInsn (203 bytes)
Event: 4.054 Thread 0x0000000016cf6800 1711       3       com.android.dx.rop.annotation.NameValuePair::<init> (43 bytes)
Event: 4.054 Thread 0x0000000016cf6800 nmethod 1711 0x00000000029a0dd0 code [0x00000000029a0f60, 0x00000000029a1318]
Event: 4.054 Thread 0x0000000016cf6800 1712       3       com.android.dx.rop.annotation.Annotation::put (32 bytes)
Event: 4.055 Thread 0x0000000016cf6800 nmethod 1712 0x00000000029c96d0 code [0x00000000029c9880, 0x00000000029c9da8]

GC Heap History (4 events):
Event: 1.299 GC heap before
{Heap before GC invocations=1 (full 0):
 PSYoungGen      total 36864K, used 31744K [0x00000000eab00000, 0x00000000ed400000, 0x0000000100000000)
  eden space 31744K, 100% used [0x00000000eab00000,0x00000000eca00000,0x00000000eca00000)
  from space 5120K, 0% used [0x00000000ecf00000,0x00000000ecf00000,0x00000000ed400000)
  to   space 5120K, 0% used [0x00000000eca00000,0x00000000eca00000,0x00000000ecf00000)
 ParOldGen       total 84992K, used 0K [0x00000000c0000000, 0x00000000c5300000, 0x00000000eab00000)
  object space 84992K, 0% used [0x00000000c0000000,0x00000000c0000000,0x00000000c5300000)
 Metaspace       used 5819K, capacity 6768K, committed 7040K, reserved 1056768K
  class space    used 597K, capacity 616K, committed 640K, reserved 1048576K
Event: 1.428 GC heap after
Heap after GC invocations=1 (full 0):
 PSYoungGen      total 36864K, used 4800K [0x00000000eab00000, 0x00000000ef300000, 0x0000000100000000)
  eden space 31744K, 0% used [0x00000000eab00000,0x00000000eab00000,0x00000000eca00000)
  from space 5120K, 93% used [0x00000000eca00000,0x00000000eceb0398,0x00000000ecf00000)
  to   space 5120K, 0% used [0x00000000eee00000,0x00000000eee00000,0x00000000ef300000)
 ParOldGen       total 84992K, used 16K [0x00000000c0000000, 0x00000000c5300000, 0x00000000eab00000)
  object space 84992K, 0% used [0x00000000c0000000,0x00000000c0004000,0x00000000c5300000)
 Metaspace       used 5819K, capacity 6768K, committed 7040K, reserved 1056768K
  class space    used 597K, capacity 616K, committed 640K, reserved 1048576K
}
Event: 2.359 GC heap before
{Heap before GC invocations=2 (full 0):
 PSYoungGen      total 36864K, used 36544K [0x00000000eab00000, 0x00000000ef300000, 0x0000000100000000)
  eden space 31744K, 100% used [0x00000000eab00000,0x00000000eca00000,0x00000000eca00000)
  from space 5120K, 93% used [0x00000000eca00000,0x00000000eceb0398,0x00000000ecf00000)
  to   space 5120K, 0% used [0x00000000eee00000,0x00000000eee00000,0x00000000ef300000)
 ParOldGen       total 84992K, used 16K [0x00000000c0000000, 0x00000000c5300000, 0x00000000eab00000)
  object space 84992K, 0% used [0x00000000c0000000,0x00000000c0004000,0x00000000c5300000)
 Metaspace       used 6089K, capacity 6960K, committed 7040K, reserved 1056768K
  class space    used 597K, capacity 616K, committed 640K, reserved 1048576K
Event: 2.980 GC heap after
Heap after GC invocations=2 (full 0):
 PSYoungGen      total 68608K, used 5114K [0x00000000eab00000, 0x00000000ef300000, 0x0000000100000000)
  eden space 63488K, 0% used [0x00000000eab00000,0x00000000eab00000,0x00000000ee900000)
  from space 5120K, 99% used [0x00000000eee00000,0x00000000ef2feac8,0x00000000ef300000)
  to   space 5120K, 0% used [0x00000000ee900000,0x00000000ee900000,0x00000000eee00000)
 ParOldGen       total 84992K, used 2402K [0x00000000c0000000, 0x00000000c5300000, 0x00000000eab00000)
  object space 84992K, 2% used [0x00000000c0000000,0x00000000c0258ba0,0x00000000c5300000)
 Metaspace       used 6089K, capacity 6960K, committed 7040K, reserved 1056768K
  class space    used 597K, capacity 616K, committed 640K, reserved 1048576K
}

Deoptimization events (10 events):
Event: 1.839 Thread 0x00000000170ba800 Uncommon trap: reason=unstable_if action=reinterpret pc=0x000000000251cb1c method=com.android.dx.rop.cst.Constant.compareTo(Lcom/android/dx/rop/cst/Constant;)I @ 12
Event: 2.068 Thread 0x00000000170ba800 Uncommon trap: reason=null_check action=make_not_entrant pc=0x0000000002521460 method=com.android.dx.rop.type.Type.equals(Ljava/lang/Object;)Z @ 8
Event: 2.068 Thread 0x00000000170ba800 Uncommon trap: reason=unstable_if action=reinterpret pc=0x0000000002700654 method=com.android.dx.cf.code.Merger.mergeType(Lcom/android/dx/rop/type/TypeBearer;Lcom/android/dx/rop/type/TypeBearer;)Lcom/android/dx/rop/type/TypeBearer; @ 15
Event: 2.102 Thread 0x000000001700a800 Uncommon trap: reason=unstable_if action=reinterpret pc=0x00000000027e2b94 method=com.android.dx.ssa.SCCP.simulateBranch(Lcom/android/dx/ssa/SsaInsn;)V @ 118
Event: 2.267 Thread 0x000000000209d800 Uncommon trap: reason=unstable_if action=reinterpret pc=0x00000000027781d0 method=com.android.dx.ssa.LiteralOpUpgrader$1.visitNonMoveInsn(Lcom/android/dx/ssa/NormalSsaInsn;)V @ 151
Event: 3.538 Thread 0x00000000170ba800 Uncommon trap: reason=unstable_if action=reinterpret pc=0x00000000028f9bc0 method=com.android.dx.ssa.LocalVariableExtractor.processBlock(I)V @ 77
Event: 3.539 Thread 0x00000000170ba800 Uncommon trap: reason=unstable_if action=reinterpret pc=0x0000000002913060 method=com.android.dx.ssa.back.IdenticalBlockCombiner.combineBlocks(ILcom/android/dx/util/IntList;)V @ 11
Event: 3.539 Thread 0x00000000170ba800 Uncommon trap: reason=unstable_if action=reinterpret pc=0x00000000027d3220 method=com.android.dx.util.LabeledList.set(ILcom/android/dx/util/LabeledItem;)V @ 16
Event: 3.559 Thread 0x00000000170ba800 Uncommon trap: reason=unstable_if action=reinterpret pc=0x000000000291fb54 method=com.android.dx.ssa.SsaBasicBlock.newFromRop(Lcom/android/dx/rop/code/RopMethod;ILcom/android/dx/ssa/SsaMethod;)Lcom/android/dx/ssa/SsaBasicBlock; @ 164
Event: 3.563 Thread 0x00000000170ba800 Uncommon trap: reason=unstable_if action=reinterpret pc=0x0000000002923994 method=com.android.dx.ssa.SsaMethod.blockIndexToRopLabel(I)I @ 1

Internal exceptions (3 events):
Event: 0.204 Thread 0x000000000209d800 Exception <a 'java/lang/NoSuchMethodError': Method sun.misc.Unsafe.defineClass(Ljava/lang/String;[BII)Ljava/lang/Class; name or signature does not match> (0x00000000eab07cc0) thrown at [C:\re\workspace\8-2-build-windows-amd64-cygwin\jdk8u72\5732\hotspot\sr)‚ÉË€Ê?
Event: 0.204 Thread 0x000000000209d800 Exception <a 'java/lang/NoSuchMethodError': Method sun.misc.Unsafe.prefetchRead(Ljava/lang/Object;J)V name or signature does not match> (0x00000000eab07fa8) thrown at [C:\re\workspace\8-2-build-windows-amd64-cygwin\jdk8u72\5732\hotspot\src\share\vm\prims\jÿÆËŒ
Event: 2.068 Thread 0x00000000170ba800 Implicit null exception at 0x0000000002521362 to 0x0000000002521452

Events (10 events):
Event: 3.539 Thread 0x00000000170ba800 DEOPT PACKING pc=0x00000000027d3220 sp=0x000000001839e7f0
Event: 3.539 Thread 0x00000000170ba800 DEOPT UNPACKING pc=0x000000000230582a sp=0x000000001839e7d8 mode 2
Event: 3.559 Thread 0x00000000170ba800 Uncommon trap: trap_request=0xffffff65 fr.pc=0x000000000291fb54
Event: 3.559 Thread 0x00000000170ba800 DEOPT PACKING pc=0x000000000291fb54 sp=0x000000001839e960
Event: 3.559 Thread 0x00000000170ba800 DEOPT UNPACKING pc=0x000000000230582a sp=0x000000001839e958 mode 2
Event: 3.563 Thread 0x00000000170ba800 Uncommon trap: trap_request=0xffffff65 fr.pc=0x0000000002923994
Event: 3.563 Thread 0x00000000170ba800 DEOPT PACKING pc=0x0000000002923994 sp=0x000000001839e950
Event: 3.563 Thread 0x00000000170ba800 DEOPT UNPACKING pc=0x000000000230582a sp=0x000000001839e878 mode 2
Event: 3.905 Thread 0x00000000170ba800 DEOPT PACKING pc=0x00000000026cdc6c sp=0x000000001839e980
Event: 3.905 Thread 0x00000000170ba800 DEOPT UNPACKING pc=0x000000000230787f sp=0x000000001839e700 mode 0


Dynamic libraries:
0x00007ff77ffa0000 - 0x00007ff77ffd7000 	C:\Program Files\Java\jdk1.8.0_72\bin\java.exe
0x00007ffe87fb0000 - 0x00007ffe88171000 	C:\WINDOWS\SYSTEM32\ntdll.dll
0x00007ffe863e0000 - 0x00007ffe8648d000 	C:\WINDOWS\system32\KERNEL32.DLL
0x00007ffe849e0000 - 0x00007ffe84bc8000 	C:\WINDOWS\system32\KERNELBASE.dll
0x00007ffe86990000 - 0x00007ffe86a37000 	C:\WINDOWS\system32\ADVAPI32.dll
0x00007ffe855a0000 - 0x00007ffe8563d000 	C:\WINDOWS\system32\msvcrt.dll
0x00007ffe85b70000 - 0x00007ffe85bcb000 	C:\WINDOWS\system32\sechost.dll
0x00007ffe86490000 - 0x00007ffe865ac000 	C:\WINDOWS\system32\RPCRT4.dll
0x00007ffe85d90000 - 0x00007ffe85ee6000 	C:\WINDOWS\system32\USER32.dll
0x00007ffe853b0000 - 0x00007ffe85536000 	C:\WINDOWS\system32\GDI32.dll
0x00007ffe80d50000 - 0x00007ffe80fc4000 	C:\WINDOWS\WinSxS\amd64_microsoft.windows.common-controls_6595b64144ccf1df_6.0.10586.0_none_8c15ae12515e1c22\COMCTL32.dll
0x00007ffe86690000 - 0x00007ffe8690d000 	C:\WINDOWS\system32\combase.dll
0x00007ffe846b0000 - 0x00007ffe8471a000 	C:\WINDOWS\system32\bcryptPrimitives.dll
0x00007ffe85980000 - 0x00007ffe859bb000 	C:\WINDOWS\system32\IMM32.DLL
0x00007ffe844c0000 - 0x00007ffe844f1000 	C:\Windows\system32\nvinitx.dll
0x00007ffe844b0000 - 0x00007ffe844ba000 	C:\WINDOWS\SYSTEM32\VERSION.dll
0x0000000065550000 - 0x0000000065556000 	C:\Program Files\NVIDIA Corporation\CoProcManager\_etoured.dll
0x00007ffe82c50000 - 0x00007ffe82c83000 	C:\Program Files\NVIDIA Corporation\CoProcManager\nvd3d9wrapx.dll
0x00007ffe85fb0000 - 0x00007ffe863d9000 	C:\WINDOWS\system32\SETUPAPI.dll
0x00007ffe84660000 - 0x00007ffe846a3000 	C:\WINDOWS\system32\CFGMGR32.dll
0x00007ffe82c10000 - 0x00007ffe82c32000 	C:\Program Files\NVIDIA Corporation\CoProcManager\nvdxgiwrapx.dll
0x00000000632b0000 - 0x0000000063382000 	C:\Program Files\Java\jdk1.8.0_72\jre\bin\msvcr100.dll
0x0000000062630000 - 0x0000000062ec0000 	C:\Program Files\Java\jdk1.8.0_72\jre\bin\server\jvm.dll
0x00007ffe86680000 - 0x00007ffe86688000 	C:\WINDOWS\system32\PSAPI.DLL
0x00007ffe729f0000 - 0x00007ffe729f9000 	C:\WINDOWS\SYSTEM32\WSOCK32.dll
0x00007ffe86910000 - 0x00007ffe8697b000 	C:\WINDOWS\system32\WS2_32.dll
0x00007ffe82b00000 - 0x00007ffe82b23000 	C:\WINDOWS\SYSTEM32\WINMM.dll
0x00007ffe82a70000 - 0x00007ffe82a9c000 	C:\WINDOWS\SYSTEM32\WINMMBASE.dll
0x0000000063720000 - 0x000000006372f000 	C:\Program Files\Java\jdk1.8.0_72\jre\bin\verify.dll
0x00000000636f0000 - 0x0000000063719000 	C:\Program Files\Java\jdk1.8.0_72\jre\bin\java.dll
0x00000000636d0000 - 0x00000000636e6000 	C:\Program Files\Java\jdk1.8.0_72\jre\bin\zip.dll
0x00007ffe86a50000 - 0x00007ffe87fac000 	C:\WINDOWS\system32\SHELL32.dll
0x00007ffe84d60000 - 0x00007ffe853a5000 	C:\WINDOWS\system32\windows.storage.dll
0x00007ffe85540000 - 0x00007ffe85592000 	C:\WINDOWS\system32\shlwapi.dll
0x00007ffe84620000 - 0x00007ffe8462f000 	C:\WINDOWS\system32\kernel.appcore.dll
0x00007ffe84bd0000 - 0x00007ffe84c85000 	C:\WINDOWS\system32\shcore.dll
0x00007ffe845d0000 - 0x00007ffe8461b000 	C:\WINDOWS\system32\powrprof.dll
0x00007ffe84630000 - 0x00007ffe84644000 	C:\WINDOWS\system32\profapi.dll

VM Arguments:
jvm_args: -Djava.awt.headless=true -Xmx1024M -Dfile.encoding=windows-1252 -Duser.country=US -Duser.language=en -Duser.variant 
java_command: com.android.dx.command.Main --dex --num-threads=4 --output C:\Users\qasim\AndroidStudioProjects\GoogleMapApp\app\build\intermediates\pre-dexed\debug\com.google.android.gms-play-services-games-8.4.0_73e77d2490f355d39277ba0212be9e5e6c75a32a.jar C:\Users\qasim\AndroidStudioProjects\GoogleMapApp\app\build\intermediates\exploded-aar\com.google.android.gms\play-services-games\8.4.0\jars\classes.jar
java_class_path (initial): C:\Users\qasim\AppData\Local\Android\sdk1\build-tools\23.0.2\lib\dx.jar
Launcher Type: SUN_STANDARD

Environment Variables:
PATH=C:\app\admin\product\12.1.0\dbhome_1\bin;C:\oracle\product\10.2.0\db_1\bin;C:\DevSuiteHome_1\jdk\jre\bin\classic;C:\DevSuiteHome_1\jdk\jre\bin;C:\DevSuiteHome_1\jdk\jre\bin\client;C:\DevSuiteHome_1\jlib;C:\DevSuiteHome_1\bin;C:\DevSuiteHome_1\jre\1.4.2\bin\client;C:\DevSuiteHome_1\jre\1.4.2\bin;C:\Program Files (x86)\Common Files\Intel\Shared Files\cpp\bin\Intel64;C:\ProgramData\Oracle\Java\javapath;C:\Windows\system32;C:\Windows;C:\Windows\System32\Wbem;C:\Windows\System32\WindowsPowerShell\v1.0\;C:\Program Files (x86)\NVIDIA Corporation\PhysX\Common;C:\WINDOWS\system32;C:\WINDOWS;C:\WINDOWS\System32\Wbem;C:\WINDOWS\System32\WindowsPowerShell\v1.0\;C:\Program Files (x86)\QT Lite\QTSystem;C:\Program Files (x86)\Skype\Phone\;C:\Program Files (x86)\Windows Kits\8.1\Windows Performance Toolkit\;C:\Program Files\Microsoft SQL Server\110\Tools\Binn\;C:\Program Files\Common Files\Autodesk Shared\;C:\Program Files (x86)\Autodesk\Backburner\;C:\Program Files (x86)\Ruby22\bin
USERNAME=qasim
OS=Windows_NT
PROCESSOR_IDENTIFIER=Intel64 Family 6 Model 58 Stepping 9, GenuineIntel



---------------  S Y S T E M  ---------------

OS: Windows 10.0 , 64 bit Build 10586 (10.0.10586.0)

CPU:total 8 (4 cores per cpu, 2 threads per core) family 6 model 58 stepping 9, cmov, cx8, fxsr, mmx, sse, sse2, sse3, ssse3, sse4.1, sse4.2, popcnt, avx, aes, clmul, erms, ht, tsc, tscinvbit, tscinv

Memory: 4k page, physical 8074748k(2207908k free), swap 10000892k(9244k free)

vm_info: Java HotSpot(TM) 64-Bit Server VM (25.72-b15) for windows-amd64 JRE (1.8.0_72-b15), built on Dec 22 2015 19:16:16 by "java_re" with MS VC++ 10.0 (VS2010)

time: Mon Feb 15 23:18:39 2016
elapsed time: 4 seconds (0d 0h 0m 4s)

